Log file open, 09/25/22 15:06:57
LogInit:Display: Running engine for game: IGME797_FinalProject
LogPlatformFile: Not using cached read wrapper
LogInit:Display: RandInit(946522236) SRandInit(946522237).
LogTaskGraph: Started task graph with 5 named threads and 12 total threads with 1 sets of task threads.
LogStats: Stats thread started at 0.653323
LogInit: Using libcurl 7.47.1
LogInit:  - built for x86_64-pc-win32
LogInit:  - supports SSL with OpenSSL/1.0.2g
LogInit:  - supports HTTP deflate (compression) using libz 1.2.8
LogInit:  - other features:
LogInit:      CURL_VERSION_SSL
LogInit:      CURL_VERSION_LIBZ
LogInit:      CURL_VERSION_IPV6
LogInit:      CURL_VERSION_ASYNCHDNS
LogInit:      CURL_VERSION_LARGEFILE
LogInit:      CURL_VERSION_IDN
LogInit:  CurlRequestOptions (configurable via config and command line):
LogInit:  - bVerifyPeer = false  - Libcurl will NOT verify peer certificate
LogInit:  - bUseHttpProxy = false  - Libcurl will NOT use HTTP proxy
LogInit:  - bDontReuseConnections = false  - Libcurl will reuse connections
LogInit:  - CertBundlePath = nullptr  - Libcurl will use whatever was configured at build time.
LogInit: Build: ++UE4+Release-4.16-CL-3561208
LogInit: Engine Version: 4.16.3-3561208+++UE4+Release-4.16
LogInit: Compatible Engine Version: 4.16.0-3452394+++UE4+Release-4.16
LogInit: Net CL: 3452394
LogDevObjectVersion: Number of dev versions registered: 16
LogDevObjectVersion:   Dev-Blueprints (B0D832E4-1F89-4F0D-ACCF-7EB736FD4AA2): 9
LogDevObjectVersion:   Dev-Build (E1C64328-A22C-4D53-A36C-8E866417BD8C): 0
LogDevObjectVersion:   Dev-Core (375EC13C-06E4-48FB-B500-84F0262A717E): 2
LogDevObjectVersion:   Dev-Editor (E4B068ED-F494-42E9-A231-DA0B2E46BB41): 17
LogDevObjectVersion:   Dev-Framework (CFFC743F-43B0-4480-9391-14DF171D2073): 23
LogDevObjectVersion:   Dev-Mobile (B02B49B5-BB20-44E9-A304-32B752E40360): 0
LogDevObjectVersion:   Dev-Networking (A4E4105C-59A1-49B5-A7C5-40C4547EDFEE): 0
LogDevObjectVersion:   Dev-Online (39C831C9-5AE6-47DC-9A44-9C173E1C8E7C): 0
LogDevObjectVersion:   Dev-Physics (78F01B33-EBEA-4F98-B9B4-84EACCB95AA2): 0
LogDevObjectVersion:   Dev-Platform (6631380F-2D4D-43E0-8009-CF276956A95A): 0
LogDevObjectVersion:   Dev-Rendering (12F88B9F-8875-4AFC-A67C-D90C383ABD29): 15
LogDevObjectVersion:   Dev-Sequencer (7B5AE74C-D270-4C10-A958-57980B212A5A): 4
LogDevObjectVersion:   Dev-VR (D7296918-1DD6-4BDD-9DE2-64A83CC13884): 0
LogDevObjectVersion:   Dev-LoadTimes (C2A15278-BFE7-4AFE-6C17-90FF531DF755): 1
LogDevObjectVersion:   Private-Geometry (6EACA3D4-40EC-4CC1-B786-8BED09428FC5): 1
LogDevObjectVersion:   Dev-AnimPhys (29E575DD-E0A3-4627-9D10-D276232CDCEA): 3
LogInit: Compiled (64-bit): Jul 28 2017 11:49:47
LogInit: Compiled with Visual C++: 19.00.24215.01
LogInit: Build Configuration: Development
LogInit: Branch Name: ++UE4+Release-4.16
LogInit: Command line:  
LogInit: Base directory: D:/Games/UE_4.16/Engine/Binaries/Win64/
LogInit: Installed Engine Build: 1
LogInit: Presizing for max 8388607 objects, including 0 objects not considered by GC, pre-allocating 0 bytes for permanent pool.
LogInit: Object subsystem initialized
[2022.09.25-19.06.58:428][  0]LogInit: Selected Device Profile: [Windows]
[2022.09.25-19.06.58:428][  0]LogInit: Applying CVar settings loaded from the selected device profile: [Windows]
[2022.09.25-19.06.58:450][  0]LogInit: Computer: PARTH
[2022.09.25-19.06.58:450][  0]LogInit: User: Heisen
[2022.09.25-19.06.58:450][  0]LogInit: CPU Page size=4096, Cores=8
[2022.09.25-19.06.58:450][  0]LogInit: High frequency timer resolution =10.000000 MHz
[2022.09.25-19.06.58:450][  0]LogMemory: Memory total: Physical=15.4GB (16GB approx)
[2022.09.25-19.06.58:450][  0]LogMemory: Platform Memory Stats for Windows
[2022.09.25-19.06.58:450][  0]LogMemory: Process Physical Memory: 277.17 MB used, 277.18 MB peak
[2022.09.25-19.06.58:450][  0]LogMemory: Process Virtual Memory: 267.39 MB used, 267.39 MB peak
[2022.09.25-19.06.58:450][  0]LogMemory: Physical Memory: 7473.07 MB used,  8319.27 MB free, 15792.34 MB total
[2022.09.25-19.06.58:450][  0]LogMemory: Virtual Memory: 4769.76 MB used,  8319.27 MB free, 134217728.00 MB total
[2022.09.25-19.06.58:689][  0]LogInit: Using OS detected language (en-US).
[2022.09.25-19.06.58:689][  0]LogInit: Using OS detected locale (en-US).
[2022.09.25-19.06.58:746][  0]LogTextLocalizationManager: No specific localization for 'en-US' exists, so the 'en' localization will be used.
[2022.09.25-19.07.01:212][  0]LogD3D11RHI: D3D11 adapters:
[2022.09.25-19.07.01:311][  0]LogD3D11RHI:    0. 'NVIDIA GeForce RTX 3060 Laptop GPU' (Feature Level 11_0)
[2022.09.25-19.07.01:311][  0]LogD3D11RHI:       6023/0/7896 MB DedicatedVideo/DedicatedSystem/SharedSystem, Outputs:1, VendorId:0x10de
[2022.09.25-19.07.01:347][  0]LogD3D11RHI:    1. 'AMD Radeon(TM) Graphics' (Feature Level 11_0)
[2022.09.25-19.07.01:347][  0]LogD3D11RHI:       496/0/7896 MB DedicatedVideo/DedicatedSystem/SharedSystem, Outputs:0, VendorId:0x1002
[2022.09.25-19.07.01:349][  0]LogD3D11RHI:    2. 'Microsoft Basic Render Driver' (Feature Level 11_0)
[2022.09.25-19.07.01:349][  0]LogD3D11RHI:       0/0/7896 MB DedicatedVideo/DedicatedSystem/SharedSystem, Outputs:0, VendorId:0x1414
[2022.09.25-19.07.01:349][  0]LogD3D11RHI: Chosen D3D11 Adapter: 0
[2022.09.25-19.07.01:356][  0]LogD3D11RHI: Creating new Direct3DDevice
[2022.09.25-19.07.01:356][  0]LogD3D11RHI:     GPU DeviceId: 0x2520 (for the marketing name, search the web for "GPU Device Id")
[2022.09.25-19.07.01:356][  0]LogWindows: EnumDisplayDevices:
[2022.09.25-19.07.01:357][  0]LogWindows:    0. 'AMD Radeon(TM) Graphics' (P:1 D:1)
[2022.09.25-19.07.01:357][  0]LogWindows:    1. 'AMD Radeon(TM) Graphics' (P:0 D:0)
[2022.09.25-19.07.01:357][  0]LogWindows:    2. 'AMD Radeon(TM) Graphics' (P:0 D:0)
[2022.09.25-19.07.01:357][  0]LogWindows:    3. 'NVIDIA GeForce RTX 3060 Laptop GPU' (P:0 D:0)
[2022.09.25-19.07.01:357][  0]LogWindows:    4. 'NVIDIA GeForce RTX 3060 Laptop GPU' (P:0 D:0)
[2022.09.25-19.07.01:357][  0]LogWindows:    5. 'NVIDIA GeForce RTX 3060 Laptop GPU' (P:0 D:0)
[2022.09.25-19.07.01:357][  0]LogWindows:    6. 'NVIDIA GeForce RTX 3060 Laptop GPU' (P:0 D:0)
[2022.09.25-19.07.01:357][  0]LogWindows: DebugString: GetVideoDriverDetailsInvalid PrimaryIsNotTheChoosenAdapter GetVideoDriverDetailsInvalid PrimaryIsNotTheChoosenAdapter GetVideoDriverDetailsInvalid PrimaryIsNotTheChoosenAdapter GetVideoDriverDetailsInvalid PrimaryIsNotTheChoosenAdapter GetVideoDriverDetailsInvalid PrimaryIsNotTheChoosenAdapter GetVideoDriverDetailsInvalid PrimaryIsNotTheChoosenAdapter GetVideoDriverDetailsInvalid PrimaryIsNotTheChoosenAdapter FoundDriverCount:0 
[2022.09.25-19.07.01:357][  0]LogD3D11RHI:     Adapter Name: NVIDIA GeForce RTX 3060 Laptop GPU
[2022.09.25-19.07.01:357][  0]LogD3D11RHI:   Driver Version: Unknown (internal:Unknown, unified:Unknown)
[2022.09.25-19.07.01:357][  0]LogD3D11RHI:      Driver Date: Unknown
[2022.09.25-19.07.01:358][  0]LogRHI: Texture pool is 1361 MB (70% of 1945 MB)
[2022.09.25-19.07.01:420][  0]LogD3D11RHI: Async texture creation enabled
[2022.09.25-19.07.01:463][  0]LogD3D11RHI: GPU Timing Frequency: 1000.000000 (Debug: 2 2)
[2022.09.25-19.07.01:468][  0]LogShaderCompilers: Guid format shader working directory is -5 characters bigger than the processId version (../../../../../Unreal Projects/IGME797_FinalProject/Intermediate/Shaders/WorkingDirectory/18616/).
[2022.09.25-19.07.01:468][  0]LogShaderCompilers: Cleaned the shader compiler working directory 'C:/Users/Heisen/AppData/Local/Temp/UnrealShaderWorkingDir/C49A37D0468ECE882357919EDFA7DC77/'.
[2022.09.25-19.07.01:469][  0]LogShaderCompilers:Display: Using Local Shader Compiler.
[2022.09.25-19.07.03:725][  0]LogTemp:Display: Loaded TP AllDesktopTargetPlatform
[2022.09.25-19.07.03:763][  0]LogTemp:Display: Loaded TP MacClientTargetPlatform
[2022.09.25-19.07.03:800][  0]LogTemp:Display: Loaded TP MacNoEditorTargetPlatform
[2022.09.25-19.07.03:839][  0]LogTemp:Display: Loaded TP MacServerTargetPlatform
[2022.09.25-19.07.03:884][  0]LogTemp:Display: Loaded TP MacTargetPlatform
[2022.09.25-19.07.03:923][  0]LogTemp:Display: Loaded TP WindowsClientTargetPlatform
[2022.09.25-19.07.03:961][  0]LogTemp:Display: Loaded TP WindowsNoEditorTargetPlatform
[2022.09.25-19.07.04:000][  0]LogTemp:Display: Loaded TP WindowsServerTargetPlatform
[2022.09.25-19.07.04:034][  0]LogTemp:Display: Loaded TP WindowsTargetPlatform
[2022.09.25-19.07.04:075][  0]LogTemp:Display: Loaded TP AndroidTargetPlatform
[2022.09.25-19.07.04:113][  0]LogTemp:Display: Loaded TP Android_ASTCTargetPlatform
[2022.09.25-19.07.04:149][  0]LogTemp:Display: Loaded TP Android_ATCTargetPlatform
[2022.09.25-19.07.04:185][  0]LogTemp:Display: Loaded TP Android_DXTTargetPlatform
[2022.09.25-19.07.04:222][  0]LogTemp:Display: Loaded TP Android_ETC1TargetPlatform
[2022.09.25-19.07.04:260][  0]LogTemp:Display: Loaded TP Android_ETC2TargetPlatform
[2022.09.25-19.07.04:334][  0]LogTemp:Display: Loaded TP Android_MultiTargetPlatform
[2022.09.25-19.07.04:334][  0]LogTemp:Display: Loaded TP Android_PVRTCTargetPlatform
[2022.09.25-19.07.04:364][  0]LogTemp:Display: Loaded TP HTML5TargetPlatform
[2022.09.25-19.07.04:477][  0]LogTemp:Display: Loaded TP IOSTargetPlatform
[2022.09.25-19.07.04:502][  0]LogTemp:Display: Loaded TP TVOSTargetPlatform
[2022.09.25-19.07.04:538][  0]LogTemp:Display: Loaded TP LinuxClientTargetPlatform
[2022.09.25-19.07.04:575][  0]LogTemp:Display: Loaded TP LinuxNoEditorTargetPlatform
[2022.09.25-19.07.04:613][  0]LogTemp:Display: Loaded TP LinuxServerTargetPlatform
[2022.09.25-19.07.04:656][  0]LogTemp:Display: Loaded TP LinuxTargetPlatform
[2022.09.25-19.07.04:656][  0]LogTargetPlatformManager:Display: Building Assets For Windows
[2022.09.25-19.07.05:435][  0]LogDerivedDataCache:Display: Max Cache Size: 512 MB
[2022.09.25-19.07.05:682][  0]LogDerivedDataCache: Loaded boot cache 0.25s 90MB C:/Users/Heisen/AppData/Local/UnrealEngine/4.16/DerivedDataCache/Boot.ddc.
[2022.09.25-19.07.05:682][  0]LogDerivedDataCache:Display: Loaded Boot cache: C:/Users/Heisen/AppData/Local/UnrealEngine/4.16/DerivedDataCache/Boot.ddc
[2022.09.25-19.07.05:682][  0]LogDerivedDataCache: FDerivedDataBackendGraph:  Pak pak cache file ../../../../../Unreal Projects/IGME797_FinalProject/DerivedDataCache/DDC.ddp not found, will not use a pak cache.
[2022.09.25-19.07.05:682][  0]LogDerivedDataCache: Unable to find inner node Pak for hierarchical cache Hierarchy.
[2022.09.25-19.07.05:682][  0]LogDerivedDataCache: FDerivedDataBackendGraph:  CompressedPak pak cache file ../../../../../Unreal Projects/IGME797_FinalProject/DerivedDataCache/Compressed.ddp not found, will not use a pak cache.
[2022.09.25-19.07.05:682][  0]LogDerivedDataCache: Unable to find inner node CompressedPak for hierarchical cache Hierarchy.
[2022.09.25-19.07.05:704][  0]LogDerivedDataCache:Display: Pak cache opened for reading ../../../Engine/DerivedDataCache/Compressed.ddp.
[2022.09.25-19.07.05:717][  0]LogDerivedDataCache: Using Local data cache path C:/Users/Heisen/AppData/Local/UnrealEngine/Common/DerivedDataCache: Writable
[2022.09.25-19.07.05:726][  0]LogMaterial: Verifying Global Shaders for PCD3D_SM5
[2022.09.25-19.07.05:731][  0]LogSlate: Using Freetype 2.6.0
[2022.09.25-19.07.05:746][  0]LogSlate: SlateFontCache - WITH_FREETYPE: 1, WITH_HARFBUZZ: 1
[2022.09.25-19.07.05:746][  0]LogSlate: SlateFontCache - WITH_FREETYPE: 1, WITH_HARFBUZZ: 1
[2022.09.25-19.07.09:698][  0]LogInit: Selected Device Profile: [Windows]
[2022.09.25-19.07.09:854][  0]LogContentStreaming: Texture pool size is 0.00 MB
[2022.09.25-19.07.10:048][  0]LogMeshUtilities: Using QuadricMeshReduction for automatic static mesh reduction
[2022.09.25-19.07.10:108][  0]LogSimplygon: Simplygon DLL not present - disabling.
[2022.09.25-19.07.10:143][  0]LogMeshUtilities: Using SimplygonSwarm for distributed automatic mesh merging
[2022.09.25-19.07.10:143][  0]LogMeshUtilities: No automatic skeletal mesh reduction module available
[2022.09.25-19.07.10:143][  0]LogMeshUtilities: No automatic mesh merging module available
[2022.09.25-19.07.11:316][  0]LogNetVersion: IGME797_FinalProject , NetCL: 3452394, EngineNetVer: 2, GameNetVer: 0 (Checksum: 2661520208)
[2022.09.25-19.07.11:401][  0]LogAssetRegistry: FAssetRegistry took 0.0266 seconds to start up
[2022.09.25-19.07.11:457][  0]LogPackageLocalizationCache: Processed 4 localized package path(s) for 2 prioritized culture(s) in 0.036311 seconds
[2022.09.25-19.07.11:462][  0]LogUObjectArray: 34194 objects as part of root set at end of initial load.
[2022.09.25-19.07.11:462][  0]LogUObjectAllocator: 7260424 out of 0 bytes used by permanent object pool.
[2022.09.25-19.07.11:462][  0]LogUObjectArray: CloseDisregardForGC: 0/0 objects in disregard for GC pool
[2022.09.25-19.07.11:514][  0]LogInit: WinSock: version 1.1 (2.2), MaxSocks=32767, MaxUdp=65467
[2022.09.25-19.07.19:256][  0]LogTcpMessaging: Initializing TcpMessaging bridge
[2022.09.25-19.07.19:291][  0]LogUdpMessaging: Initializing bridge on interface 0.0.0.0:0 to multicast group 230.0.0.1:6666.
[2022.09.25-19.07.19:894][  0]LogMaterial: Uniform references updated for custom material expression Custom.
[2022.09.25-19.07.20:300][  0]SourceControl: Info Source control is disabled
[2022.09.25-19.07.20:362][  0]SourceControl: Info Source control is disabled
[2022.09.25-19.07.20:401][  0]SourceControl: Info Source control is disabled
[2022.09.25-19.07.20:437][  0]SourceControl: Info Source control is disabled
[2022.09.25-19.07.21:050][  0]LogAndroidPermission: UAndroidPermissionCallbackProxy::GetInstance
[2022.09.25-19.07.21:563][  0]LogEngine: Initializing Engine...
[2022.09.25-19.07.21:565][  0]LogHMD: Failed to initialize OpenVR with code 110
[2022.09.25-19.07.21:852][  0]LogStats: UGameplayTagsManager::ConstructGameplayTagTree: Construct from data asset -  0.000 s
[2022.09.25-19.07.21:853][  0]LogStats: UGameplayTagsManager::ConstructGameplayTagTree: GameplayTagTreeChangedEvent.Broadcast -  0.000 s
[2022.09.25-19.07.21:963][  0]LogAIModule: Creating AISystem for world Untitled
[2022.09.25-19.07.21:994][  0]LogInit: XAudio2 using 'Speakers (Realtek(R) Audio)' : 2 channels at 48 kHz using 16 bits per sample (channel mask 0x3)
[2022.09.25-19.07.22:018][  0]LogInit: FAudioDevice initialized.
[2022.09.25-19.07.22:053][  0]LogDerivedDataCache: Saved boot cache 0.04s 90MB C:/Users/Heisen/AppData/Local/UnrealEngine/4.16/DerivedDataCache/Boot.ddc.
[2022.09.25-19.07.22:065][  0]LogInit: Texture streaming: Enabled
[2022.09.25-19.07.22:142][  0]LogEngineSessionManager: EngineSessionManager initialized
[2022.09.25-19.07.22:352][  0]LogInit: Transaction tracking system initialized
[2022.09.25-19.07.22:594][  0]BlueprintLog: New page: Editor Load
[2022.09.25-19.07.23:342][  0]LocalizationService: Info Localization service is disabled
[2022.09.25-19.07.23:895][  0]LogConsoleResponse:Display: 
[2022.09.25-19.07.24:235][  0]LogCook:Display: Max memory allowance for cook 16384mb min free memory 0mb
[2022.09.25-19.07.24:236][  0]LogCook:Display: Mobile HDR setting 1
[2022.09.25-19.07.25:099][  0]LogFileCache: Scanning file cache for directory 'D:/Unreal Projects/IGME797_FinalProject/Content/' took 0.03s
[2022.09.25-19.07.25:145][  0]SourceControl: Info Source control is disabled
[2022.09.25-19.07.25:146][  0]Cmd: MAP LOAD FILE="../../../../../Unreal Projects/IGME797_FinalProject/Content/MainLevel.umap" TEMPLATE=0 SHOWPROGRESS=1 FEATURELEVEL=3
[2022.09.25-19.07.25:152][  0]LightingResults: New page: Lighting Build
[2022.09.25-19.07.25:186][  0]MapCheck: New page: Map Check
[2022.09.25-19.07.25:186][  0]LightingResults: New page: Lighting Build
[2022.09.25-19.07.27:912][  0]LogAIModule: Creating AISystem for world MainLevel
[2022.09.25-19.07.28:469][  0]LogEditorServer: Finished looking for orphan Actors (0.000 secs)
[2022.09.25-19.07.28:498][  0]Cmd: MAP CHECKDEP NOCLEARLOG
[2022.09.25-19.07.28:551][  0]MapCheck: Info Map check complete: 0 Error(s), 0 Warning(s), took 53.221ms to complete.
[2022.09.25-19.07.28:551][  0]LogFileHelpers: Loading map 'MainLevel' took 3.405
[2022.09.25-19.07.28:747][  0]LogCollectionManager: Loaded 0 collections in 0.000713 seconds
[2022.09.25-19.07.28:830][  0]LogFileCache: Scanning file cache for directory 'D:/Unreal Projects/IGME797_FinalProject/Saved/Collections/' took 0.01s
[2022.09.25-19.07.28:830][  0]LogFileCache: Scanning file cache for directory 'D:/Unreal Projects/IGME797_FinalProject/Content/Developers/Heisen/Collections/' took 0.01s
[2022.09.25-19.07.28:830][  0]LogFileCache: Scanning file cache for directory 'D:/Unreal Projects/IGME797_FinalProject/Content/Collections/' took 0.01s
[2022.09.25-19.07.28:830][  0]LogCollectionManager: Rebuilt the GUID cache for 0 collections in 0.000013 seconds
[2022.09.25-19.07.28:839][  0]LogContentBrowser: Native class hierarchy populated in 0.0079 seconds. Added 2329 classes and 491 folders.
[2022.09.25-19.07.28:892][  0]LogContentBrowser: Native class hierarchy updated for 'WidgetCarousel' in 0.0005 seconds. Added 0 classes and 0 folders.
[2022.09.25-19.07.29:280][  0]LogContentBrowser: Native class hierarchy updated for 'AddContentDialog' in 0.0007 seconds. Added 0 classes and 0 folders.
[2022.09.25-19.07.29:317][  0]LogContentBrowser: Native class hierarchy updated for 'SceneOutliner' in 0.0005 seconds. Added 1 classes and 2 folders.
[2022.09.25-19.07.29:379][  0]LogCrashTracker: Crashtracker disabled due to settings.
[2022.09.25-19.07.29:394][  0]LogSlate: Took 0.004771 seconds to synchronously load lazily loaded font '../../../Engine/Content/Slate/Fonts/Roboto-Regular.ttf' (155K)
[2022.09.25-19.07.29:400][  0]LogSlate: Took 0.004573 seconds to synchronously load lazily loaded font '../../../Engine/Content/Slate/Fonts/Roboto-Bold.ttf' (160K)
[2022.09.25-19.07.29:410][  0]LogSlate: Took 0.004968 seconds to synchronously load lazily loaded font '../../../Engine/Content/Editor/Slate/Fonts/FontAwesome.ttf' (139K)
[2022.09.25-19.07.29:524][  0]LogRenderer: Reallocating scene render targets to support 948x420 NumSamples 1 (Frame:1).
[2022.09.25-19.07.29:590][  0]LogSlate: Took 0.004630 seconds to synchronously load lazily loaded font '../../../Engine/Content/Slate/Fonts/Roboto-Light.ttf' (159K)
[2022.09.25-19.07.29:704][  0]LogUObjectGlobals:Warning: Failed to find object 'Class None.'
[2022.09.25-19.07.29:763][  0]LogContentBrowser: Native class hierarchy updated for 'HierarchicalLODOutliner' in 0.0006 seconds. Added 1 classes and 2 folders.
[2022.09.25-19.07.29:764][  0]LogLoad: (Engine Initialization) Total time: 37.94 seconds
[2022.09.25-19.07.29:764][  0]LogLoad: (Engine Initialization) Total Blueprint compile time: 0.39 seconds
[2022.09.25-19.07.29:764][  0]LogExternalProfiler: No external profilers were discovered.  External profiling features will not be available.
[2022.09.25-19.07.29:773][  0]LogOcInput: OculusInput pre-init called
[2022.09.25-19.07.29:773][  0]LogHMD: Starting GearVRController plugin
[2022.09.25-19.07.29:799][  0]LogContentStreaming: Texture pool size now 1000 MB
[2022.09.25-19.07.29:868][  1]LogAssetRegistry: Asset discovery search completed in 18.4886 seconds
[2022.09.25-19.07.29:871][  1]LogCollectionManager: Rebuilt the object cache for 0 collections in 0.000001 seconds (found 0 objects)
[2022.09.25-19.07.29:871][  1]LogCollectionManager: Fixed up redirectors for 0 collections in 0.000054 seconds (updated 0 objects)
[2022.09.25-19.07.30:786][ 89]LogSlate: Took 0.000154 seconds to synchronously load lazily loaded font '../../../Engine/Content/Slate/Fonts/Roboto-Light.ttf' (159K)
[2022.09.25-19.08.11:303][921]LogSlate: Took 0.000165 seconds to synchronously load lazily loaded font '../../../Engine/Content/Slate/Fonts/Roboto-Light.ttf' (159K)
[2022.09.25-19.08.11:599][921]LogContentBrowser: Native class hierarchy updated for 'BlueprintGraph' in 0.0007 seconds. Added 112 classes and 0 folders.
[2022.09.25-19.08.12:010][921]LogSlate: Took 0.000139 seconds to synchronously load lazily loaded font '../../../Engine/Content/Slate/Fonts/Roboto-Regular.ttf' (155K)
[2022.09.25-19.08.12:105][921]LogSlate: Took 0.004051 seconds to synchronously load lazily loaded font '../../../Engine/Content/Editor/Slate/Fonts/Roboto-BoldCondensed.ttf' (158K)
[2022.09.25-19.08.15:213][204]LogRenderer: Reallocating scene render targets to support 948x592 NumSamples 1 (Frame:1).
[2022.09.25-19.08.19:754][644]LogSlate: Took 0.003996 seconds to synchronously load lazily loaded font '../../../Engine/Content/Editor/Slate/Fonts/Roboto-Italic.ttf' (157K)
[2022.09.25-19.08.29:803][339]LogHttp:Warning: 0000026FBE9FF100: request failed, libcurl error: 6 (Couldn't resolve host name)
[2022.09.25-19.08.29:803][339]LogHttp:Warning: 0000026FBE9FF100: libcurl info message cache 0 (Could not resolve host: datarouter.ol.epicgames.com)
[2022.09.25-19.08.29:803][339]LogHttp:Warning: 0000026FBE9FF100: libcurl info message cache 1 (Closing connection 0)
[2022.09.25-19.09.29:830][869]LogHttp:Warning: 0000026FC7DBC100: request failed, libcurl error: 6 (Couldn't resolve host name)
[2022.09.25-19.09.29:830][869]LogHttp:Warning: 0000026FC7DBC100: libcurl info message cache 0 (Could not resolve host: datarouter.ol.epicgames.com)
[2022.09.25-19.09.29:830][869]LogHttp:Warning: 0000026FC7DBC100: libcurl info message cache 1 (Closing connection 1)
[2022.09.25-19.11.29:809][896]LogHttp:Warning: 0000026FC7FAFE80: request failed, libcurl error: 6 (Couldn't resolve host name)
[2022.09.25-19.11.29:809][896]LogHttp:Warning: 0000026FC7FAFE80: libcurl info message cache 0 (Could not resolve host: datarouter.ol.epicgames.com)
[2022.09.25-19.11.29:809][896]LogHttp:Warning: 0000026FC7FAFE80: libcurl info message cache 1 (Closing connection 2)
[2022.09.25-19.12.29:799][282]LogHttp:Warning: 0000026FC7E40880: request failed, libcurl error: 6 (Couldn't resolve host name)
[2022.09.25-19.12.29:799][282]LogHttp:Warning: 0000026FC7E40880: libcurl info message cache 0 (Could not resolve host: datarouter.ol.epicgames.com)
[2022.09.25-19.12.29:799][282]LogHttp:Warning: 0000026FC7E40880: libcurl info message cache 1 (Closing connection 3)
[2022.09.25-19.13.30:378][162]LogHttp:Warning: 0000026F9E2BFB80: request failed, libcurl error: 6 (Couldn't resolve host name)
[2022.09.25-19.13.30:379][162]LogHttp:Warning: 0000026F9E2BFB80: libcurl info message cache 0 (Could not resolve host: datarouter.ol.epicgames.com)
[2022.09.25-19.13.30:379][162]LogHttp:Warning: 0000026F9E2BFB80: libcurl info message cache 1 (Closing connection 4)
[2022.09.25-19.15.29:975][114]LogHttp:Warning: 0000026FC6227100: request failed, libcurl error: 6 (Couldn't resolve host name)
[2022.09.25-19.15.29:975][114]LogHttp:Warning: 0000026FC6227100: libcurl info message cache 0 (Could not resolve host: datarouter.ol.epicgames.com)
[2022.09.25-19.15.29:975][114]LogHttp:Warning: 0000026FC6227100: libcurl info message cache 1 (Closing connection 5)
[2022.09.25-19.17.29:819][758]LogHttp:Warning: 0000026FC7F0A980: request failed, libcurl error: 6 (Couldn't resolve host name)
[2022.09.25-19.17.29:819][758]LogHttp:Warning: 0000026FC7F0A980: libcurl info message cache 0 (Could not resolve host: datarouter.ol.epicgames.com)
[2022.09.25-19.17.29:819][758]LogHttp:Warning: 0000026FC7F0A980: libcurl info message cache 1 (Closing connection 6)
[2022.09.25-19.19.29:800][ 85]LogHttp:Warning: 0000026FC7BAB100: request failed, libcurl error: 6 (Couldn't resolve host name)
[2022.09.25-19.19.29:800][ 85]LogHttp:Warning: 0000026FC7BAB100: libcurl info message cache 0 (Could not resolve host: datarouter.ol.epicgames.com)
[2022.09.25-19.19.29:800][ 85]LogHttp:Warning: 0000026FC7BAB100: libcurl info message cache 1 (Closing connection 7)
[2022.09.25-19.21.29:833][187]LogHttp:Warning: 0000026FC7DBF400: request failed, libcurl error: 6 (Couldn't resolve host name)
[2022.09.25-19.21.29:833][187]LogHttp:Warning: 0000026FC7DBF400: libcurl info message cache 0 (Could not resolve host: datarouter.ol.epicgames.com)
[2022.09.25-19.21.29:833][187]LogHttp:Warning: 0000026FC7DBF400: libcurl info message cache 1 (Closing connection 8)
[2022.09.25-19.23.29:784][383]LogHttp:Warning: 0000026FC7E40E80: request failed, libcurl error: 6 (Couldn't resolve host name)
[2022.09.25-19.23.29:784][383]LogHttp:Warning: 0000026FC7E40E80: libcurl info message cache 0 (Could not resolve host: datarouter.ol.epicgames.com)
[2022.09.25-19.23.29:784][383]LogHttp:Warning: 0000026FC7E40E80: libcurl info message cache 1 (Closing connection 9)
[2022.09.25-19.24.29:802][984]LogHttp:Warning: 0000026FC7E40400: request failed, libcurl error: 6 (Couldn't resolve host name)
[2022.09.25-19.24.29:802][984]LogHttp:Warning: 0000026FC7E40400: libcurl info message cache 0 (Could not resolve host: datarouter.ol.epicgames.com)
[2022.09.25-19.24.29:802][984]LogHttp:Warning: 0000026FC7E40400: libcurl info message cache 1 (Closing connection 10)
[2022.09.25-19.26.30:322][548]LogHttp:Warning: 0000026FB7380A00: request failed, libcurl error: 6 (Couldn't resolve host name)
[2022.09.25-19.26.30:322][548]LogHttp:Warning: 0000026FB7380A00: libcurl info message cache 0 (Could not resolve host: datarouter.ol.epicgames.com)
[2022.09.25-19.26.30:322][548]LogHttp:Warning: 0000026FB7380A00: libcurl info message cache 1 (Closing connection 11)
[2022.09.25-19.28.29:996][907]LogHttp:Warning: 0000026FB7380B80: request failed, libcurl error: 6 (Couldn't resolve host name)
[2022.09.25-19.28.29:996][907]LogHttp:Warning: 0000026FB7380B80: libcurl info message cache 0 (Could not resolve host: datarouter.ol.epicgames.com)
[2022.09.25-19.28.29:996][907]LogHttp:Warning: 0000026FB7380B80: libcurl info message cache 1 (Closing connection 12)
[2022.09.25-19.29.29:999][ 87]LogHttp:Warning: 0000026FB7382680: request failed, libcurl error: 6 (Couldn't resolve host name)
[2022.09.25-19.29.29:999][ 87]LogHttp:Warning: 0000026FB7382680: libcurl info message cache 0 (Could not resolve host: datarouter.ol.epicgames.com)
[2022.09.25-19.29.29:999][ 87]LogHttp:Warning: 0000026FB7382680: libcurl info message cache 1 (Closing connection 13)
[2022.09.25-19.30.30:002][267]LogHttp:Warning: 0000026FB7380880: request failed, libcurl error: 6 (Couldn't resolve host name)
[2022.09.25-19.30.30:002][267]LogHttp:Warning: 0000026FB7380880: libcurl info message cache 0 (Could not resolve host: datarouter.ol.epicgames.com)
[2022.09.25-19.30.30:002][267]LogHttp:Warning: 0000026FB7380880: libcurl info message cache 1 (Closing connection 14)
[2022.09.25-19.31.30:001][447]LogHttp:Warning: 0000026FB7382500: request failed, libcurl error: 6 (Couldn't resolve host name)
[2022.09.25-19.31.30:002][447]LogHttp:Warning: 0000026FB7382500: libcurl info message cache 0 (Could not resolve host: datarouter.ol.epicgames.com)
[2022.09.25-19.31.30:002][447]LogHttp:Warning: 0000026FB7382500: libcurl info message cache 1 (Closing connection 15)
[2022.09.25-19.32.30:001][627]LogHttp:Warning: 0000026FB7381C00: request failed, libcurl error: 6 (Couldn't resolve host name)
[2022.09.25-19.32.30:001][627]LogHttp:Warning: 0000026FB7381C00: libcurl info message cache 0 (Could not resolve host: datarouter.ol.epicgames.com)
[2022.09.25-19.32.30:001][627]LogHttp:Warning: 0000026FB7381C00: libcurl info message cache 1 (Closing connection 16)
[2022.09.25-19.33.30:002][807]LogHttp:Warning: 0000026FB7380B80: request failed, libcurl error: 6 (Couldn't resolve host name)
[2022.09.25-19.33.30:002][807]LogHttp:Warning: 0000026FB7380B80: libcurl info message cache 0 (Could not resolve host: datarouter.ol.epicgames.com)
[2022.09.25-19.33.30:002][807]LogHttp:Warning: 0000026FB7380B80: libcurl info message cache 1 (Closing connection 17)
[2022.09.25-19.34.30:004][987]LogHttp:Warning: 0000026FB7383D00: request failed, libcurl error: 6 (Couldn't resolve host name)
[2022.09.25-19.34.30:004][987]LogHttp:Warning: 0000026FB7383D00: libcurl info message cache 0 (Could not resolve host: datarouter.ol.epicgames.com)
[2022.09.25-19.34.30:004][987]LogHttp:Warning: 0000026FB7383D00: libcurl info message cache 1 (Closing connection 18)
[2022.09.25-19.35.05:816][ 26]LogActorComponent: UnregisterComponent: (/Engine/Transient.EditorFloorComp) Not registered. Aborting.
[2022.09.25-19.35.05:943][ 26]LogActorComponent: UnregisterComponent: (/Engine/Transient.EditorFloorComp) Not registered. Aborting.
[2022.09.25-19.35.08:489][152]Cmd: QUIT_EDITOR
[2022.09.25-19.35.08:543][152]LogWindowsTextInputMethodSystem:Display: IME system now deactivated.
[2022.09.25-19.35.08:558][152]LogExit: Preparing to exit.
[2022.09.25-19.35.09:522][152]LogDirectoryWatcher: A directory notification for 'D:/Unreal Projects/IGME797_FinalProject/Content/' was aborted.
[2022.09.25-19.35.09:609][152]LogExit: Editor shut down
[2022.09.25-19.35.09:626][152]LogExit: Transaction tracking system shut down
[2022.09.25-19.35.09:832][152]LogObj: Freed 0b from 0 cluster array pools.
[2022.09.25-19.35.09:833][152]LogExit: Object subsystem successfully closed.
[2022.09.25-19.35.09:883][152]LogD3D11RHI: Shutdown
[2022.09.25-19.35.09:883][152]LogD3D11RHI: CleanupD3DDevice
[2022.09.25-19.35.10:082][152]LogD3D11RHI: ~FD3D11DynamicRHI
[2022.09.25-19.35.10:109][152]LogModuleManager: Shutting down and abandoning module BlueprintGraph (528)
[2022.09.25-19.35.10:109][152]LogModuleManager: Shutting down and abandoning module BlueprintProfiler (526)
[2022.09.25-19.35.10:110][152]LogModuleManager: Shutting down and abandoning module HierarchicalLODOutliner (524)
[2022.09.25-19.35.10:110][152]LogModuleManager: Shutting down and abandoning module CrashTracker (522)
[2022.09.25-19.35.10:110][152]LogModuleManager: Shutting down and abandoning module SceneOutliner (520)
[2022.09.25-19.35.10:110][152]LogModuleManager: Shutting down and abandoning module AddContentDialog (518)
[2022.09.25-19.35.10:110][152]LogDirectoryWatcher: A directory notification for 'D:/Games/UE_4.16/FeaturePacks/' was aborted.
[2022.09.25-19.35.10:113][152]LogModuleManager: Shutting down and abandoning module WidgetCarousel (517)
[2022.09.25-19.35.10:113][152]LogModuleManager: Shutting down and abandoning module EditorWidgets (514)
[2022.09.25-19.35.10:113][152]LogModuleManager: Shutting down and abandoning module CollectionManager (512)
[2022.09.25-19.35.10:113][152]LogDirectoryWatcher: A directory notification for 'D:/Unreal Projects/IGME797_FinalProject/Content/Collections/' was aborted.
[2022.09.25-19.35.10:113][152]LogDirectoryWatcher: A directory notification for 'D:/Unreal Projects/IGME797_FinalProject/Content/Developers/Heisen/Collections/' was aborted.
[2022.09.25-19.35.10:113][152]LogDirectoryWatcher: A directory notification for 'D:/Unreal Projects/IGME797_FinalProject/Saved/Collections/' was aborted.
[2022.09.25-19.35.10:113][152]LogModuleManager: Shutting down and abandoning module StatsViewer (510)
[2022.09.25-19.35.10:113][152]LogModuleManager: Shutting down and abandoning module FoliageEdit (508)
[2022.09.25-19.35.10:113][152]LogModuleManager: Shutting down and abandoning module LandscapeEditor (506)
[2022.09.25-19.35.10:114][152]LogModuleManager: Shutting down and abandoning module MeshPaintMode (504)
[2022.09.25-19.35.10:114][152]LogModuleManager: Shutting down and abandoning module SceneDepthPickerMode (502)
[2022.09.25-19.35.10:114][152]LogModuleManager: Shutting down and abandoning module ActorPickerMode (500)
[2022.09.25-19.35.10:114][152]LogModuleManager: Shutting down and abandoning module GeometryMode (498)
[2022.09.25-19.35.10:114][152]LogModuleManager: Shutting down and abandoning module TextureAlignMode (496)
[2022.09.25-19.35.10:114][152]LogModuleManager: Shutting down and abandoning module BspMode (494)
[2022.09.25-19.35.10:114][152]LogModuleManager: Shutting down and abandoning module HardwareSurvey (492)
[2022.09.25-19.35.10:114][152]LogModuleManager: Shutting down and abandoning module SequenceRecorderSections (490)
[2022.09.25-19.35.10:114][152]LogModuleManager: Shutting down and abandoning module AutomationWorker (488)
[2022.09.25-19.35.10:114][152]LogModuleManager: Shutting down and abandoning module MatineeToLevelSequence (486)
[2022.09.25-19.35.10:114][152]LogModuleManager: Shutting down and abandoning module LevelSequenceEditor (484)
[2022.09.25-19.35.10:115][152]LogModuleManager: Shutting down and abandoning module PlacementMode (483)
[2022.09.25-19.35.10:115][152]LogModuleManager: Shutting down and abandoning module WmfMediaFactory (480)
[2022.09.25-19.35.10:115][152]LogModuleManager: Shutting down and abandoning module WmfMediaEditor (478)
[2022.09.25-19.35.10:115][152]LogModuleManager: Shutting down and abandoning module AvfMediaFactory (476)
[2022.09.25-19.35.10:115][152]LogModuleManager: Shutting down and abandoning module AvfMediaEditor (474)
[2022.09.25-19.35.10:115][152]LogModuleManager: Shutting down and abandoning module AndroidMediaFactory (472)
[2022.09.25-19.35.10:115][152]LogModuleManager: Shutting down and abandoning module Media (471)
[2022.09.25-19.35.10:115][152]LogModuleManager: Shutting down and abandoning module AndroidMediaEditor (468)
[2022.09.25-19.35.10:115][152]LogModuleManager: Shutting down and abandoning module CharacterAI (466)
[2022.09.25-19.35.10:115][152]LogModuleManager: Shutting down and abandoning module AudioCapture (464)
[2022.09.25-19.35.10:115][152]LogModuleManager: Shutting down and abandoning module SequenceRecorder (463)
[2022.09.25-19.35.10:115][152]LogModuleManager: Shutting down and abandoning module SmartSnapping (460)
[2022.09.25-19.35.10:115][152]LogModuleManager: Shutting down and abandoning module SessionServices (458)
[2022.09.25-19.35.10:115][152]LogModuleManager: Shutting down and abandoning module ViewportSnapping (456)
[2022.09.25-19.35.10:115][152]LogModuleManager: Shutting down and abandoning module ViewportInteraction (454)
[2022.09.25-19.35.10:115][152]LogModuleManager: Shutting down and abandoning module ClothPainter (452)
[2022.09.25-19.35.10:116][152]LogModuleManager: Shutting down and abandoning module LogVisualizer (450)
[2022.09.25-19.35.10:117][152]LogModuleManager: Shutting down and abandoning module IntroTutorials (448)
[2022.09.25-19.35.10:117][152]LogModuleManager: Shutting down and abandoning module GameProjectGeneration (447)
[2022.09.25-19.35.10:119][152]LogModuleManager: Shutting down and abandoning module EditorLiveStreaming (444)
[2022.09.25-19.35.10:119][152]LogModuleManager: Shutting down and abandoning module IOSPlatformEditor (442)
[2022.09.25-19.35.10:119][152]LogModuleManager: Shutting down and abandoning module HTML5PlatformEditor (440)
[2022.09.25-19.35.10:119][152]LogModuleManager: Shutting down and abandoning module AndroidPlatformEditor (438)
[2022.09.25-19.35.10:119][152]LogModuleManager: Shutting down and abandoning module AndroidDeviceDetection (437)
[2022.09.25-19.35.10:725][152]LogModuleManager: Shutting down and abandoning module IOSRuntimeSettings (434)
[2022.09.25-19.35.10:725][152]LogModuleManager: Shutting down and abandoning module AndroidRuntimeSettings (432)
[2022.09.25-19.35.10:725][152]LogModuleManager: Shutting down and abandoning module InputBindingEditor (430)
[2022.09.25-19.35.10:725][152]LogModuleManager: Shutting down and abandoning module MergeActors (428)
[2022.09.25-19.35.10:727][152]LogModuleManager: Shutting down and abandoning module SizeMap (426)
[2022.09.25-19.35.10:727][152]LogModuleManager: Shutting down and abandoning module TreeMap (424)
[2022.09.25-19.35.10:727][152]LogModuleManager: Shutting down and abandoning module ReferenceViewer (422)
[2022.09.25-19.35.10:727][152]LogModuleManager: Shutting down and abandoning module LocalizationDashboard (420)
[2022.09.25-19.35.10:728][152]LogModuleManager: Shutting down and abandoning module LocalizationService (419)
[2022.09.25-19.35.10:728][152]LogModuleManager: Shutting down and abandoning module HardwareTargeting (416)
[2022.09.25-19.35.10:728][152]LogModuleManager: Shutting down and abandoning module DeviceProfileEditor (414)
[2022.09.25-19.35.10:728][152]LogModuleManager: Shutting down and abandoning module UndoHistory (412)
[2022.09.25-19.35.10:729][152]LogModuleManager: Shutting down and abandoning module UserFeedback (410)
[2022.09.25-19.35.10:729][152]LogModuleManager: Shutting down and abandoning module XmlParser (408)
[2022.09.25-19.35.10:729][152]LogModuleManager: Shutting down and abandoning module Blutility (406)
[2022.09.25-19.35.10:729][152]LogModuleManager: Shutting down and abandoning module ProjectSettingsViewer (404)
[2022.09.25-19.35.10:729][152]LogModuleManager: Shutting down and abandoning module ProjectTargetPlatformEditor (403)
[2022.09.25-19.35.10:729][152]LogModuleManager: Shutting down and abandoning module EditorSettingsViewer (400)
[2022.09.25-19.35.10:729][152]LogModuleManager: Shutting down and abandoning module SettingsEditor (398)
[2022.09.25-19.35.10:729][152]LogModuleManager: Shutting down and abandoning module ProjectLauncher (396)
[2022.09.25-19.35.10:730][152]LogModuleManager: Shutting down and abandoning module SessionFrontend (394)
[2022.09.25-19.35.10:730][152]LogModuleManager: Shutting down and abandoning module ProfilerClient (392)
[2022.09.25-19.35.10:731][152]LogModuleManager: Shutting down and abandoning module DeviceManager (390)
[2022.09.25-19.35.10:731][152]LogModuleManager: Shutting down and abandoning module TargetDeviceServices (389)
[2022.09.25-19.35.10:775][152]LogModuleManager: Shutting down and abandoning module AutomationController (386)
[2022.09.25-19.35.10:775][152]LogModuleManager: Shutting down and abandoning module AutomationWindow (384)
[2022.09.25-19.35.10:775][152]LogModuleManager: Shutting down and abandoning module Layers (382)
[2022.09.25-19.35.10:777][152]LogModuleManager: Shutting down and abandoning module ComponentVisualizers (380)
[2022.09.25-19.35.10:777][152]LogModuleManager: Shutting down and abandoning module DetailCustomizations (378)
[2022.09.25-19.35.10:777][152]LogModuleManager: Shutting down and abandoning module PackagesDialog (376)
[2022.09.25-19.35.10:777][152]LogModuleManager: Shutting down and abandoning module Persona (374)
[2022.09.25-19.35.10:778][152]LogModuleManager: Shutting down and abandoning module AdvancedPreviewScene (373)
[2022.09.25-19.35.10:778][152]LogModuleManager: Shutting down and abandoning module AnimGraph (371)
[2022.09.25-19.35.10:778][152]LogModuleManager: Shutting down and abandoning module Kismet (368)
[2022.09.25-19.35.10:792][152]LogModuleManager: Shutting down and abandoning module ClassViewer (366)
[2022.09.25-19.35.10:792][152]LogModuleManager: Shutting down and abandoning module Toolbox (364)
[2022.09.25-19.35.10:792][152]LogModuleManager: Shutting down and abandoning module ModuleUI (362)
[2022.09.25-19.35.10:792][152]LogModuleManager: Shutting down and abandoning module MovieSceneTools (360)
[2022.09.25-19.35.10:793][152]LogModuleManager: Shutting down and abandoning module OutputLog (358)
[2022.09.25-19.35.10:793][152]LogModuleManager: Shutting down and abandoning module GammaUI (356)
[2022.09.25-19.35.10:793][152]LogModuleManager: Shutting down and abandoning module Documentation (354)
[2022.09.25-19.35.10:793][152]LogModuleManager: Shutting down and abandoning module MovieSceneTracks (352)
[2022.09.25-19.35.10:793][152]LogModuleManager: Shutting down and abandoning module MovieScene (350)
[2022.09.25-19.35.10:793][152]LogModuleManager: Shutting down and abandoning module Niagara (348)
[2022.09.25-19.35.10:793][152]LogModuleManager: Shutting down and abandoning module NiagaraEditor (347)
[2022.09.25-19.35.10:794][152]LogModuleManager: Shutting down and abandoning module StreamingPauseRendering (344)
[2022.09.25-19.35.10:794][152]LogModuleManager: Shutting down and abandoning module AnalyticsET (342)
[2022.09.25-19.35.10:794][152]LogModuleManager: Shutting down and abandoning module PortalServices (340)
[2022.09.25-19.35.10:794][152]LogModuleManager: Shutting down and abandoning module PortalRpc (338)
[2022.09.25-19.35.10:794][152]LogModuleManager: Shutting down and abandoning module MessagingRpc (336)
[2022.09.25-19.35.10:794][152]LogModuleManager: Shutting down and abandoning module AIModule (334)
[2022.09.25-19.35.10:794][152]LogModuleManager: Shutting down and abandoning module GameplayDebugger (333)
[2022.09.25-19.35.10:794][152]LogModuleManager: Shutting down and abandoning module AITestSuite (331)
[2022.09.25-19.35.10:794][152]LogModuleManager: Shutting down and abandoning module ProfilerService (328)
[2022.09.25-19.35.10:841][152]LogModuleManager: Shutting down and abandoning module TaskGraph (326)
[2022.09.25-19.35.10:841][152]LogModuleManager: Shutting down and abandoning module SteamVRController (324)
[2022.09.25-19.35.10:841][152]LogModuleManager: Shutting down and abandoning module SteamVR (322)
[2022.09.25-19.35.10:841][152]LogModuleManager: Shutting down and abandoning module ProceduralMeshComponentEditor (320)
[2022.09.25-19.35.10:841][152]LogModuleManager: Shutting down and abandoning module ProceduralMeshComponent (318)
[2022.09.25-19.35.10:841][152]LogModuleManager: Shutting down and abandoning module OculusLibrary (316)
[2022.09.25-19.35.10:841][152]LogModuleManager: Shutting down and abandoning module OculusInput (314)
[2022.09.25-19.35.10:841][152]LogModuleManager: Shutting down and abandoning module MobilePatchingUtils (312)
[2022.09.25-19.35.10:841][152]LogModuleManager: Shutting down and abandoning module CustomMeshComponent (310)
[2022.09.25-19.35.10:841][152]LogModuleManager: Shutting down and abandoning module CableComponent (308)
[2022.09.25-19.35.10:841][152]LogModuleManager: Shutting down and abandoning module ArchVisCharacter (306)
[2022.09.25-19.35.10:841][152]LogModuleManager: Shutting down and abandoning module AndroidPermission (304)
[2022.09.25-19.35.10:841][152]LogModuleManager: Shutting down and abandoning module MediaPlayerEditor (300)
[2022.09.25-19.35.10:842][152]LogModuleManager: Shutting down and abandoning module HTML5Networking (298)
[2022.09.25-19.35.10:842][152]LogModuleManager: Shutting down and abandoning module AlembicImporter (296)
[2022.09.25-19.35.10:842][152]LogModuleManager: Shutting down and abandoning module AlembicLibrary (295)
[2022.09.25-19.35.10:842][152]LogModuleManager: Shutting down and abandoning module GeometryCache (294)
[2022.09.25-19.35.10:842][152]LogModuleManager: Shutting down and abandoning module GeometryCacheEd (293)
[2022.09.25-19.35.10:842][152]LogModuleManager: Shutting down and abandoning module SuperSearchEditor (288)
[2022.09.25-19.35.10:842][152]LogModuleManager: Shutting down and abandoning module SuperSearch (287)
[2022.09.25-19.35.10:842][152]LogModuleManager: Shutting down and abandoning module SpeedTreeImporter (284)
[2022.09.25-19.35.10:842][152]LogModuleManager: Shutting down and abandoning module PluginBrowser (282)
[2022.09.25-19.35.10:842][152]LogModuleManager: Shutting down and abandoning module MobileLauncherProfileWizard (280)
[2022.09.25-19.35.10:843][152]LogModuleManager: Shutting down and abandoning module VisualStudioSourceCodeAccess (278)
[2022.09.25-19.35.10:843][152]LogModuleManager: Shutting down and abandoning module DesktopPlatform (277)
[2022.09.25-19.35.10:843][152]LogModuleManager: Shutting down and abandoning module UObjectPlugin (274)
[2022.09.25-19.35.10:843][152]LogModuleManager: Shutting down and abandoning module SubversionSourceControl (272)
[2022.09.25-19.35.10:843][152]LogModuleManager: Shutting down and abandoning module PerforceSourceControl (270)
[2022.09.25-19.35.10:843][152]LogModuleManager: Shutting down and abandoning module GitSourceControl (268)
[2022.09.25-19.35.10:843][152]LogModuleManager: Shutting down and abandoning module SourceControl (267)
[2022.09.25-19.35.10:843][152]LogModuleManager: Shutting down and abandoning module LightPropagationVolumeEditor (264)
[2022.09.25-19.35.10:843][152]LogModuleManager: Shutting down and abandoning module PaperTiledImporter (262)
[2022.09.25-19.35.10:843][152]LogModuleManager: Shutting down and abandoning module PaperSpriteSheetImporter (260)
[2022.09.25-19.35.10:843][152]LogModuleManager: Shutting down and abandoning module Paper2DEditor (258)
[2022.09.25-19.35.10:843][152]LogModuleManager: Shutting down and abandoning module MeshPaint (257)
[2022.09.25-19.35.10:843][152]LogModuleManager: Shutting down and abandoning module LevelEditor (255)
[2022.09.25-19.35.10:844][152]LogModuleManager: Shutting down and abandoning module PixelInspectorModule (254)
[2022.09.25-19.35.10:844][152]LogModuleManager: Shutting down and abandoning module MainFrame (252)
[2022.09.25-19.35.10:844][152]LogModuleManager: Shutting down and abandoning module HotReload (251)
[2022.09.25-19.35.10:844][152]LogModuleManager: Shutting down and abandoning module PhysXVehiclesEditor (246)
[2022.09.25-19.35.10:844][152]LogModuleManager: Shutting down and abandoning module PhysXVehicles (244)
[2022.09.25-19.35.10:844][152]LogModuleManager: Shutting down and abandoning module LocationServicesBPLibrary (242)
[2022.09.25-19.35.10:844][152]LogModuleManager: Shutting down and abandoning module ImmediatePhysicsEditor (240)
[2022.09.25-19.35.10:844][152]LogModuleManager: Shutting down and abandoning module ImmediatePhysics (238)
[2022.09.25-19.35.10:844][152]LogModuleManager: Shutting down and abandoning module UdpMessaging (236)
[2022.09.25-19.35.10:945][152]LogModuleManager: Shutting down and abandoning module TcpMessaging (234)
[2022.09.25-19.35.11:046][152]LogModuleManager: Shutting down and abandoning module GameplayTagsEditor (232)
[2022.09.25-19.35.11:048][152]LogModuleManager: Shutting down and abandoning module FacialAnimationEditor (230)
[2022.09.25-19.35.11:048][152]LogModuleManager: Shutting down and abandoning module FacialAnimation (228)
[2022.09.25-19.35.11:048][152]LogModuleManager: Shutting down and abandoning module AssetManagerEditor (226)
[2022.09.25-19.35.11:048][152]LogModuleManager: Shutting down and abandoning module GraphEditor (225)
[2022.09.25-19.35.11:048][152]LogModuleManager: Shutting down and abandoning module ContentBrowser (223)
[2022.09.25-19.35.11:050][152]LogModuleManager: Shutting down and abandoning module LightPropagationVolumeRuntime (220)
[2022.09.25-19.35.11:050][152]LogModuleManager: Shutting down and abandoning module Paper2D (218)
[2022.09.25-19.35.11:050][152]LogModuleManager: Shutting down and abandoning module WindowsMoviePlayer (216)
[2022.09.25-19.35.11:050][152]LogModuleManager: Shutting down and abandoning module WmfMedia (214)
[2022.09.25-19.35.11:052][152]LogModuleManager: Shutting down and abandoning module ClothingSystemEditor (212)
[2022.09.25-19.35.11:052][152]LogModuleManager: Shutting down and abandoning module ClothingSystemRuntime (210)
[2022.09.25-19.35.11:053][152]LogModuleManager: Shutting down and abandoning module MediaAssets (208)
[2022.09.25-19.35.11:053][152]LogModuleManager: Shutting down and abandoning module GameLiveStreaming (206)
[2022.09.25-19.35.11:053][152]LogModuleManager: Shutting down and abandoning module VREditor (204)
[2022.09.25-19.35.11:053][152]LogModuleManager: Shutting down and abandoning module StringTableEditor (202)
[2022.09.25-19.35.11:054][152]LogModuleManager: Shutting down and abandoning module GameplayTasksEditor (200)
[2022.09.25-19.35.11:054][152]LogModuleManager: Shutting down and abandoning module BehaviorTreeEditor (198)
[2022.09.25-19.35.11:054][152]LogModuleManager: Shutting down and abandoning module FunctionalTesting (196)
[2022.09.25-19.35.11:054][152]LogModuleManager: Shutting down and abandoning module CollisionAnalyzer (194)
[2022.09.25-19.35.11:055][152]LogModuleManager: Shutting down and abandoning module UMG (192)
[2022.09.25-19.35.11:055][152]LogModuleManager: Shutting down and abandoning module UMGEditor (191)
[2022.09.25-19.35.11:055][152]LogModuleManager: Shutting down and abandoning module Sequencer (190)
[2022.09.25-19.35.11:055][152]LogModuleManager: Shutting down and abandoning module AssetTools (188)
[2022.09.25-19.35.11:057][152]LogModuleManager: Shutting down and abandoning module MessageLog (187)
[2022.09.25-19.35.11:057][152]LogModuleManager: Shutting down and abandoning module WorkspaceMenuStructure (186)
[2022.09.25-19.35.11:057][152]LogModuleManager: Shutting down and abandoning module SlateReflector (180)
[2022.09.25-19.35.11:058][152]LogModuleManager: Shutting down and abandoning module Slate (178)
[2022.09.25-19.35.11:058][152]LogModuleManager: Shutting down and abandoning module EditorStyle (176)
[2022.09.25-19.35.11:062][152]LogModuleManager: Shutting down and abandoning module SourceCodeAccess (174)
[2022.09.25-19.35.11:062][152]LogModuleManager: Shutting down and abandoning module HeadMountedDisplay (172)
[2022.09.25-19.35.11:062][152]LogModuleManager: Shutting down and abandoning module XAudio2 (170)
[2022.09.25-19.35.11:062][152]LogModuleManager: Shutting down and abandoning module Networking (168)
[2022.09.25-19.35.11:062][152]LogModuleManager: Shutting down and abandoning module Core (164)
[2022.09.25-19.35.11:062][152]LogModuleManager: Shutting down and abandoning module AssetRegistry (162)
[2022.09.25-19.35.11:292][152]LogDirectoryWatcher: A directory notification for '../../../Engine/Content/' was aborted.
[2022.09.25-19.35.11:292][152]LogDirectoryWatcher: A directory notification for '../../../../../Unreal Projects/IGME797_FinalProject/Content/' was aborted.
[2022.09.25-19.35.11:292][152]LogDirectoryWatcher: A directory notification for '../../../Engine/Plugins/2D/Paper2D/Content/' was aborted.
[2022.09.25-19.35.11:292][152]LogDirectoryWatcher: A directory notification for '../../../Engine/Plugins/Runtime/GearVR/Content/' was aborted.
[2022.09.25-19.35.11:300][152]LogModuleManager: Shutting down and abandoning module DirectoryWatcher (161)
[2022.09.25-19.35.11:303][152]LogModuleManager: Shutting down and abandoning module KismetCompiler (158)
[2022.09.25-19.35.11:303][152]LogModuleManager: Shutting down and abandoning module LevelSequence (156)
[2022.09.25-19.35.11:303][152]LogModuleManager: Shutting down and abandoning module PhysXFormats (154)
[2022.09.25-19.35.11:303][152]LogModuleManager: Shutting down and abandoning module MeshUtilities (152)
[2022.09.25-19.35.11:303][152]LogModuleManager: Shutting down and abandoning module SimplygonSwarm (151)
[2022.09.25-19.35.11:303][152]LogModuleManager: Shutting down and abandoning module SimplygonMeshReduction (149)
[2022.09.25-19.35.11:303][152]LogModuleManager: Shutting down and abandoning module QuadricMeshReduction (147)
[2022.09.25-19.35.11:303][152]LogModuleManager: Shutting down and abandoning module DerivedDataCache (144)
[2022.09.25-19.35.11:361][152]LogDerivedDataCache: Shutdown
[2022.09.25-19.35.11:361][152]LogModuleManager: Shutting down and abandoning module TargetPlatform (142)
[2022.09.25-19.35.11:361][152]LogModuleManager: Shutting down and abandoning module VulkanShaderFormat (141)
[2022.09.25-19.35.11:361][152]LogModuleManager: Shutting down and abandoning module ShaderFormatVectorVM (139)
[2022.09.25-19.35.11:362][152]LogModuleManager: Shutting down and abandoning module ShaderFormatOpenGL (137)
[2022.09.25-19.35.11:362][152]LogModuleManager: Shutting down and abandoning module ShaderFormatD3D (135)
[2022.09.25-19.35.11:362][152]LogModuleManager: Shutting down and abandoning module MetalShaderFormat (133)
[2022.09.25-19.35.11:363][152]LogModuleManager: Shutting down and abandoning module TextureFormatUncompressed (131)
[2022.09.25-19.35.11:363][152]LogModuleManager: Shutting down and abandoning module TextureFormatPVR (129)
[2022.09.25-19.35.11:363][152]LogModuleManager: Shutting down and abandoning module TextureFormatDXT (127)
[2022.09.25-19.35.11:363][152]LogModuleManager: Shutting down and abandoning module TextureFormatIntelISPCTexComp (125)
[2022.09.25-19.35.11:363][152]LogModuleManager: Shutting down and abandoning module TextureFormatASTC (123)
[2022.09.25-19.35.11:363][152]LogModuleManager: Shutting down and abandoning module ImageWrapper (122)
[2022.09.25-19.35.11:363][152]LogModuleManager: Shutting down and abandoning module TextureFormatAndroid (119)
[2022.09.25-19.35.11:363][152]LogModuleManager: Shutting down and abandoning module AudioFormatOpus (117)
[2022.09.25-19.35.11:363][152]LogModuleManager: Shutting down and abandoning module AudioFormatOgg (115)
[2022.09.25-19.35.11:363][152]LogModuleManager: Shutting down and abandoning module AudioFormatADPCM (113)
[2022.09.25-19.35.11:363][152]LogModuleManager: Shutting down and abandoning module LinuxTargetPlatform (111)
[2022.09.25-19.35.11:363][152]LogModuleManager: Shutting down and abandoning module LinuxServerTargetPlatform (109)
[2022.09.25-19.35.11:363][152]LogModuleManager: Shutting down and abandoning module LinuxNoEditorTargetPlatform (107)
[2022.09.25-19.35.11:363][152]LogModuleManager: Shutting down and abandoning module LinuxClientTargetPlatform (105)
[2022.09.25-19.35.11:363][152]LogModuleManager: Shutting down and abandoning module TVOSTargetPlatform (103)
[2022.09.25-19.35.11:363][152]LogModuleManager: Shutting down and abandoning module Messaging (101)
[2022.09.25-19.35.11:364][152]LogModuleManager: Shutting down and abandoning module IOSTargetPlatform (99)
[2022.09.25-19.35.11:364][152]LogModuleManager: Shutting down and abandoning module HTML5TargetPlatform (97)
[2022.09.25-19.35.11:364][152]LogModuleManager: Shutting down and abandoning module Android_PVRTCTargetPlatform (95)
[2022.09.25-19.35.11:364][152]LogModuleManager: Shutting down and abandoning module Android_MultiTargetPlatform (93)
[2022.09.25-19.35.11:364][152]LogModuleManager: Shutting down and abandoning module Android_ETC2TargetPlatform (91)
[2022.09.25-19.35.11:364][152]LogModuleManager: Shutting down and abandoning module Android_ETC1TargetPlatform (89)
[2022.09.25-19.35.11:364][152]LogModuleManager: Shutting down and abandoning module Android_DXTTargetPlatform (87)
[2022.09.25-19.35.11:364][152]LogModuleManager: Shutting down and abandoning module Android_ATCTargetPlatform (85)
[2022.09.25-19.35.11:364][152]LogModuleManager: Shutting down and abandoning module Android_ASTCTargetPlatform (83)
[2022.09.25-19.35.11:364][152]LogModuleManager: Shutting down and abandoning module AndroidTargetPlatform (81)
[2022.09.25-19.35.11:364][152]LogModuleManager: Shutting down and abandoning module WindowsTargetPlatform (79)
[2022.09.25-19.35.11:364][152]LogModuleManager: Shutting down and abandoning module WindowsServerTargetPlatform (77)
[2022.09.25-19.35.11:364][152]LogModuleManager: Shutting down and abandoning module WindowsNoEditorTargetPlatform (75)
[2022.09.25-19.35.11:364][152]LogModuleManager: Shutting down and abandoning module WindowsClientTargetPlatform (73)
[2022.09.25-19.35.11:364][152]LogModuleManager: Shutting down and abandoning module MacTargetPlatform (71)
[2022.09.25-19.35.11:364][152]LogModuleManager: Shutting down and abandoning module MacServerTargetPlatform (69)
[2022.09.25-19.35.11:364][152]LogModuleManager: Shutting down and abandoning module MacNoEditorTargetPlatform (67)
[2022.09.25-19.35.11:364][152]LogModuleManager: Shutting down and abandoning module MacClientTargetPlatform (65)
[2022.09.25-19.35.11:364][152]LogModuleManager: Shutting down and abandoning module AllDesktopTargetPlatform (63)
[2022.09.25-19.35.11:364][152]LogModuleManager: Shutting down and abandoning module InputCore (60)
[2022.09.25-19.35.11:364][152]LogModuleManager: Shutting down and abandoning module Settings (58)
[2022.09.25-19.35.11:364][152]LogModuleManager: Shutting down and abandoning module OculusRift (56)
[2022.09.25-19.35.11:364][152]LogModuleManager: Shutting down and abandoning module GearVRController (54)
[2022.09.25-19.35.11:364][152]LogModuleManager: Shutting down and abandoning module GearVR (52)
[2022.09.25-19.35.11:364][152]LogModuleManager: Shutting down and abandoning module ExampleDeviceProfileSelector (50)
[2022.09.25-19.35.11:365][152]LogModuleManager: Shutting down and abandoning module OnlineBlueprintSupport (48)
[2022.09.25-19.35.11:365][152]LogModuleManager: Shutting down and abandoning module OnlineSubsystem (44)
[2022.09.25-19.35.11:365][152]LogOnline:Display: Unloading online subsystem: NULL
[2022.09.25-19.35.11:365][152]LogModuleManager: Shutting down and abandoning module XMPP (43)
[2022.09.25-19.35.11:366][152]LogModuleManager: Shutting down and abandoning module HTTP (41)
[2022.09.25-19.35.11:366][152]LogHttp:Display: Http module shutting down, but needs to wait on 1 outstanding Http requests:
[2022.09.25-19.35.11:366][152]LogHttp:Display: 	verb=[POST] url=[https://datarouter.ol.epicgames.com/datarouter/api/v1/public/data?SessionID=%7B5F067C46-4E15-4642-0200-7197813CADBE%7D&AppID=UEEditor.Rocket.Release&AppVersion=4.16.3-3561208%2B%2B%2BUE4%2BRelease-4.16&UserID=c1228cdf4d46b2c3c546da9094bb0f5f%7C8d1249eee685424d842006849f43f2e4%7C89d7f4f1-cd47-4703-8aa3-c55528f67fcb&AppEnvironment=datacollector-binary&UploadType=eteventstream] status=Processing
[2022.09.25-19.35.11:366][152]LogHttp:Warning: 0000026FC8278100: request failed, libcurl error: 6 (Couldn't resolve host name)
[2022.09.25-19.35.11:366][152]LogHttp:Warning: 0000026FC8278100: libcurl info message cache 0 (Could not resolve host: datarouter.ol.epicgames.com)
[2022.09.25-19.35.11:366][152]LogHttp:Warning: 0000026FC8278100: libcurl info message cache 1 (Closing connection 19)
[2022.09.25-19.35.11:371][152]LogModuleManager: Shutting down and abandoning module SSL (40)
[2022.09.25-19.35.11:375][152]LogModuleManager: Shutting down and abandoning module HTTPChunkInstaller (36)
[2022.09.25-19.35.11:376][152]LogModuleManager: Shutting down and abandoning module AnimationModifiers (34)
[2022.09.25-19.35.11:376][152]LogModuleManager: Shutting down and abandoning module PropertyEditor (33)
[2022.09.25-19.35.11:376][152]LogModuleManager: Shutting down and abandoning module AudioEditor (30)
[2022.09.25-19.35.11:377][152]LogModuleManager: Shutting down and abandoning module TextureCompressor (28)
[2022.09.25-19.35.11:377][152]LogModuleManager: Shutting down and abandoning module ShaderCore (26)
[2022.09.25-19.35.11:377][152]LogModuleManager: Shutting down and abandoning module Landscape (24)
[2022.09.25-19.35.11:377][152]LogModuleManager: Shutting down and abandoning module SlateRHIRenderer (22)
[2022.09.25-19.35.11:380][152]LogModuleManager: Shutting down and abandoning module OpenGLDrv (20)
[2022.09.25-19.35.11:381][152]LogModuleManager: Shutting down and abandoning module D3D11RHI (18)
[2022.09.25-19.35.11:381][152]LogModuleManager: Shutting down and abandoning module AnimGraphRuntime (16)
[2022.09.25-19.35.11:381][152]LogModuleManager: Shutting down and abandoning module Renderer (14)
[2022.09.25-19.35.11:381][152]LogModuleManager: Shutting down and abandoning module Engine (12)
[2022.09.25-19.35.11:381][152]LogModuleManager: Shutting down and abandoning module CoreUObject (10)
[2022.09.25-19.35.11:381][152]LogModuleManager: Shutting down and abandoning module NetworkFile (8)
[2022.09.25-19.35.11:381][152]LogModuleManager: Shutting down and abandoning module StreamingFile (6)
[2022.09.25-19.35.11:381][152]LogModuleManager: Shutting down and abandoning module SandboxFile (4)
[2022.09.25-19.35.11:381][152]LogModuleManager: Shutting down and abandoning module PakFile (2)
[2022.09.25-19.35.11:386][152]LogExit: Exiting.
[2022.09.25-19.35.11:407][152]Log file closed, 09/25/22 15:35:11
