Log file open, 09/19/22 11:41:02
LogInit:Display: Running engine for game: IGME797_FinalProject
LogPlatformFile: Not using cached read wrapper
LogInit:Display: RandInit(-1441019199) SRandInit(-1441019199).
LogTaskGraph: Started task graph with 5 named threads and 12 total threads with 1 sets of task threads.
LogStats: Stats thread started at 0.442446
LogInit: Using libcurl 7.47.1
LogInit:  - built for x86_64-pc-win32
LogInit:  - supports SSL with OpenSSL/1.0.2g
LogInit:  - supports HTTP deflate (compression) using libz 1.2.8
LogInit:  - other features:
LogInit:      CURL_VERSION_SSL
LogInit:      CURL_VERSION_LIBZ
LogInit:      CURL_VERSION_IPV6
LogInit:      CURL_VERSION_ASYNCHDNS
LogInit:      CURL_VERSION_LARGEFILE
LogInit:      CURL_VERSION_IDN
LogInit:  CurlRequestOptions (configurable via config and command line):
LogInit:  - bVerifyPeer = false  - Libcurl will NOT verify peer certificate
LogInit:  - bUseHttpProxy = false  - Libcurl will NOT use HTTP proxy
LogInit:  - bDontReuseConnections = false  - Libcurl will reuse connections
LogInit:  - CertBundlePath = nullptr  - Libcurl will use whatever was configured at build time.
LogInit: Build: ++UE4+Release-4.16-CL-3561208
LogInit: Engine Version: 4.16.3-3561208+++UE4+Release-4.16
LogInit: Compatible Engine Version: 4.16.0-3452394+++UE4+Release-4.16
LogInit: Net CL: 3452394
LogDevObjectVersion: Number of dev versions registered: 16
LogDevObjectVersion:   Dev-Blueprints (B0D832E4-1F89-4F0D-ACCF-7EB736FD4AA2): 9
LogDevObjectVersion:   Dev-Build (E1C64328-A22C-4D53-A36C-8E866417BD8C): 0
LogDevObjectVersion:   Dev-Core (375EC13C-06E4-48FB-B500-84F0262A717E): 2
LogDevObjectVersion:   Dev-Editor (E4B068ED-F494-42E9-A231-DA0B2E46BB41): 17
LogDevObjectVersion:   Dev-Framework (CFFC743F-43B0-4480-9391-14DF171D2073): 23
LogDevObjectVersion:   Dev-Mobile (B02B49B5-BB20-44E9-A304-32B752E40360): 0
LogDevObjectVersion:   Dev-Networking (A4E4105C-59A1-49B5-A7C5-40C4547EDFEE): 0
LogDevObjectVersion:   Dev-Online (39C831C9-5AE6-47DC-9A44-9C173E1C8E7C): 0
LogDevObjectVersion:   Dev-Physics (78F01B33-EBEA-4F98-B9B4-84EACCB95AA2): 0
LogDevObjectVersion:   Dev-Platform (6631380F-2D4D-43E0-8009-CF276956A95A): 0
LogDevObjectVersion:   Dev-Rendering (12F88B9F-8875-4AFC-A67C-D90C383ABD29): 15
LogDevObjectVersion:   Dev-Sequencer (7B5AE74C-D270-4C10-A958-57980B212A5A): 4
LogDevObjectVersion:   Dev-VR (D7296918-1DD6-4BDD-9DE2-64A83CC13884): 0
LogDevObjectVersion:   Dev-LoadTimes (C2A15278-BFE7-4AFE-6C17-90FF531DF755): 1
LogDevObjectVersion:   Private-Geometry (6EACA3D4-40EC-4CC1-B786-8BED09428FC5): 1
LogDevObjectVersion:   Dev-AnimPhys (29E575DD-E0A3-4627-9D10-D276232CDCEA): 3
LogInit: Compiled (64-bit): Jul 28 2017 11:49:47
LogInit: Compiled with Visual C++: 19.00.24215.01
LogInit: Build Configuration: Development
LogInit: Branch Name: ++UE4+Release-4.16
LogInit: Command line:  
LogInit: Base directory: D:/Games/UE_4.16/Engine/Binaries/Win64/
LogInit: Installed Engine Build: 1
LogInit: Presizing for max 8388607 objects, including 0 objects not considered by GC, pre-allocating 0 bytes for permanent pool.
LogInit: Object subsystem initialized
[2022.09.19-15.41.03:432][  0]LogInit: Selected Device Profile: [Windows]
[2022.09.19-15.41.03:432][  0]LogInit: Applying CVar settings loaded from the selected device profile: [Windows]
[2022.09.19-15.41.03:456][  0]LogInit: Computer: PARTH
[2022.09.19-15.41.03:456][  0]LogInit: User: Heisen
[2022.09.19-15.41.03:456][  0]LogInit: CPU Page size=4096, Cores=8
[2022.09.19-15.41.03:456][  0]LogInit: High frequency timer resolution =10.000000 MHz
[2022.09.19-15.41.03:456][  0]LogMemory: Memory total: Physical=15.4GB (16GB approx)
[2022.09.19-15.41.03:457][  0]LogMemory: Platform Memory Stats for Windows
[2022.09.19-15.41.03:457][  0]LogMemory: Process Physical Memory: 275.24 MB used, 275.25 MB peak
[2022.09.19-15.41.03:457][  0]LogMemory: Process Virtual Memory: 267.39 MB used, 267.39 MB peak
[2022.09.19-15.41.03:457][  0]LogMemory: Physical Memory: 9815.02 MB used,  5977.32 MB free, 15792.34 MB total
[2022.09.19-15.41.03:457][  0]LogMemory: Virtual Memory: 4769.20 MB used,  5977.32 MB free, 134217728.00 MB total
[2022.09.19-15.41.03:730][  0]LogInit: Using OS detected language (en-US).
[2022.09.19-15.41.03:730][  0]LogInit: Using OS detected locale (en-US).
[2022.09.19-15.41.03:797][  0]LogTextLocalizationManager: No specific localization for 'en-US' exists, so the 'en' localization will be used.
[2022.09.19-15.41.06:855][  0]LogD3D11RHI: D3D11 adapters:
[2022.09.19-15.41.06:947][  0]LogD3D11RHI:    0. 'NVIDIA GeForce RTX 3060 Laptop GPU' (Feature Level 11_0)
[2022.09.19-15.41.06:947][  0]LogD3D11RHI:       6023/0/7896 MB DedicatedVideo/DedicatedSystem/SharedSystem, Outputs:1, VendorId:0x10de
[2022.09.19-15.41.06:984][  0]LogD3D11RHI:    1. 'AMD Radeon(TM) Graphics' (Feature Level 11_0)
[2022.09.19-15.41.06:984][  0]LogD3D11RHI:       496/0/7896 MB DedicatedVideo/DedicatedSystem/SharedSystem, Outputs:1, VendorId:0x1002
[2022.09.19-15.41.06:987][  0]LogD3D11RHI:    2. 'Microsoft Basic Render Driver' (Feature Level 11_0)
[2022.09.19-15.41.06:987][  0]LogD3D11RHI:       0/0/7896 MB DedicatedVideo/DedicatedSystem/SharedSystem, Outputs:0, VendorId:0x1414
[2022.09.19-15.41.06:987][  0]LogD3D11RHI: Chosen D3D11 Adapter: 0
[2022.09.19-15.41.06:996][  0]LogD3D11RHI: Creating new Direct3DDevice
[2022.09.19-15.41.06:997][  0]LogD3D11RHI:     GPU DeviceId: 0x2520 (for the marketing name, search the web for "GPU Device Id")
[2022.09.19-15.41.06:997][  0]LogWindows: EnumDisplayDevices:
[2022.09.19-15.41.06:997][  0]LogWindows:    0. 'AMD Radeon(TM) Graphics' (P:0 D:1)
[2022.09.19-15.41.06:997][  0]LogWindows:    1. 'AMD Radeon(TM) Graphics' (P:0 D:0)
[2022.09.19-15.41.06:997][  0]LogWindows:    2. 'AMD Radeon(TM) Graphics' (P:0 D:0)
[2022.09.19-15.41.06:997][  0]LogWindows:    3. 'NVIDIA GeForce RTX 3060 Laptop GPU' (P:1 D:1)
[2022.09.19-15.41.06:997][  0]LogWindows:    4. 'NVIDIA GeForce RTX 3060 Laptop GPU' (P:0 D:0)
[2022.09.19-15.41.06:997][  0]LogWindows:    5. 'NVIDIA GeForce RTX 3060 Laptop GPU' (P:0 D:0)
[2022.09.19-15.41.06:997][  0]LogWindows:    6. 'NVIDIA GeForce RTX 3060 Laptop GPU' (P:0 D:0)
[2022.09.19-15.41.06:997][  0]LogWindows: DebugString: GetVideoDriverDetailsInvalid PrimaryIsNotTheChoosenAdapter GetVideoDriverDetailsInvalid PrimaryIsNotTheChoosenAdapter GetVideoDriverDetailsInvalid PrimaryIsNotTheChoosenAdapter GetVideoDriverDetailsInvalid PrimaryIsNotTheChoosenAdapter GetVideoDriverDetailsInvalid PrimaryIsNotTheChoosenAdapter GetVideoDriverDetailsInvalid PrimaryIsNotTheChoosenAdapter GetVideoDriverDetailsInvalid PrimaryIsNotTheChoosenAdapter FoundDriverCount:0 
[2022.09.19-15.41.06:997][  0]LogD3D11RHI:     Adapter Name: NVIDIA GeForce RTX 3060 Laptop GPU
[2022.09.19-15.41.06:997][  0]LogD3D11RHI:   Driver Version: Unknown (internal:Unknown, unified:Unknown)
[2022.09.19-15.41.06:997][  0]LogD3D11RHI:      Driver Date: Unknown
[2022.09.19-15.41.06:998][  0]LogRHI: Texture pool is 1361 MB (70% of 1945 MB)
[2022.09.19-15.41.07:068][  0]LogD3D11RHI: Async texture creation enabled
[2022.09.19-15.41.07:112][  0]LogD3D11RHI: GPU Timing Frequency: 1000.000000 (Debug: 2 2)
[2022.09.19-15.41.07:117][  0]LogShaderCompilers: Guid format shader working directory is -5 characters bigger than the processId version (../../../../../Unreal Projects/IGME797_FinalProject/Intermediate/Shaders/WorkingDirectory/17328/).
[2022.09.19-15.41.07:117][  0]LogShaderCompilers: Cleaned the shader compiler working directory 'C:/Users/Heisen/AppData/Local/Temp/UnrealShaderWorkingDir/73F6E8454641AFC993BC1498F2C3F190/'.
[2022.09.19-15.41.07:118][  0]LogShaderCompilers:Display: Using Local Shader Compiler.
[2022.09.19-15.41.09:705][  0]LogTemp:Display: Loaded TP AllDesktopTargetPlatform
[2022.09.19-15.41.09:748][  0]LogTemp:Display: Loaded TP MacClientTargetPlatform
[2022.09.19-15.41.09:786][  0]LogTemp:Display: Loaded TP MacNoEditorTargetPlatform
[2022.09.19-15.41.09:824][  0]LogTemp:Display: Loaded TP MacServerTargetPlatform
[2022.09.19-15.41.09:873][  0]LogTemp:Display: Loaded TP MacTargetPlatform
[2022.09.19-15.41.09:915][  0]LogTemp:Display: Loaded TP WindowsClientTargetPlatform
[2022.09.19-15.41.09:957][  0]LogTemp:Display: Loaded TP WindowsNoEditorTargetPlatform
[2022.09.19-15.41.09:996][  0]LogTemp:Display: Loaded TP WindowsServerTargetPlatform
[2022.09.19-15.41.10:030][  0]LogTemp:Display: Loaded TP WindowsTargetPlatform
[2022.09.19-15.41.10:073][  0]LogTemp:Display: Loaded TP AndroidTargetPlatform
[2022.09.19-15.41.10:111][  0]LogTemp:Display: Loaded TP Android_ASTCTargetPlatform
[2022.09.19-15.41.10:149][  0]LogTemp:Display: Loaded TP Android_ATCTargetPlatform
[2022.09.19-15.41.10:190][  0]LogTemp:Display: Loaded TP Android_DXTTargetPlatform
[2022.09.19-15.41.10:229][  0]LogTemp:Display: Loaded TP Android_ETC1TargetPlatform
[2022.09.19-15.41.10:269][  0]LogTemp:Display: Loaded TP Android_ETC2TargetPlatform
[2022.09.19-15.41.10:345][  0]LogTemp:Display: Loaded TP Android_MultiTargetPlatform
[2022.09.19-15.41.10:345][  0]LogTemp:Display: Loaded TP Android_PVRTCTargetPlatform
[2022.09.19-15.41.10:381][  0]LogTemp:Display: Loaded TP HTML5TargetPlatform
[2022.09.19-15.41.10:498][  0]LogTemp:Display: Loaded TP IOSTargetPlatform
[2022.09.19-15.41.10:522][  0]LogTemp:Display: Loaded TP TVOSTargetPlatform
[2022.09.19-15.41.10:563][  0]LogTemp:Display: Loaded TP LinuxClientTargetPlatform
[2022.09.19-15.41.10:602][  0]LogTemp:Display: Loaded TP LinuxNoEditorTargetPlatform
[2022.09.19-15.41.10:639][  0]LogTemp:Display: Loaded TP LinuxServerTargetPlatform
[2022.09.19-15.41.10:687][  0]LogTemp:Display: Loaded TP LinuxTargetPlatform
[2022.09.19-15.41.10:687][  0]LogTargetPlatformManager:Display: Building Assets For Windows
[2022.09.19-15.41.11:491][  0]LogDerivedDataCache:Display: Max Cache Size: 512 MB
[2022.09.19-15.41.11:689][  0]LogDerivedDataCache: Loaded boot cache 0.20s 90MB C:/Users/Heisen/AppData/Local/UnrealEngine/4.16/DerivedDataCache/Boot.ddc.
[2022.09.19-15.41.11:689][  0]LogDerivedDataCache:Display: Loaded Boot cache: C:/Users/Heisen/AppData/Local/UnrealEngine/4.16/DerivedDataCache/Boot.ddc
[2022.09.19-15.41.11:689][  0]LogDerivedDataCache: FDerivedDataBackendGraph:  Pak pak cache file ../../../../../Unreal Projects/IGME797_FinalProject/DerivedDataCache/DDC.ddp not found, will not use a pak cache.
[2022.09.19-15.41.11:689][  0]LogDerivedDataCache: Unable to find inner node Pak for hierarchical cache Hierarchy.
[2022.09.19-15.41.11:689][  0]LogDerivedDataCache: FDerivedDataBackendGraph:  CompressedPak pak cache file ../../../../../Unreal Projects/IGME797_FinalProject/DerivedDataCache/Compressed.ddp not found, will not use a pak cache.
[2022.09.19-15.41.11:689][  0]LogDerivedDataCache: Unable to find inner node CompressedPak for hierarchical cache Hierarchy.
[2022.09.19-15.41.11:712][  0]LogDerivedDataCache:Display: Pak cache opened for reading ../../../Engine/DerivedDataCache/Compressed.ddp.
[2022.09.19-15.41.11:724][  0]LogDerivedDataCache: Using Local data cache path C:/Users/Heisen/AppData/Local/UnrealEngine/Common/DerivedDataCache: Writable
[2022.09.19-15.41.11:734][  0]LogMaterial: Verifying Global Shaders for PCD3D_SM5
[2022.09.19-15.41.11:737][  0]LogSlate: Using Freetype 2.6.0
[2022.09.19-15.41.11:755][  0]LogSlate: SlateFontCache - WITH_FREETYPE: 1, WITH_HARFBUZZ: 1
[2022.09.19-15.41.11:755][  0]LogSlate: SlateFontCache - WITH_FREETYPE: 1, WITH_HARFBUZZ: 1
[2022.09.19-15.41.16:307][  0]LogInit: Selected Device Profile: [Windows]
[2022.09.19-15.41.16:485][  0]LogContentStreaming: Texture pool size is 0.00 MB
[2022.09.19-15.41.16:710][  0]LogMeshUtilities: Using QuadricMeshReduction for automatic static mesh reduction
[2022.09.19-15.41.16:780][  0]LogSimplygon: Simplygon DLL not present - disabling.
[2022.09.19-15.41.16:819][  0]LogMeshUtilities: Using SimplygonSwarm for distributed automatic mesh merging
[2022.09.19-15.41.16:819][  0]LogMeshUtilities: No automatic skeletal mesh reduction module available
[2022.09.19-15.41.16:819][  0]LogMeshUtilities: No automatic mesh merging module available
[2022.09.19-15.41.18:158][  0]LogNetVersion: IGME797_FinalProject , NetCL: 3452394, EngineNetVer: 2, GameNetVer: 0 (Checksum: 2661520208)
[2022.09.19-15.41.18:249][  0]LogAssetRegistry: FAssetRegistry took 0.0272 seconds to start up
[2022.09.19-15.41.18:313][  0]LogPackageLocalizationCache: Processed 4 localized package path(s) for 2 prioritized culture(s) in 0.042733 seconds
[2022.09.19-15.41.18:319][  0]LogUObjectArray: 34194 objects as part of root set at end of initial load.
[2022.09.19-15.41.18:319][  0]LogUObjectAllocator: 7260424 out of 0 bytes used by permanent object pool.
[2022.09.19-15.41.18:319][  0]LogUObjectArray: CloseDisregardForGC: 0/0 objects in disregard for GC pool
[2022.09.19-15.41.18:376][  0]LogInit: WinSock: version 1.1 (2.2), MaxSocks=32767, MaxUdp=65467
[2022.09.19-15.41.28:576][  0]LogTcpMessaging: Initializing TcpMessaging bridge
[2022.09.19-15.41.28:617][  0]LogUdpMessaging: Initializing bridge on interface 0.0.0.0:0 to multicast group 230.0.0.1:6666.
[2022.09.19-15.41.29:322][  0]LogMaterial: Uniform references updated for custom material expression Custom.
[2022.09.19-15.41.29:765][  0]SourceControl: Info Source control is disabled
[2022.09.19-15.41.29:835][  0]SourceControl: Info Source control is disabled
[2022.09.19-15.41.29:887][  0]SourceControl: Info Source control is disabled
[2022.09.19-15.41.29:931][  0]SourceControl: Info Source control is disabled
[2022.09.19-15.41.30:631][  0]LogAndroidPermission: UAndroidPermissionCallbackProxy::GetInstance
[2022.09.19-15.41.31:197][  0]LogEngine: Initializing Engine...
[2022.09.19-15.41.31:198][  0]LogHMD: Failed to initialize OpenVR with code 110
[2022.09.19-15.41.31:541][  0]LogStats: UGameplayTagsManager::ConstructGameplayTagTree: Construct from data asset -  0.000 s
[2022.09.19-15.41.31:541][  0]LogStats: UGameplayTagsManager::ConstructGameplayTagTree: GameplayTagTreeChangedEvent.Broadcast -  0.000 s
[2022.09.19-15.41.31:672][  0]LogAIModule: Creating AISystem for world Untitled
[2022.09.19-15.41.31:730][  0]LogInit: XAudio2 using 'Speakers (Echo Show 8-1B0 Stereo)' : 2 channels at 44.1 kHz using 16 bits per sample (channel mask 0x3)
[2022.09.19-15.41.31:751][  0]LogInit: FAudioDevice initialized.
[2022.09.19-15.41.31:793][  0]LogDerivedDataCache: Saved boot cache 0.04s 90MB C:/Users/Heisen/AppData/Local/UnrealEngine/4.16/DerivedDataCache/Boot.ddc.
[2022.09.19-15.41.31:808][  0]LogInit: Texture streaming: Enabled
[2022.09.19-15.41.31:909][  0]LogEngineSessionManager: EngineSessionManager initialized
[2022.09.19-15.41.32:141][  0]LogInit: Transaction tracking system initialized
[2022.09.19-15.41.32:422][  0]BlueprintLog: New page: Editor Load
[2022.09.19-15.41.33:293][  0]LocalizationService: Info Localization service is disabled
[2022.09.19-15.41.33:975][  0]LogConsoleResponse:Display: 
[2022.09.19-15.41.34:361][  0]LogCook:Display: Max memory allowance for cook 16384mb min free memory 0mb
[2022.09.19-15.41.34:361][  0]LogCook:Display: Mobile HDR setting 1
[2022.09.19-15.41.34:921][  0]LogFileCache: Scanning file cache for directory 'D:/Unreal Projects/IGME797_FinalProject/Content/' took 0.03s
[2022.09.19-15.41.35:430][  0]SourceControl: Info Source control is disabled
[2022.09.19-15.41.35:434][  0]Cmd: MAP LOAD FILE="../../../../../Unreal Projects/IGME797_FinalProject/Content/MainLevel.umap" TEMPLATE=0 SHOWPROGRESS=1 FEATURELEVEL=3
[2022.09.19-15.41.35:441][  0]LightingResults: New page: Lighting Build
[2022.09.19-15.41.35:477][  0]MapCheck: New page: Map Check
[2022.09.19-15.41.35:478][  0]LightingResults: New page: Lighting Build
[2022.09.19-15.41.38:681][  0]LogAIModule: Creating AISystem for world MainLevel
[2022.09.19-15.41.39:431][  0]LogEditorServer: Finished looking for orphan Actors (0.000 secs)
[2022.09.19-15.41.39:466][  0]Cmd: MAP CHECKDEP NOCLEARLOG
[2022.09.19-15.41.39:520][  0]MapCheck: Info Map check complete: 0 Error(s), 0 Warning(s), took 53.545ms to complete.
[2022.09.19-15.41.39:520][  0]LogFileHelpers: Loading map 'MainLevel' took 4.087
[2022.09.19-15.41.39:726][  0]LogCollectionManager: Loaded 0 collections in 0.001062 seconds
[2022.09.19-15.41.39:810][  0]LogFileCache: Scanning file cache for directory 'D:/Unreal Projects/IGME797_FinalProject/Saved/Collections/' took 0.01s
[2022.09.19-15.41.39:810][  0]LogFileCache: Scanning file cache for directory 'D:/Unreal Projects/IGME797_FinalProject/Content/Developers/Heisen/Collections/' took 0.01s
[2022.09.19-15.41.39:810][  0]LogFileCache: Scanning file cache for directory 'D:/Unreal Projects/IGME797_FinalProject/Content/Collections/' took 0.01s
[2022.09.19-15.41.39:810][  0]LogCollectionManager: Rebuilt the GUID cache for 0 collections in 0.000002 seconds
[2022.09.19-15.41.39:819][  0]LogContentBrowser: Native class hierarchy populated in 0.0085 seconds. Added 2329 classes and 491 folders.
[2022.09.19-15.41.39:875][  0]LogContentBrowser: Native class hierarchy updated for 'WidgetCarousel' in 0.0006 seconds. Added 0 classes and 0 folders.
[2022.09.19-15.41.40:352][  0]LogContentBrowser: Native class hierarchy updated for 'AddContentDialog' in 0.0010 seconds. Added 0 classes and 0 folders.
[2022.09.19-15.41.40:394][  0]LogContentBrowser: Native class hierarchy updated for 'SceneOutliner' in 0.0007 seconds. Added 1 classes and 2 folders.
[2022.09.19-15.41.40:464][  0]LogCrashTracker: Crashtracker disabled due to settings.
[2022.09.19-15.41.40:482][  0]LogSlate: Took 0.006164 seconds to synchronously load lazily loaded font '../../../Engine/Content/Slate/Fonts/Roboto-Regular.ttf' (155K)
[2022.09.19-15.41.40:489][  0]LogSlate: Took 0.005662 seconds to synchronously load lazily loaded font '../../../Engine/Content/Slate/Fonts/Roboto-Bold.ttf' (160K)
[2022.09.19-15.41.40:500][  0]LogSlate: Took 0.006494 seconds to synchronously load lazily loaded font '../../../Engine/Content/Editor/Slate/Fonts/FontAwesome.ttf' (139K)
[2022.09.19-15.41.40:648][  0]LogRenderer: Reallocating scene render targets to support 1184x560 NumSamples 1 (Frame:1).
[2022.09.19-15.41.40:734][  0]LogSlate: Took 0.005113 seconds to synchronously load lazily loaded font '../../../Engine/Content/Slate/Fonts/Roboto-Light.ttf' (159K)
[2022.09.19-15.41.40:859][  0]LogUObjectGlobals:Warning: Failed to find object 'Class None.'
[2022.09.19-15.41.40:927][  0]LogContentBrowser: Native class hierarchy updated for 'HierarchicalLODOutliner' in 0.0010 seconds. Added 1 classes and 2 folders.
[2022.09.19-15.41.40:927][  0]LogLoad: (Engine Initialization) Total time: 41.66 seconds
[2022.09.19-15.41.40:927][  0]LogLoad: (Engine Initialization) Total Blueprint compile time: 0.49 seconds
[2022.09.19-15.41.40:927][  0]LogExternalProfiler: No external profilers were discovered.  External profiling features will not be available.
[2022.09.19-15.41.41:266][  0]LogOcInput: OculusInput pre-init called
[2022.09.19-15.41.41:266][  0]LogHMD: Starting GearVRController plugin
[2022.09.19-15.41.41:294][  0]LogContentStreaming: Texture pool size now 1000 MB
[2022.09.19-15.41.41:943][  2]LogAssetRegistry: Asset discovery search completed in 23.7166 seconds
[2022.09.19-15.41.41:947][  2]LogCollectionManager: Rebuilt the object cache for 0 collections in 0.000001 seconds (found 0 objects)
[2022.09.19-15.41.41:947][  2]LogCollectionManager: Fixed up redirectors for 0 collections in 0.000053 seconds (updated 0 objects)
[2022.09.19-15.41.52:268][ 33]LogSlate: Took 0.000140 seconds to synchronously load lazily loaded font '../../../Engine/Content/Slate/Fonts/Roboto-Light.ttf' (159K)
[2022.09.19-15.41.52:575][ 33]LogContentBrowser: Native class hierarchy updated for 'BlueprintGraph' in 0.0007 seconds. Added 112 classes and 0 folders.
[2022.09.19-15.41.52:975][ 33]LogSlate: Took 0.000193 seconds to synchronously load lazily loaded font '../../../Engine/Content/Slate/Fonts/Roboto-Regular.ttf' (155K)
[2022.09.19-15.41.53:067][ 33]LogSlate: Took 0.003741 seconds to synchronously load lazily loaded font '../../../Engine/Content/Editor/Slate/Fonts/Roboto-BoldCondensed.ttf' (158K)
[2022.09.19-15.41.53:235][ 34]LogSlate: Took 0.005061 seconds to synchronously load lazily loaded font '../../../Engine/Content/Editor/Slate/Fonts/Roboto-Italic.ttf' (157K)
[2022.09.19-15.44.07:855][852]LogRenderer: Reallocating scene render targets to support 1184x780 NumSamples 1 (Frame:1).
[2022.09.19-15.51.32:724][184]LogSlate: Took 0.000187 seconds to synchronously load lazily loaded font '../../../Engine/Content/Slate/Fonts/Roboto-Light.ttf' (159K)
[2022.09.19-15.51.41:743][211]LogFileHelpers: Editor autosave (incl. sublevels) for '/Game/MainLevel' took 0.014
[2022.09.19-15.51.41:746][211]OBJ SavePackage: Generating thumbnails for [1] asset(s) in package [/Game/ThirdPersonBP/Blueprints/SimpleAI] ([1] browsable assets)...
[2022.09.19-15.51.41:756][211]OBJ SavePackage:     Rendered thumbnail for [Blueprint /Game/ThirdPersonBP/Blueprints/SimpleAI.SimpleAI]
[2022.09.19-15.51.41:756][211]OBJ SavePackage: Finished generating thumbnails for package [/Game/ThirdPersonBP/Blueprints/SimpleAI]
[2022.09.19-15.51.41:822][211]LogSavePackage: Save=51.13ms
[2022.09.19-15.51.41:822][211]LogSavePackage: Moving '../../../../../Unreal Projects/IGME797_FinalProject/Saved/SimpleAI_Auto1F8400CEB45CDD2A4FCECCEB17DCB287A.tmp' to '../../../../../Unreal Projects/IGME797_FinalProject/Saved/Autosaves/Game/ThirdPersonBP/Blueprints/SimpleAI_Auto1.uasset'
[2022.09.19-15.51.41:823][211]LogSavePackage:Display: Finished SavePackage ../../../../../Unreal Projects/IGME797_FinalProject/Saved/Autosaves/Game/ThirdPersonBP/Blueprints/SimpleAI_Auto1.uasset
[2022.09.19-15.51.41:823][211]LogFileHelpers: Auto-saving content packages took 0.079
[2022.09.19-15.56.02:143][988]Cmd: QUIT_EDITOR
[2022.09.19-15.56.02:159][988]LogWindowsTextInputMethodSystem:Display: IME system now deactivated.
[2022.09.19-15.56.02:168][988]LogExit: Preparing to exit.
[2022.09.19-15.56.03:220][988]LogDirectoryWatcher: A directory notification for 'D:/Unreal Projects/IGME797_FinalProject/Content/' was aborted.
[2022.09.19-15.56.03:271][988]LogExit: Editor shut down
[2022.09.19-15.56.03:278][988]LogExit: Transaction tracking system shut down
[2022.09.19-15.56.03:469][988]LogObj: Freed 0b from 0 cluster array pools.
[2022.09.19-15.56.03:469][988]LogExit: Object subsystem successfully closed.
[2022.09.19-15.56.03:507][988]LogD3D11RHI: Shutdown
[2022.09.19-15.56.03:507][988]LogD3D11RHI: CleanupD3DDevice
[2022.09.19-15.56.03:638][988]LogD3D11RHI: ~FD3D11DynamicRHI
[2022.09.19-15.56.03:656][988]LogModuleManager: Shutting down and abandoning module BlueprintGraph (528)
[2022.09.19-15.56.03:656][988]LogModuleManager: Shutting down and abandoning module BlueprintProfiler (526)
[2022.09.19-15.56.03:657][988]LogModuleManager: Shutting down and abandoning module HierarchicalLODOutliner (524)
[2022.09.19-15.56.03:657][988]LogModuleManager: Shutting down and abandoning module CrashTracker (522)
[2022.09.19-15.56.03:657][988]LogModuleManager: Shutting down and abandoning module SceneOutliner (520)
[2022.09.19-15.56.03:658][988]LogModuleManager: Shutting down and abandoning module AddContentDialog (518)
[2022.09.19-15.56.03:658][988]LogDirectoryWatcher: A directory notification for 'D:/Games/UE_4.16/FeaturePacks/' was aborted.
[2022.09.19-15.56.03:659][988]LogModuleManager: Shutting down and abandoning module WidgetCarousel (517)
[2022.09.19-15.56.03:659][988]LogModuleManager: Shutting down and abandoning module EditorWidgets (514)
[2022.09.19-15.56.03:659][988]LogModuleManager: Shutting down and abandoning module CollectionManager (512)
[2022.09.19-15.56.03:659][988]LogDirectoryWatcher: A directory notification for 'D:/Unreal Projects/IGME797_FinalProject/Content/Collections/' was aborted.
[2022.09.19-15.56.03:659][988]LogDirectoryWatcher: A directory notification for 'D:/Unreal Projects/IGME797_FinalProject/Content/Developers/Heisen/Collections/' was aborted.
[2022.09.19-15.56.03:659][988]LogDirectoryWatcher: A directory notification for 'D:/Unreal Projects/IGME797_FinalProject/Saved/Collections/' was aborted.
[2022.09.19-15.56.03:659][988]LogModuleManager: Shutting down and abandoning module StatsViewer (510)
[2022.09.19-15.56.03:659][988]LogModuleManager: Shutting down and abandoning module FoliageEdit (508)
[2022.09.19-15.56.03:659][988]LogModuleManager: Shutting down and abandoning module LandscapeEditor (506)
[2022.09.19-15.56.03:660][988]LogModuleManager: Shutting down and abandoning module MeshPaintMode (504)
[2022.09.19-15.56.03:660][988]LogModuleManager: Shutting down and abandoning module SceneDepthPickerMode (502)
[2022.09.19-15.56.03:660][988]LogModuleManager: Shutting down and abandoning module ActorPickerMode (500)
[2022.09.19-15.56.03:660][988]LogModuleManager: Shutting down and abandoning module GeometryMode (498)
[2022.09.19-15.56.03:660][988]LogModuleManager: Shutting down and abandoning module TextureAlignMode (496)
[2022.09.19-15.56.03:660][988]LogModuleManager: Shutting down and abandoning module BspMode (494)
[2022.09.19-15.56.03:660][988]LogModuleManager: Shutting down and abandoning module HardwareSurvey (492)
[2022.09.19-15.56.03:660][988]LogModuleManager: Shutting down and abandoning module SequenceRecorderSections (490)
[2022.09.19-15.56.03:660][988]LogModuleManager: Shutting down and abandoning module AutomationWorker (488)
[2022.09.19-15.56.03:661][988]LogModuleManager: Shutting down and abandoning module MatineeToLevelSequence (486)
[2022.09.19-15.56.03:661][988]LogModuleManager: Shutting down and abandoning module LevelSequenceEditor (484)
[2022.09.19-15.56.03:663][988]LogModuleManager: Shutting down and abandoning module PlacementMode (483)
[2022.09.19-15.56.03:663][988]LogModuleManager: Shutting down and abandoning module WmfMediaFactory (480)
[2022.09.19-15.56.03:663][988]LogModuleManager: Shutting down and abandoning module WmfMediaEditor (478)
[2022.09.19-15.56.03:663][988]LogModuleManager: Shutting down and abandoning module AvfMediaFactory (476)
[2022.09.19-15.56.03:663][988]LogModuleManager: Shutting down and abandoning module AvfMediaEditor (474)
[2022.09.19-15.56.03:663][988]LogModuleManager: Shutting down and abandoning module AndroidMediaFactory (472)
[2022.09.19-15.56.03:663][988]LogModuleManager: Shutting down and abandoning module Media (471)
[2022.09.19-15.56.03:663][988]LogModuleManager: Shutting down and abandoning module AndroidMediaEditor (468)
[2022.09.19-15.56.03:663][988]LogModuleManager: Shutting down and abandoning module CharacterAI (466)
[2022.09.19-15.56.03:663][988]LogModuleManager: Shutting down and abandoning module AudioCapture (464)
[2022.09.19-15.56.03:663][988]LogModuleManager: Shutting down and abandoning module SequenceRecorder (463)
[2022.09.19-15.56.03:664][988]LogModuleManager: Shutting down and abandoning module SmartSnapping (460)
[2022.09.19-15.56.03:664][988]LogModuleManager: Shutting down and abandoning module SessionServices (458)
[2022.09.19-15.56.03:664][988]LogModuleManager: Shutting down and abandoning module ViewportSnapping (456)
[2022.09.19-15.56.03:664][988]LogModuleManager: Shutting down and abandoning module ViewportInteraction (454)
[2022.09.19-15.56.03:664][988]LogModuleManager: Shutting down and abandoning module ClothPainter (452)
[2022.09.19-15.56.03:665][988]LogModuleManager: Shutting down and abandoning module LogVisualizer (450)
[2022.09.19-15.56.03:665][988]LogModuleManager: Shutting down and abandoning module IntroTutorials (448)
[2022.09.19-15.56.03:666][988]LogModuleManager: Shutting down and abandoning module GameProjectGeneration (447)
[2022.09.19-15.56.03:667][988]LogModuleManager: Shutting down and abandoning module EditorLiveStreaming (444)
[2022.09.19-15.56.03:667][988]LogModuleManager: Shutting down and abandoning module IOSPlatformEditor (442)
[2022.09.19-15.56.03:667][988]LogModuleManager: Shutting down and abandoning module HTML5PlatformEditor (440)
[2022.09.19-15.56.03:667][988]LogModuleManager: Shutting down and abandoning module AndroidPlatformEditor (438)
[2022.09.19-15.56.03:667][988]LogModuleManager: Shutting down and abandoning module AndroidDeviceDetection (437)
[2022.09.19-15.56.04:079][988]LogModuleManager: Shutting down and abandoning module IOSRuntimeSettings (434)
[2022.09.19-15.56.04:079][988]LogModuleManager: Shutting down and abandoning module AndroidRuntimeSettings (432)
[2022.09.19-15.56.04:079][988]LogModuleManager: Shutting down and abandoning module InputBindingEditor (430)
[2022.09.19-15.56.04:080][988]LogModuleManager: Shutting down and abandoning module MergeActors (428)
[2022.09.19-15.56.04:080][988]LogModuleManager: Shutting down and abandoning module SizeMap (426)
[2022.09.19-15.56.04:080][988]LogModuleManager: Shutting down and abandoning module TreeMap (424)
[2022.09.19-15.56.04:080][988]LogModuleManager: Shutting down and abandoning module ReferenceViewer (422)
[2022.09.19-15.56.04:080][988]LogModuleManager: Shutting down and abandoning module LocalizationDashboard (420)
[2022.09.19-15.56.04:081][988]LogModuleManager: Shutting down and abandoning module LocalizationService (419)
[2022.09.19-15.56.04:081][988]LogModuleManager: Shutting down and abandoning module HardwareTargeting (416)
[2022.09.19-15.56.04:081][988]LogModuleManager: Shutting down and abandoning module DeviceProfileEditor (414)
[2022.09.19-15.56.04:081][988]LogModuleManager: Shutting down and abandoning module UndoHistory (412)
[2022.09.19-15.56.04:081][988]LogModuleManager: Shutting down and abandoning module UserFeedback (410)
[2022.09.19-15.56.04:081][988]LogModuleManager: Shutting down and abandoning module XmlParser (408)
[2022.09.19-15.56.04:081][988]LogModuleManager: Shutting down and abandoning module Blutility (406)
[2022.09.19-15.56.04:081][988]LogModuleManager: Shutting down and abandoning module ProjectSettingsViewer (404)
[2022.09.19-15.56.04:081][988]LogModuleManager: Shutting down and abandoning module ProjectTargetPlatformEditor (403)
[2022.09.19-15.56.04:081][988]LogModuleManager: Shutting down and abandoning module EditorSettingsViewer (400)
[2022.09.19-15.56.04:081][988]LogModuleManager: Shutting down and abandoning module SettingsEditor (398)
[2022.09.19-15.56.04:082][988]LogModuleManager: Shutting down and abandoning module ProjectLauncher (396)
[2022.09.19-15.56.04:082][988]LogModuleManager: Shutting down and abandoning module SessionFrontend (394)
[2022.09.19-15.56.04:082][988]LogModuleManager: Shutting down and abandoning module ProfilerClient (392)
[2022.09.19-15.56.04:082][988]LogModuleManager: Shutting down and abandoning module DeviceManager (390)
[2022.09.19-15.56.04:083][988]LogModuleManager: Shutting down and abandoning module TargetDeviceServices (389)
[2022.09.19-15.56.04:125][988]LogModuleManager: Shutting down and abandoning module AutomationController (386)
[2022.09.19-15.56.04:125][988]LogModuleManager: Shutting down and abandoning module AutomationWindow (384)
[2022.09.19-15.56.04:125][988]LogModuleManager: Shutting down and abandoning module Layers (382)
[2022.09.19-15.56.04:126][988]LogModuleManager: Shutting down and abandoning module ComponentVisualizers (380)
[2022.09.19-15.56.04:126][988]LogModuleManager: Shutting down and abandoning module DetailCustomizations (378)
[2022.09.19-15.56.04:127][988]LogModuleManager: Shutting down and abandoning module PackagesDialog (376)
[2022.09.19-15.56.04:127][988]LogModuleManager: Shutting down and abandoning module Persona (374)
[2022.09.19-15.56.04:128][988]LogModuleManager: Shutting down and abandoning module AdvancedPreviewScene (373)
[2022.09.19-15.56.04:128][988]LogModuleManager: Shutting down and abandoning module AnimGraph (371)
[2022.09.19-15.56.04:128][988]LogModuleManager: Shutting down and abandoning module Kismet (368)
[2022.09.19-15.56.04:133][988]LogModuleManager: Shutting down and abandoning module ClassViewer (366)
[2022.09.19-15.56.04:133][988]LogModuleManager: Shutting down and abandoning module Toolbox (364)
[2022.09.19-15.56.04:133][988]LogModuleManager: Shutting down and abandoning module ModuleUI (362)
[2022.09.19-15.56.04:133][988]LogModuleManager: Shutting down and abandoning module MovieSceneTools (360)
[2022.09.19-15.56.04:134][988]LogModuleManager: Shutting down and abandoning module OutputLog (358)
[2022.09.19-15.56.04:134][988]LogModuleManager: Shutting down and abandoning module GammaUI (356)
[2022.09.19-15.56.04:134][988]LogModuleManager: Shutting down and abandoning module Documentation (354)
[2022.09.19-15.56.04:134][988]LogModuleManager: Shutting down and abandoning module MovieSceneTracks (352)
[2022.09.19-15.56.04:134][988]LogModuleManager: Shutting down and abandoning module MovieScene (350)
[2022.09.19-15.56.04:134][988]LogModuleManager: Shutting down and abandoning module Niagara (348)
[2022.09.19-15.56.04:134][988]LogModuleManager: Shutting down and abandoning module NiagaraEditor (347)
[2022.09.19-15.56.04:135][988]LogModuleManager: Shutting down and abandoning module StreamingPauseRendering (344)
[2022.09.19-15.56.04:135][988]LogModuleManager: Shutting down and abandoning module AnalyticsET (342)
[2022.09.19-15.56.04:135][988]LogModuleManager: Shutting down and abandoning module PortalServices (340)
[2022.09.19-15.56.04:135][988]LogModuleManager: Shutting down and abandoning module PortalRpc (338)
[2022.09.19-15.56.04:135][988]LogModuleManager: Shutting down and abandoning module MessagingRpc (336)
[2022.09.19-15.56.04:135][988]LogModuleManager: Shutting down and abandoning module AIModule (334)
[2022.09.19-15.56.04:136][988]LogModuleManager: Shutting down and abandoning module GameplayDebugger (333)
[2022.09.19-15.56.04:136][988]LogModuleManager: Shutting down and abandoning module AITestSuite (331)
[2022.09.19-15.56.04:136][988]LogModuleManager: Shutting down and abandoning module ProfilerService (328)
[2022.09.19-15.56.04:366][988]LogModuleManager: Shutting down and abandoning module TaskGraph (326)
[2022.09.19-15.56.04:366][988]LogModuleManager: Shutting down and abandoning module SteamVRController (324)
[2022.09.19-15.56.04:366][988]LogModuleManager: Shutting down and abandoning module SteamVR (322)
[2022.09.19-15.56.04:366][988]LogModuleManager: Shutting down and abandoning module ProceduralMeshComponentEditor (320)
[2022.09.19-15.56.04:366][988]LogModuleManager: Shutting down and abandoning module ProceduralMeshComponent (318)
[2022.09.19-15.56.04:367][988]LogModuleManager: Shutting down and abandoning module OculusLibrary (316)
[2022.09.19-15.56.04:367][988]LogModuleManager: Shutting down and abandoning module OculusInput (314)
[2022.09.19-15.56.04:367][988]LogModuleManager: Shutting down and abandoning module MobilePatchingUtils (312)
[2022.09.19-15.56.04:367][988]LogModuleManager: Shutting down and abandoning module CustomMeshComponent (310)
[2022.09.19-15.56.04:367][988]LogModuleManager: Shutting down and abandoning module CableComponent (308)
[2022.09.19-15.56.04:367][988]LogModuleManager: Shutting down and abandoning module ArchVisCharacter (306)
[2022.09.19-15.56.04:367][988]LogModuleManager: Shutting down and abandoning module AndroidPermission (304)
[2022.09.19-15.56.04:367][988]LogModuleManager: Shutting down and abandoning module MediaPlayerEditor (300)
[2022.09.19-15.56.04:368][988]LogModuleManager: Shutting down and abandoning module HTML5Networking (298)
[2022.09.19-15.56.04:368][988]LogModuleManager: Shutting down and abandoning module AlembicImporter (296)
[2022.09.19-15.56.04:368][988]LogModuleManager: Shutting down and abandoning module AlembicLibrary (295)
[2022.09.19-15.56.04:368][988]LogModuleManager: Shutting down and abandoning module GeometryCache (294)
[2022.09.19-15.56.04:368][988]LogModuleManager: Shutting down and abandoning module GeometryCacheEd (293)
[2022.09.19-15.56.04:368][988]LogModuleManager: Shutting down and abandoning module SuperSearchEditor (288)
[2022.09.19-15.56.04:368][988]LogModuleManager: Shutting down and abandoning module SuperSearch (287)
[2022.09.19-15.56.04:368][988]LogModuleManager: Shutting down and abandoning module SpeedTreeImporter (284)
[2022.09.19-15.56.04:368][988]LogModuleManager: Shutting down and abandoning module PluginBrowser (282)
[2022.09.19-15.56.04:369][988]LogModuleManager: Shutting down and abandoning module MobileLauncherProfileWizard (280)
[2022.09.19-15.56.04:370][988]LogModuleManager: Shutting down and abandoning module VisualStudioSourceCodeAccess (278)
[2022.09.19-15.56.04:370][988]LogModuleManager: Shutting down and abandoning module DesktopPlatform (277)
[2022.09.19-15.56.04:370][988]LogModuleManager: Shutting down and abandoning module UObjectPlugin (274)
[2022.09.19-15.56.04:370][988]LogModuleManager: Shutting down and abandoning module SubversionSourceControl (272)
[2022.09.19-15.56.04:370][988]LogModuleManager: Shutting down and abandoning module PerforceSourceControl (270)
[2022.09.19-15.56.04:371][988]LogModuleManager: Shutting down and abandoning module GitSourceControl (268)
[2022.09.19-15.56.04:372][988]LogModuleManager: Shutting down and abandoning module SourceControl (267)
[2022.09.19-15.56.04:372][988]LogModuleManager: Shutting down and abandoning module LightPropagationVolumeEditor (264)
[2022.09.19-15.56.04:372][988]LogModuleManager: Shutting down and abandoning module PaperTiledImporter (262)
[2022.09.19-15.56.04:372][988]LogModuleManager: Shutting down and abandoning module PaperSpriteSheetImporter (260)
[2022.09.19-15.56.04:372][988]LogModuleManager: Shutting down and abandoning module Paper2DEditor (258)
[2022.09.19-15.56.04:373][988]LogModuleManager: Shutting down and abandoning module MeshPaint (257)
[2022.09.19-15.56.04:373][988]LogModuleManager: Shutting down and abandoning module LevelEditor (255)
[2022.09.19-15.56.04:374][988]LogModuleManager: Shutting down and abandoning module PixelInspectorModule (254)
[2022.09.19-15.56.04:374][988]LogModuleManager: Shutting down and abandoning module MainFrame (252)
[2022.09.19-15.56.04:374][988]LogModuleManager: Shutting down and abandoning module HotReload (251)
[2022.09.19-15.56.04:375][988]LogModuleManager: Shutting down and abandoning module PhysXVehiclesEditor (246)
[2022.09.19-15.56.04:375][988]LogModuleManager: Shutting down and abandoning module PhysXVehicles (244)
[2022.09.19-15.56.04:375][988]LogModuleManager: Shutting down and abandoning module LocationServicesBPLibrary (242)
[2022.09.19-15.56.04:375][988]LogModuleManager: Shutting down and abandoning module ImmediatePhysicsEditor (240)
[2022.09.19-15.56.04:375][988]LogModuleManager: Shutting down and abandoning module ImmediatePhysics (238)
[2022.09.19-15.56.04:375][988]LogModuleManager: Shutting down and abandoning module UdpMessaging (236)
[2022.09.19-15.56.04:476][988]LogModuleManager: Shutting down and abandoning module TcpMessaging (234)
[2022.09.19-15.56.04:577][988]LogModuleManager: Shutting down and abandoning module GameplayTagsEditor (232)
[2022.09.19-15.56.04:578][988]LogModuleManager: Shutting down and abandoning module FacialAnimationEditor (230)
[2022.09.19-15.56.04:578][988]LogModuleManager: Shutting down and abandoning module FacialAnimation (228)
[2022.09.19-15.56.04:578][988]LogModuleManager: Shutting down and abandoning module AssetManagerEditor (226)
[2022.09.19-15.56.04:578][988]LogModuleManager: Shutting down and abandoning module GraphEditor (225)
[2022.09.19-15.56.04:578][988]LogModuleManager: Shutting down and abandoning module ContentBrowser (223)
[2022.09.19-15.56.04:579][988]LogModuleManager: Shutting down and abandoning module LightPropagationVolumeRuntime (220)
[2022.09.19-15.56.04:579][988]LogModuleManager: Shutting down and abandoning module Paper2D (218)
[2022.09.19-15.56.04:579][988]LogModuleManager: Shutting down and abandoning module WindowsMoviePlayer (216)
[2022.09.19-15.56.04:579][988]LogModuleManager: Shutting down and abandoning module WmfMedia (214)
[2022.09.19-15.56.04:581][988]LogModuleManager: Shutting down and abandoning module ClothingSystemEditor (212)
[2022.09.19-15.56.04:581][988]LogModuleManager: Shutting down and abandoning module ClothingSystemRuntime (210)
[2022.09.19-15.56.04:581][988]LogModuleManager: Shutting down and abandoning module MediaAssets (208)
[2022.09.19-15.56.04:581][988]LogModuleManager: Shutting down and abandoning module GameLiveStreaming (206)
[2022.09.19-15.56.04:581][988]LogModuleManager: Shutting down and abandoning module VREditor (204)
[2022.09.19-15.56.04:582][988]LogModuleManager: Shutting down and abandoning module StringTableEditor (202)
[2022.09.19-15.56.04:582][988]LogModuleManager: Shutting down and abandoning module GameplayTasksEditor (200)
[2022.09.19-15.56.04:582][988]LogModuleManager: Shutting down and abandoning module BehaviorTreeEditor (198)
[2022.09.19-15.56.04:583][988]LogModuleManager: Shutting down and abandoning module FunctionalTesting (196)
[2022.09.19-15.56.04:583][988]LogModuleManager: Shutting down and abandoning module CollisionAnalyzer (194)
[2022.09.19-15.56.04:584][988]LogModuleManager: Shutting down and abandoning module UMG (192)
[2022.09.19-15.56.04:584][988]LogModuleManager: Shutting down and abandoning module UMGEditor (191)
[2022.09.19-15.56.04:585][988]LogModuleManager: Shutting down and abandoning module Sequencer (190)
[2022.09.19-15.56.04:586][988]LogModuleManager: Shutting down and abandoning module AssetTools (188)
[2022.09.19-15.56.04:587][988]LogModuleManager: Shutting down and abandoning module MessageLog (187)
[2022.09.19-15.56.04:587][988]LogModuleManager: Shutting down and abandoning module WorkspaceMenuStructure (186)
[2022.09.19-15.56.04:587][988]LogModuleManager: Shutting down and abandoning module SlateReflector (180)
[2022.09.19-15.56.04:589][988]LogModuleManager: Shutting down and abandoning module Slate (178)
[2022.09.19-15.56.04:589][988]LogModuleManager: Shutting down and abandoning module EditorStyle (176)
[2022.09.19-15.56.04:591][988]LogModuleManager: Shutting down and abandoning module SourceCodeAccess (174)
[2022.09.19-15.56.04:591][988]LogModuleManager: Shutting down and abandoning module HeadMountedDisplay (172)
[2022.09.19-15.56.04:591][988]LogModuleManager: Shutting down and abandoning module XAudio2 (170)
[2022.09.19-15.56.04:591][988]LogModuleManager: Shutting down and abandoning module Networking (168)
[2022.09.19-15.56.04:591][988]LogModuleManager: Shutting down and abandoning module Core (164)
[2022.09.19-15.56.04:591][988]LogModuleManager: Shutting down and abandoning module AssetRegistry (162)
[2022.09.19-15.56.04:676][988]LogDirectoryWatcher: A directory notification for '../../../Engine/Content/' was aborted.
[2022.09.19-15.56.04:676][988]LogDirectoryWatcher: A directory notification for '../../../../../Unreal Projects/IGME797_FinalProject/Content/' was aborted.
[2022.09.19-15.56.04:676][988]LogDirectoryWatcher: A directory notification for '../../../Engine/Plugins/2D/Paper2D/Content/' was aborted.
[2022.09.19-15.56.04:676][988]LogDirectoryWatcher: A directory notification for '../../../Engine/Plugins/Runtime/GearVR/Content/' was aborted.
[2022.09.19-15.56.04:680][988]LogModuleManager: Shutting down and abandoning module DirectoryWatcher (161)
[2022.09.19-15.56.04:680][988]LogModuleManager: Shutting down and abandoning module KismetCompiler (158)
[2022.09.19-15.56.04:680][988]LogModuleManager: Shutting down and abandoning module LevelSequence (156)
[2022.09.19-15.56.04:680][988]LogModuleManager: Shutting down and abandoning module PhysXFormats (154)
[2022.09.19-15.56.04:680][988]LogModuleManager: Shutting down and abandoning module MeshUtilities (152)
[2022.09.19-15.56.04:681][988]LogModuleManager: Shutting down and abandoning module SimplygonSwarm (151)
[2022.09.19-15.56.04:681][988]LogModuleManager: Shutting down and abandoning module SimplygonMeshReduction (149)
[2022.09.19-15.56.04:681][988]LogModuleManager: Shutting down and abandoning module QuadricMeshReduction (147)
[2022.09.19-15.56.04:682][988]LogModuleManager: Shutting down and abandoning module DerivedDataCache (144)
[2022.09.19-15.56.04:707][988]LogDerivedDataCache: Shutdown
[2022.09.19-15.56.04:708][988]LogModuleManager: Shutting down and abandoning module TargetPlatform (142)
[2022.09.19-15.56.04:708][988]LogModuleManager: Shutting down and abandoning module VulkanShaderFormat (141)
[2022.09.19-15.56.04:708][988]LogModuleManager: Shutting down and abandoning module ShaderFormatVectorVM (139)
[2022.09.19-15.56.04:708][988]LogModuleManager: Shutting down and abandoning module ShaderFormatOpenGL (137)
[2022.09.19-15.56.04:709][988]LogModuleManager: Shutting down and abandoning module ShaderFormatD3D (135)
[2022.09.19-15.56.04:709][988]LogModuleManager: Shutting down and abandoning module MetalShaderFormat (133)
[2022.09.19-15.56.04:709][988]LogModuleManager: Shutting down and abandoning module TextureFormatUncompressed (131)
[2022.09.19-15.56.04:709][988]LogModuleManager: Shutting down and abandoning module TextureFormatPVR (129)
[2022.09.19-15.56.04:709][988]LogModuleManager: Shutting down and abandoning module TextureFormatDXT (127)
[2022.09.19-15.56.04:709][988]LogModuleManager: Shutting down and abandoning module TextureFormatIntelISPCTexComp (125)
[2022.09.19-15.56.04:710][988]LogModuleManager: Shutting down and abandoning module TextureFormatASTC (123)
[2022.09.19-15.56.04:710][988]LogModuleManager: Shutting down and abandoning module ImageWrapper (122)
[2022.09.19-15.56.04:710][988]LogModuleManager: Shutting down and abandoning module TextureFormatAndroid (119)
[2022.09.19-15.56.04:710][988]LogModuleManager: Shutting down and abandoning module AudioFormatOpus (117)
[2022.09.19-15.56.04:710][988]LogModuleManager: Shutting down and abandoning module AudioFormatOgg (115)
[2022.09.19-15.56.04:710][988]LogModuleManager: Shutting down and abandoning module AudioFormatADPCM (113)
[2022.09.19-15.56.04:710][988]LogModuleManager: Shutting down and abandoning module LinuxTargetPlatform (111)
[2022.09.19-15.56.04:710][988]LogModuleManager: Shutting down and abandoning module LinuxServerTargetPlatform (109)
[2022.09.19-15.56.04:710][988]LogModuleManager: Shutting down and abandoning module LinuxNoEditorTargetPlatform (107)
[2022.09.19-15.56.04:710][988]LogModuleManager: Shutting down and abandoning module LinuxClientTargetPlatform (105)
[2022.09.19-15.56.04:710][988]LogModuleManager: Shutting down and abandoning module TVOSTargetPlatform (103)
[2022.09.19-15.56.04:710][988]LogModuleManager: Shutting down and abandoning module Messaging (101)
[2022.09.19-15.56.04:710][988]LogModuleManager: Shutting down and abandoning module IOSTargetPlatform (99)
[2022.09.19-15.56.04:710][988]LogModuleManager: Shutting down and abandoning module HTML5TargetPlatform (97)
[2022.09.19-15.56.04:710][988]LogModuleManager: Shutting down and abandoning module Android_PVRTCTargetPlatform (95)
[2022.09.19-15.56.04:710][988]LogModuleManager: Shutting down and abandoning module Android_MultiTargetPlatform (93)
[2022.09.19-15.56.04:710][988]LogModuleManager: Shutting down and abandoning module Android_ETC2TargetPlatform (91)
[2022.09.19-15.56.04:710][988]LogModuleManager: Shutting down and abandoning module Android_ETC1TargetPlatform (89)
[2022.09.19-15.56.04:710][988]LogModuleManager: Shutting down and abandoning module Android_DXTTargetPlatform (87)
[2022.09.19-15.56.04:710][988]LogModuleManager: Shutting down and abandoning module Android_ATCTargetPlatform (85)
[2022.09.19-15.56.04:710][988]LogModuleManager: Shutting down and abandoning module Android_ASTCTargetPlatform (83)
[2022.09.19-15.56.04:710][988]LogModuleManager: Shutting down and abandoning module AndroidTargetPlatform (81)
[2022.09.19-15.56.04:711][988]LogModuleManager: Shutting down and abandoning module WindowsTargetPlatform (79)
[2022.09.19-15.56.04:711][988]LogModuleManager: Shutting down and abandoning module WindowsServerTargetPlatform (77)
[2022.09.19-15.56.04:711][988]LogModuleManager: Shutting down and abandoning module WindowsNoEditorTargetPlatform (75)
[2022.09.19-15.56.04:711][988]LogModuleManager: Shutting down and abandoning module WindowsClientTargetPlatform (73)
[2022.09.19-15.56.04:711][988]LogModuleManager: Shutting down and abandoning module MacTargetPlatform (71)
[2022.09.19-15.56.04:711][988]LogModuleManager: Shutting down and abandoning module MacServerTargetPlatform (69)
[2022.09.19-15.56.04:711][988]LogModuleManager: Shutting down and abandoning module MacNoEditorTargetPlatform (67)
[2022.09.19-15.56.04:711][988]LogModuleManager: Shutting down and abandoning module MacClientTargetPlatform (65)
[2022.09.19-15.56.04:711][988]LogModuleManager: Shutting down and abandoning module AllDesktopTargetPlatform (63)
[2022.09.19-15.56.04:711][988]LogModuleManager: Shutting down and abandoning module InputCore (60)
[2022.09.19-15.56.04:711][988]LogModuleManager: Shutting down and abandoning module Settings (58)
[2022.09.19-15.56.04:711][988]LogModuleManager: Shutting down and abandoning module OculusRift (56)
[2022.09.19-15.56.04:711][988]LogModuleManager: Shutting down and abandoning module GearVRController (54)
[2022.09.19-15.56.04:711][988]LogModuleManager: Shutting down and abandoning module GearVR (52)
[2022.09.19-15.56.04:711][988]LogModuleManager: Shutting down and abandoning module ExampleDeviceProfileSelector (50)
[2022.09.19-15.56.04:711][988]LogModuleManager: Shutting down and abandoning module OnlineBlueprintSupport (48)
[2022.09.19-15.56.04:711][988]LogModuleManager: Shutting down and abandoning module OnlineSubsystem (44)
[2022.09.19-15.56.04:711][988]LogOnline:Display: Unloading online subsystem: NULL
[2022.09.19-15.56.04:712][988]LogModuleManager: Shutting down and abandoning module XMPP (43)
[2022.09.19-15.56.04:713][988]LogModuleManager: Shutting down and abandoning module HTTP (41)
[2022.09.19-15.56.04:713][988]LogHttp:Display: Http module shutting down, but needs to wait on 1 outstanding Http requests:
[2022.09.19-15.56.04:713][988]LogHttp:Display: 	verb=[POST] url=[https://datarouter.ol.epicgames.com/datarouter/api/v1/public/data?SessionID=%7BA084C1EF-4A32-4AB8-417E-3D9F883BD3BB%7D&AppID=UEEditor.Rocket.Release&AppVersion=4.16.3-3561208%2B%2B%2BUE4%2BRelease-4.16&UserID=c1228cdf4d46b2c3c546da9094bb0f5f%7C8d1249eee685424d842006849f43f2e4%7C89d7f4f1-cd47-4703-8aa3-c55528f67fcb&AppEnvironment=datacollector-binary&UploadType=eteventstream] status=Processing
[2022.09.19-15.56.04:742][988]LogModuleManager: Shutting down and abandoning module SSL (40)
[2022.09.19-15.56.04:743][988]LogModuleManager: Shutting down and abandoning module HTTPChunkInstaller (36)
[2022.09.19-15.56.04:744][988]LogModuleManager: Shutting down and abandoning module AnimationModifiers (34)
[2022.09.19-15.56.04:744][988]LogModuleManager: Shutting down and abandoning module PropertyEditor (33)
[2022.09.19-15.56.04:744][988]LogModuleManager: Shutting down and abandoning module AudioEditor (30)
[2022.09.19-15.56.04:745][988]LogModuleManager: Shutting down and abandoning module TextureCompressor (28)
[2022.09.19-15.56.04:745][988]LogModuleManager: Shutting down and abandoning module ShaderCore (26)
[2022.09.19-15.56.04:745][988]LogModuleManager: Shutting down and abandoning module Landscape (24)
[2022.09.19-15.56.04:745][988]LogModuleManager: Shutting down and abandoning module SlateRHIRenderer (22)
[2022.09.19-15.56.04:746][988]LogModuleManager: Shutting down and abandoning module OpenGLDrv (20)
[2022.09.19-15.56.04:747][988]LogModuleManager: Shutting down and abandoning module D3D11RHI (18)
[2022.09.19-15.56.04:747][988]LogModuleManager: Shutting down and abandoning module AnimGraphRuntime (16)
[2022.09.19-15.56.04:747][988]LogModuleManager: Shutting down and abandoning module Renderer (14)
[2022.09.19-15.56.04:747][988]LogModuleManager: Shutting down and abandoning module Engine (12)
[2022.09.19-15.56.04:747][988]LogModuleManager: Shutting down and abandoning module CoreUObject (10)
[2022.09.19-15.56.04:747][988]LogModuleManager: Shutting down and abandoning module NetworkFile (8)
[2022.09.19-15.56.04:747][988]LogModuleManager: Shutting down and abandoning module StreamingFile (6)
[2022.09.19-15.56.04:747][988]LogModuleManager: Shutting down and abandoning module SandboxFile (4)
[2022.09.19-15.56.04:748][988]LogModuleManager: Shutting down and abandoning module PakFile (2)
[2022.09.19-15.56.04:750][988]LogExit: Exiting.
[2022.09.19-15.56.04:758][988]Log file closed, 09/19/22 11:56:04
