Log file open, 04/08/22 05:52:28
LogInit:Display: Running engine for game: IGME797_FinalProject
LogPlatformFile: Not using cached read wrapper
LogInit:Display: RandInit(1390335118) SRandInit(1390335118).
LogTaskGraph: Started task graph with 5 named threads and 12 total threads with 1 sets of task threads.
LogStats: Stats thread started at 0.161273
LogInit: Using libcurl 7.47.1
LogInit:  - built for x86_64-pc-win32
LogInit:  - supports SSL with OpenSSL/1.0.2g
LogInit:  - supports HTTP deflate (compression) using libz 1.2.8
LogInit:  - other features:
LogInit:      CURL_VERSION_SSL
LogInit:      CURL_VERSION_LIBZ
LogInit:      CURL_VERSION_IPV6
LogInit:      CURL_VERSION_ASYNCHDNS
LogInit:      CURL_VERSION_LARGEFILE
LogInit:      CURL_VERSION_IDN
LogInit:  CurlRequestOptions (configurable via config and command line):
LogInit:  - bVerifyPeer = false  - Libcurl will NOT verify peer certificate
LogInit:  - bUseHttpProxy = false  - Libcurl will NOT use HTTP proxy
LogInit:  - bDontReuseConnections = false  - Libcurl will reuse connections
LogInit:  - CertBundlePath = nullptr  - Libcurl will use whatever was configured at build time.
LogInit: Build: ++UE4+Release-4.16-CL-3561208
LogInit: Engine Version: 4.16.3-3561208+++UE4+Release-4.16
LogInit: Compatible Engine Version: 4.16.0-3452394+++UE4+Release-4.16
LogInit: Net CL: 3452394
LogDevObjectVersion: Number of dev versions registered: 16
LogDevObjectVersion:   Dev-Blueprints (B0D832E4-1F89-4F0D-ACCF-7EB736FD4AA2): 9
LogDevObjectVersion:   Dev-Build (E1C64328-A22C-4D53-A36C-8E866417BD8C): 0
LogDevObjectVersion:   Dev-Core (375EC13C-06E4-48FB-B500-84F0262A717E): 2
LogDevObjectVersion:   Dev-Editor (E4B068ED-F494-42E9-A231-DA0B2E46BB41): 17
LogDevObjectVersion:   Dev-Framework (CFFC743F-43B0-4480-9391-14DF171D2073): 23
LogDevObjectVersion:   Dev-Mobile (B02B49B5-BB20-44E9-A304-32B752E40360): 0
LogDevObjectVersion:   Dev-Networking (A4E4105C-59A1-49B5-A7C5-40C4547EDFEE): 0
LogDevObjectVersion:   Dev-Online (39C831C9-5AE6-47DC-9A44-9C173E1C8E7C): 0
LogDevObjectVersion:   Dev-Physics (78F01B33-EBEA-4F98-B9B4-84EACCB95AA2): 0
LogDevObjectVersion:   Dev-Platform (6631380F-2D4D-43E0-8009-CF276956A95A): 0
LogDevObjectVersion:   Dev-Rendering (12F88B9F-8875-4AFC-A67C-D90C383ABD29): 15
LogDevObjectVersion:   Dev-Sequencer (7B5AE74C-D270-4C10-A958-57980B212A5A): 4
LogDevObjectVersion:   Dev-VR (D7296918-1DD6-4BDD-9DE2-64A83CC13884): 0
LogDevObjectVersion:   Dev-LoadTimes (C2A15278-BFE7-4AFE-6C17-90FF531DF755): 1
LogDevObjectVersion:   Private-Geometry (6EACA3D4-40EC-4CC1-B786-8BED09428FC5): 1
LogDevObjectVersion:   Dev-AnimPhys (29E575DD-E0A3-4627-9D10-D276232CDCEA): 3
LogInit: Compiled (64-bit): Jul 28 2017 11:49:47
LogInit: Compiled with Visual C++: 19.00.24215.01
LogInit: Build Configuration: Development
LogInit: Branch Name: ++UE4+Release-4.16
LogInit: Command line: 
LogInit: Base directory: D:/Games/UE_4.16/Engine/Binaries/Win64/
LogInit: Installed Engine Build: 1
LogInit: Presizing for max 8388607 objects, including 0 objects not considered by GC, pre-allocating 0 bytes for permanent pool.
LogInit: Object subsystem initialized
[2022.04.08-09.52.29:087][  0]LogInit: Selected Device Profile: [Windows]
[2022.04.08-09.52.29:087][  0]LogInit: Applying CVar settings loaded from the selected device profile: [Windows]
[2022.04.08-09.52.29:093][  0]LogInit: Computer: PARTH
[2022.04.08-09.52.29:093][  0]LogInit: User: Heisen
[2022.04.08-09.52.29:093][  0]LogInit: CPU Page size=4096, Cores=8
[2022.04.08-09.52.29:093][  0]LogInit: High frequency timer resolution =10.000000 MHz
[2022.04.08-09.52.29:093][  0]LogMemory: Memory total: Physical=15.4GB (16GB approx)
[2022.04.08-09.52.29:093][  0]LogMemory: Platform Memory Stats for Windows
[2022.04.08-09.52.29:093][  0]LogMemory: Process Physical Memory: 276.25 MB used, 276.25 MB peak
[2022.04.08-09.52.29:093][  0]LogMemory: Process Virtual Memory: 267.64 MB used, 267.64 MB peak
[2022.04.08-09.52.29:093][  0]LogMemory: Physical Memory: 7356.19 MB used,  8436.07 MB free, 15792.26 MB total
[2022.04.08-09.52.29:093][  0]LogMemory: Virtual Memory: 4769.18 MB used,  8436.07 MB free, 134217728.00 MB total
[2022.04.08-09.52.29:161][  0]LogInit: Using OS detected language (en-US).
[2022.04.08-09.52.29:161][  0]LogInit: Using OS detected locale (en-US).
[2022.04.08-09.52.29:164][  0]LogTextLocalizationManager: No specific localization for 'en-US' exists, so the 'en' localization will be used.
[2022.04.08-09.52.29:904][  0]LogD3D11RHI: D3D11 adapters:
[2022.04.08-09.52.29:989][  0]LogD3D11RHI:    0. 'NVIDIA GeForce RTX 3060 Laptop GPU' (Feature Level 11_0)
[2022.04.08-09.52.29:989][  0]LogD3D11RHI:       6023/0/7896 MB DedicatedVideo/DedicatedSystem/SharedSystem, Outputs:2, VendorId:0x10de
[2022.04.08-09.52.30:012][  0]LogD3D11RHI:    1. 'AMD Radeon(TM) Graphics' (Feature Level 11_0)
[2022.04.08-09.52.30:012][  0]LogD3D11RHI:       496/0/7896 MB DedicatedVideo/DedicatedSystem/SharedSystem, Outputs:0, VendorId:0x1002
[2022.04.08-09.52.30:014][  0]LogD3D11RHI:    2. 'Microsoft Basic Render Driver' (Feature Level 11_0)
[2022.04.08-09.52.30:014][  0]LogD3D11RHI:       0/0/7896 MB DedicatedVideo/DedicatedSystem/SharedSystem, Outputs:0, VendorId:0x1414
[2022.04.08-09.52.30:014][  0]LogD3D11RHI: Chosen D3D11 Adapter: 0
[2022.04.08-09.52.30:022][  0]LogD3D11RHI: Creating new Direct3DDevice
[2022.04.08-09.52.30:022][  0]LogD3D11RHI:     GPU DeviceId: 0x2520 (for the marketing name, search the web for "GPU Device Id")
[2022.04.08-09.52.30:022][  0]LogWindows: EnumDisplayDevices:
[2022.04.08-09.52.30:022][  0]LogWindows:    0. 'AMD Radeon(TM) Graphics' (P:0 D:1)
[2022.04.08-09.52.30:022][  0]LogWindows:    1. 'AMD Radeon(TM) Graphics' (P:1 D:1)
[2022.04.08-09.52.30:022][  0]LogWindows:    2. 'AMD Radeon(TM) Graphics' (P:0 D:0)
[2022.04.08-09.52.30:022][  0]LogWindows:    3. 'AMD Radeon(TM) Graphics' (P:0 D:0)
[2022.04.08-09.52.30:022][  0]LogWindows:    4. 'NVIDIA GeForce RTX 3060 Laptop GPU' (P:0 D:0)
[2022.04.08-09.52.30:022][  0]LogWindows:    5. 'NVIDIA GeForce RTX 3060 Laptop GPU' (P:0 D:0)
[2022.04.08-09.52.30:022][  0]LogWindows:    6. 'NVIDIA GeForce RTX 3060 Laptop GPU' (P:0 D:0)
[2022.04.08-09.52.30:022][  0]LogWindows:    7. 'NVIDIA GeForce RTX 3060 Laptop GPU' (P:0 D:0)
[2022.04.08-09.52.30:022][  0]LogWindows: DebugString: GetVideoDriverDetailsInvalid PrimaryIsNotTheChoosenAdapter GetVideoDriverDetailsInvalid PrimaryIsNotTheChoosenAdapter GetVideoDriverDetailsInvalid PrimaryIsNotTheChoosenAdapter GetVideoDriverDetailsInvalid PrimaryIsNotTheChoosenAdapter GetVideoDriverDetailsInvalid PrimaryIsNotTheChoosenAdapter GetVideoDriverDetailsInvalid PrimaryIsNotTheChoosenAdapter GetVideoDriverDetailsInvalid PrimaryIsNotTheChoosenAdapter GetVideoDriverDetailsInvalid PrimaryIsNotTheChoosenAdapter FoundDriverCount:0 
[2022.04.08-09.52.30:022][  0]LogD3D11RHI:     Adapter Name: NVIDIA GeForce RTX 3060 Laptop GPU
[2022.04.08-09.52.30:022][  0]LogD3D11RHI:   Driver Version: Unknown (internal:Unknown, unified:Unknown)
[2022.04.08-09.52.30:022][  0]LogD3D11RHI:      Driver Date: Unknown
[2022.04.08-09.52.30:022][  0]LogRHI: Texture pool is 1361 MB (70% of 1945 MB)
[2022.04.08-09.52.30:072][  0]LogD3D11RHI: Async texture creation enabled
[2022.04.08-09.52.30:085][  0]LogD3D11RHI: GPU Timing Frequency: 1000.000000 (Debug: 2 1)
[2022.04.08-09.52.30:087][  0]LogShaderCompilers: Guid format shader working directory is -5 characters bigger than the processId version (../../../../../Unreal Projects/IGME797_FinalProject/Intermediate/Shaders/WorkingDirectory/15136/).
[2022.04.08-09.52.30:087][  0]LogShaderCompilers: Cleaned the shader compiler working directory 'C:/Users/Heisen/AppData/Local/Temp/UnrealShaderWorkingDir/49153027474C89294E2B33AA02AAD2EB/'.
[2022.04.08-09.52.30:087][  0]LogShaderCompilers:Display: Using Local Shader Compiler.
[2022.04.08-09.52.30:798][  0]LogTemp:Display: Loaded TP AllDesktopTargetPlatform
[2022.04.08-09.52.30:834][  0]LogTemp:Display: Loaded TP MacClientTargetPlatform
[2022.04.08-09.52.30:870][  0]LogTemp:Display: Loaded TP MacNoEditorTargetPlatform
[2022.04.08-09.52.30:906][  0]LogTemp:Display: Loaded TP MacServerTargetPlatform
[2022.04.08-09.52.30:941][  0]LogTemp:Display: Loaded TP MacTargetPlatform
[2022.04.08-09.52.30:977][  0]LogTemp:Display: Loaded TP WindowsClientTargetPlatform
[2022.04.08-09.52.31:012][  0]LogTemp:Display: Loaded TP WindowsNoEditorTargetPlatform
[2022.04.08-09.52.31:047][  0]LogTemp:Display: Loaded TP WindowsServerTargetPlatform
[2022.04.08-09.52.31:082][  0]LogTemp:Display: Loaded TP WindowsTargetPlatform
[2022.04.08-09.52.31:115][  0]LogTemp:Display: Loaded TP AndroidTargetPlatform
[2022.04.08-09.52.31:150][  0]LogTemp:Display: Loaded TP Android_ASTCTargetPlatform
[2022.04.08-09.52.31:190][  0]LogTemp:Display: Loaded TP Android_ATCTargetPlatform
[2022.04.08-09.52.31:224][  0]LogTemp:Display: Loaded TP Android_DXTTargetPlatform
[2022.04.08-09.52.31:258][  0]LogTemp:Display: Loaded TP Android_ETC1TargetPlatform
[2022.04.08-09.52.31:293][  0]LogTemp:Display: Loaded TP Android_ETC2TargetPlatform
[2022.04.08-09.52.31:363][  0]LogTemp:Display: Loaded TP Android_MultiTargetPlatform
[2022.04.08-09.52.31:363][  0]LogTemp:Display: Loaded TP Android_PVRTCTargetPlatform
[2022.04.08-09.52.31:392][  0]LogTemp:Display: Loaded TP HTML5TargetPlatform
[2022.04.08-09.52.31:463][  0]LogTemp:Display: Loaded TP IOSTargetPlatform
[2022.04.08-09.52.31:485][  0]LogTemp:Display: Loaded TP TVOSTargetPlatform
[2022.04.08-09.52.31:518][  0]LogTemp:Display: Loaded TP LinuxClientTargetPlatform
[2022.04.08-09.52.31:552][  0]LogTemp:Display: Loaded TP LinuxNoEditorTargetPlatform
[2022.04.08-09.52.31:587][  0]LogTemp:Display: Loaded TP LinuxServerTargetPlatform
[2022.04.08-09.52.31:621][  0]LogTemp:Display: Loaded TP LinuxTargetPlatform
[2022.04.08-09.52.31:621][  0]LogTargetPlatformManager:Display: Building Assets For Windows
[2022.04.08-09.52.31:957][  0]LogDerivedDataCache:Display: Max Cache Size: 512 MB
[2022.04.08-09.52.32:020][  0]LogDerivedDataCache: Loaded boot cache 0.06s 90MB C:/Users/Heisen/AppData/Local/UnrealEngine/4.16/DerivedDataCache/Boot.ddc.
[2022.04.08-09.52.32:020][  0]LogDerivedDataCache:Display: Loaded Boot cache: C:/Users/Heisen/AppData/Local/UnrealEngine/4.16/DerivedDataCache/Boot.ddc
[2022.04.08-09.52.32:020][  0]LogDerivedDataCache: FDerivedDataBackendGraph:  Pak pak cache file ../../../../../Unreal Projects/IGME797_FinalProject/DerivedDataCache/DDC.ddp not found, will not use a pak cache.
[2022.04.08-09.52.32:020][  0]LogDerivedDataCache: Unable to find inner node Pak for hierarchical cache Hierarchy.
[2022.04.08-09.52.32:020][  0]LogDerivedDataCache: FDerivedDataBackendGraph:  CompressedPak pak cache file ../../../../../Unreal Projects/IGME797_FinalProject/DerivedDataCache/Compressed.ddp not found, will not use a pak cache.
[2022.04.08-09.52.32:020][  0]LogDerivedDataCache: Unable to find inner node CompressedPak for hierarchical cache Hierarchy.
[2022.04.08-09.52.32:032][  0]LogDerivedDataCache:Display: Pak cache opened for reading ../../../Engine/DerivedDataCache/Compressed.ddp.
[2022.04.08-09.52.32:044][  0]LogDerivedDataCache: Using Local data cache path C:/Users/Heisen/AppData/Local/UnrealEngine/Common/DerivedDataCache: Writable
[2022.04.08-09.52.32:052][  0]LogMaterial: Verifying Global Shaders for PCD3D_SM5
[2022.04.08-09.52.32:052][  0]LogSlate: Using Freetype 2.6.0
[2022.04.08-09.52.32:053][  0]LogSlate: SlateFontCache - WITH_FREETYPE: 1, WITH_HARFBUZZ: 1
[2022.04.08-09.52.32:053][  0]LogSlate: SlateFontCache - WITH_FREETYPE: 1, WITH_HARFBUZZ: 1
[2022.04.08-09.52.32:293][  0]LogInit: Selected Device Profile: [Windows]
[2022.04.08-09.52.32:355][  0]LogContentStreaming: Texture pool size is 0.00 MB
[2022.04.08-09.52.32:465][  0]LogMeshUtilities: Using QuadricMeshReduction for automatic static mesh reduction
[2022.04.08-09.52.32:498][  0]LogSimplygon: Simplygon DLL not present - disabling.
[2022.04.08-09.52.32:533][  0]LogMeshUtilities: Using SimplygonSwarm for distributed automatic mesh merging
[2022.04.08-09.52.32:533][  0]LogMeshUtilities: No automatic skeletal mesh reduction module available
[2022.04.08-09.52.32:533][  0]LogMeshUtilities: No automatic mesh merging module available
[2022.04.08-09.52.32:905][  0]LogNetVersion: IGME797_FinalProject , NetCL: 3452394, EngineNetVer: 2, GameNetVer: 0 (Checksum: 2661520208)
[2022.04.08-09.52.32:955][  0]LogAssetRegistry: FAssetRegistry took 0.0250 seconds to start up
[2022.04.08-09.52.32:992][  0]LogPackageLocalizationCache: Processed 4 localized package path(s) for 2 prioritized culture(s) in 0.022269 seconds
[2022.04.08-09.52.32:996][  0]LogUObjectArray: 34194 objects as part of root set at end of initial load.
[2022.04.08-09.52.32:996][  0]LogUObjectAllocator: 7260424 out of 0 bytes used by permanent object pool.
[2022.04.08-09.52.32:996][  0]LogUObjectArray: CloseDisregardForGC: 0/0 objects in disregard for GC pool
[2022.04.08-09.52.33:039][  0]LogInit: WinSock: version 1.1 (2.2), MaxSocks=32767, MaxUdp=65467
[2022.04.08-09.52.34:693][  0]LogTcpMessaging: Initializing TcpMessaging bridge
[2022.04.08-09.52.34:727][  0]LogUdpMessaging: Initializing bridge on interface 0.0.0.0:0 to multicast group 230.0.0.1:6666.
[2022.04.08-09.52.35:137][  0]LogMaterial: Uniform references updated for custom material expression Custom.
[2022.04.08-09.52.35:441][  0]SourceControl: Info Source control is disabled
[2022.04.08-09.52.35:495][  0]SourceControl: Info Source control is disabled
[2022.04.08-09.52.35:533][  0]SourceControl: Info Source control is disabled
[2022.04.08-09.52.35:572][  0]SourceControl: Info Source control is disabled
[2022.04.08-09.52.36:221][  0]LogAndroidPermission: UAndroidPermissionCallbackProxy::GetInstance
[2022.04.08-09.52.36:802][  0]LogEngine: Initializing Engine...
[2022.04.08-09.52.36:803][  0]LogHMD: Failed to initialize OpenVR with code 110
[2022.04.08-09.52.37:018][  0]LogStats: UGameplayTagsManager::ConstructGameplayTagTree: Construct from data asset -  0.000 s
[2022.04.08-09.52.37:019][  0]LogStats: UGameplayTagsManager::ConstructGameplayTagTree: GameplayTagTreeChangedEvent.Broadcast -  0.000 s
[2022.04.08-09.52.37:229][  0]LogAIModule: Creating AISystem for world Untitled
[2022.04.08-09.52.37:270][  0]LogInit: XAudio2 using 'Headphones (Realtek(R) Audio)' : 2 channels at 48 kHz using 16 bits per sample (channel mask 0x3)
[2022.04.08-09.52.37:294][  0]LogInit: FAudioDevice initialized.
[2022.04.08-09.52.37:337][  0]LogDerivedDataCache: Saved boot cache 0.04s 90MB C:/Users/Heisen/AppData/Local/UnrealEngine/4.16/DerivedDataCache/Boot.ddc.
[2022.04.08-09.52.37:346][  0]LogInit: Texture streaming: Enabled
[2022.04.08-09.52.37:478][  0]LogEngineSessionManager: EngineSessionManager initialized
[2022.04.08-09.52.37:651][  0]LogInit: Transaction tracking system initialized
[2022.04.08-09.52.37:895][  0]BlueprintLog: New page: Editor Load
[2022.04.08-09.52.38:628][  0]LocalizationService: Info Localization service is disabled
[2022.04.08-09.52.39:135][  0]LogConsoleResponse:Display: 
[2022.04.08-09.52.39:221][  0]LogCook:Display: Max memory allowance for cook 16384mb min free memory 0mb
[2022.04.08-09.52.39:221][  0]LogCook:Display: Mobile HDR setting 1
[2022.04.08-09.52.39:940][  0]LogFileCache: Scanning file cache for directory 'D:/Unreal Projects/IGME797_FinalProject/Content/' took 0.01s
[2022.04.08-09.52.39:940][  0]SourceControl: Info Source control is disabled
[2022.04.08-09.52.39:940][  0]Cmd: MAP LOAD FILE="../../../../../Unreal Projects/IGME797_FinalProject/Content/ThirdPersonBP/Maps/ThirdPersonExampleMap.umap" TEMPLATE=0 SHOWPROGRESS=1 FEATURELEVEL=3
[2022.04.08-09.52.39:940][  0]LightingResults: New page: Lighting Build
[2022.04.08-09.52.39:975][  0]MapCheck: New page: Map Check
[2022.04.08-09.52.39:975][  0]LightingResults: New page: Lighting Build
[2022.04.08-09.52.40:278][  0]LogAIModule: Creating AISystem for world ThirdPersonExampleMap
[2022.04.08-09.52.40:286][  0]LogEditorServer: Finished looking for orphan Actors (0.000 secs)
[2022.04.08-09.52.40:295][  0]Cmd: MAP CHECKDEP NOCLEARLOG
[2022.04.08-09.52.40:330][  0]MapCheck: Info Map check complete: 0 Error(s), 0 Warning(s), took 35.135ms to complete.
[2022.04.08-09.52.40:330][  0]LogFileHelpers: Loading map 'ThirdPersonExampleMap' took 0.390
[2022.04.08-09.52.40:451][  0]LogCollectionManager: Loaded 0 collections in 0.000615 seconds
[2022.04.08-09.52.40:516][  0]LogFileCache: Scanning file cache for directory 'D:/Unreal Projects/IGME797_FinalProject/Saved/Collections/' took 0.01s
[2022.04.08-09.52.40:516][  0]LogFileCache: Scanning file cache for directory 'D:/Unreal Projects/IGME797_FinalProject/Content/Developers/Heisen/Collections/' took 0.01s
[2022.04.08-09.52.40:516][  0]LogFileCache: Scanning file cache for directory 'D:/Unreal Projects/IGME797_FinalProject/Content/Collections/' took 0.01s
[2022.04.08-09.52.40:516][  0]LogCollectionManager: Rebuilt the GUID cache for 0 collections in 0.000001 seconds
[2022.04.08-09.52.40:523][  0]LogContentBrowser: Native class hierarchy populated in 0.0067 seconds. Added 2329 classes and 491 folders.
[2022.04.08-09.52.40:566][  0]LogContentBrowser: Native class hierarchy updated for 'WidgetCarousel' in 0.0005 seconds. Added 0 classes and 0 folders.
[2022.04.08-09.52.40:599][  0]LogContentBrowser: Native class hierarchy updated for 'AddContentDialog' in 0.0005 seconds. Added 0 classes and 0 folders.
[2022.04.08-09.52.40:629][  0]LogContentBrowser: Native class hierarchy updated for 'SceneOutliner' in 0.0005 seconds. Added 1 classes and 2 folders.
[2022.04.08-09.52.40:656][  0]LogCrashTracker: Crashtracker disabled due to settings.
[2022.04.08-09.52.40:673][  0]LogSlate: Took 0.000157 seconds to synchronously load lazily loaded font '../../../Engine/Content/Slate/Fonts/Roboto-Regular.ttf' (155K)
[2022.04.08-09.52.40:675][  0]LogSlate: Took 0.000122 seconds to synchronously load lazily loaded font '../../../Engine/Content/Slate/Fonts/Roboto-Bold.ttf' (160K)
[2022.04.08-09.52.40:677][  0]LogSlate: Took 0.000139 seconds to synchronously load lazily loaded font '../../../Engine/Content/Editor/Slate/Fonts/FontAwesome.ttf' (139K)
[2022.04.08-09.52.40:733][  0]LogRenderer: Reallocating scene render targets to support 1208x576 NumSamples 1 (Frame:1).
[2022.04.08-09.52.40:771][  0]LogSlate: Took 0.000168 seconds to synchronously load lazily loaded font '../../../Engine/Content/Slate/Fonts/Roboto-Light.ttf' (159K)
[2022.04.08-09.52.40:842][  0]LogUObjectGlobals:Warning: Failed to find object 'Class None.'
[2022.04.08-09.52.40:894][  0]LogContentBrowser: Native class hierarchy updated for 'HierarchicalLODOutliner' in 0.0005 seconds. Added 1 classes and 2 folders.
[2022.04.08-09.52.40:894][  0]LogLoad: (Engine Initialization) Total time: 13.32 seconds
[2022.04.08-09.52.40:894][  0]LogLoad: (Engine Initialization) Total Blueprint compile time: 0.11 seconds
[2022.04.08-09.52.40:894][  0]LogExternalProfiler: No external profilers were discovered.  External profiling features will not be available.
[2022.04.08-09.52.40:912][  0]LogOcInput: OculusInput pre-init called
[2022.04.08-09.52.40:912][  0]LogHMD: Starting GearVRController plugin
[2022.04.08-09.52.40:926][  0]LogAssetRegistry: Asset discovery search completed in 7.9932 seconds
[2022.04.08-09.52.40:927][  0]LogCollectionManager: Rebuilt the object cache for 0 collections in 0.000001 seconds (found 0 objects)
[2022.04.08-09.52.40:927][  0]LogCollectionManager: Fixed up redirectors for 0 collections in 0.000020 seconds (updated 0 objects)
[2022.04.08-09.52.40:930][  0]LogContentStreaming: Texture pool size now 1000 MB
[2022.04.08-09.52.47:423][248]LogSlate: Took 0.000112 seconds to synchronously load lazily loaded font '../../../Engine/Content/Slate/Fonts/Roboto-Light.ttf' (159K)
[2022.04.08-09.52.47:487][248]LogContentBrowser: Native class hierarchy updated for 'SkeletonEditor' in 0.0005 seconds. Added 1 classes and 2 folders.
[2022.04.08-09.52.47:575][248]LogActorComponent: RegisterComponentWithWorld: (/Engine/Transient.World_4:PersistentLevel.Actor_0.DebugSkelMeshComponent_0) Already registered. Aborting.
[2022.04.08-09.52.47:603][248]LogSkeletalMesh: USkeletalMeshComponent::InitArticulated : Bodies already created (/Engine/Transient.World_4:PersistentLevel.Actor_0.DebugSkelMeshComponent_0) - call TermArticulated first.
[2022.04.08-09.52.47:847][248]LogContentBrowser: Native class hierarchy updated for 'ClothingSystemEditorInterface' in 0.0006 seconds. Added 1 classes and 0 folders.
[2022.04.08-09.52.47:853][248]LogContentBrowser:Verbose: The majority of assets in the view are of type: AnimSequence
[2022.04.08-09.52.53:897][599]LogActorComponent: RegisterComponentWithWorld: (/Engine/Transient.World_7:PersistentLevel.Actor_1.DebugSkelMeshComponent_2) Already registered. Aborting.
[2022.04.08-09.52.54:119][599]LogContentBrowser: Native class hierarchy updated for 'BlueprintGraph' in 0.0007 seconds. Added 112 classes and 0 folders.
[2022.04.08-09.52.54:463][599]LogSkeletalMesh: USkeletalMeshComponent::InitArticulated : Bodies already created (/Engine/Transient.World_7:PersistentLevel.Actor_1.DebugSkelMeshComponent_2) - call TermArticulated first.
[2022.04.08-09.52.54:582][599]LogSlate: Took 0.000176 seconds to synchronously load lazily loaded font '../../../Engine/Content/Slate/Fonts/Roboto-Regular.ttf' (155K)
[2022.04.08-09.52.54:619][599]LogSlate: Took 0.000213 seconds to synchronously load lazily loaded font '../../../Engine/Content/Editor/Slate/Fonts/Roboto-BoldCondensed.ttf' (158K)
[2022.04.08-09.52.54:670][599]LogContentBrowser:Verbose: The majority of assets in the view are of type: AnimSequence
[2022.04.08-09.52.59:254][873]LogSlate: Took 0.000191 seconds to synchronously load lazily loaded font '../../../Engine/Content/Editor/Slate/Fonts/Roboto-Italic.ttf' (157K)
[2022.04.08-09.53.05:382][239]LogActorComponent: RegisterComponentWithWorld: (/Engine/Transient.World_10:PersistentLevel.Actor_2.DebugSkelMeshComponent_4) Already registered. Aborting.
[2022.04.08-09.53.05:402][239]LogSkeletalMesh: USkeletalMeshComponent::InitArticulated : Bodies already created (/Engine/Transient.World_10:PersistentLevel.Actor_2.DebugSkelMeshComponent_4) - call TermArticulated first.
[2022.04.08-09.53.05:607][239]LogContentBrowser:Verbose: The majority of assets in the view are of type: AnimSequence
[2022.04.08-09.53.28:561][541]LogActorComponent: RegisterComponentWithWorld: (/Engine/Transient.World_15:PersistentLevel.Actor_3.DebugSkelMeshComponent_6) Already registered. Aborting.
[2022.04.08-09.53.28:587][541]LogSkeletalMesh: USkeletalMeshComponent::InitArticulated : Bodies already created (/Engine/Transient.World_15:PersistentLevel.Actor_3.DebugSkelMeshComponent_6) - call TermArticulated first.
[2022.04.08-09.53.28:794][541]LogContentBrowser:Verbose: The majority of assets in the view are of type: AnimSequence
[2022.04.08-09.53.31:371][688]LogActorComponent: RegisterComponentWithWorld: (/Engine/Transient.World_18:PersistentLevel.Actor_4.DebugSkelMeshComponent_8) Already registered. Aborting.
[2022.04.08-09.53.31:515][688]LogSkeletalMesh: USkeletalMeshComponent::InitArticulated : Bodies already created (/Engine/Transient.World_18:PersistentLevel.Actor_4.DebugSkelMeshComponent_8) - call TermArticulated first.
[2022.04.08-09.53.31:696][688]LogContentBrowser:Verbose: The majority of assets in the view are of type: AnimSequence
[2022.04.08-09.54.09:226][107]BlueprintLog: New page: Compile Swat_AnimBP
[2022.04.08-09.54.09:237][107]LogBlueprint:Warning: [Compiler Swat_AnimBP] Warning  Idle to Crouching  will never be taken, please connect something to  Can Enter Transition
[2022.04.08-09.54.09:237][107]LogBlueprint:Warning: [Compiler Swat_AnimBP] Warning  Crouching to Walk_Run  will never be taken, please connect something to  Can Enter Transition
[2022.04.08-09.54.09:237][107]LogBlueprint:Warning: [Compiler Swat_AnimBP] Warning  Walk_Run to Crouching  will never be taken, please connect something to  Can Enter Transition
[2022.04.08-09.54.09:237][107]LogBlueprint:Warning: [Compiler Swat_AnimBP] Warning  Crouching to Idle  will never be taken, please connect something to  Can Enter Transition
[2022.04.08-09.54.09:326][107]BlueprintEditorCompileResults: Info  Result  was visible but ignored
[2022.04.08-09.54.09:326][107]BlueprintEditorCompileResults:Warning: Warning  Idle to Crouching  will never be taken, please connect something to  Can Enter Transition
[2022.04.08-09.54.09:326][107]BlueprintEditorCompileResults:Warning: Warning  Crouching to Walk_Run  will never be taken, please connect something to  Can Enter Transition
[2022.04.08-09.54.09:326][107]BlueprintEditorCompileResults:Warning: Warning  Walk_Run to Crouching  will never be taken, please connect something to  Can Enter Transition
[2022.04.08-09.54.09:326][107]BlueprintEditorCompileResults:Warning: Warning  Crouching to Idle  will never be taken, please connect something to  Can Enter Transition
[2022.04.08-09.54.09:327][107]LogBlueprint:Warning: [Compiler Swat_AnimBP] Warning [0101.75] Compile of Swat_AnimBP successful, but with 4 Warning(s) [in 100 ms] (/Game/ThirdPersonBP/Blueprints/Character/Swat_AnimBP.Swat_AnimBP)
[2022.04.08-09.54.09:798][131]LogSavePackage: Save=41.65ms
[2022.04.08-09.54.09:798][131]LogSavePackage: Moving '../../../../../Unreal Projects/IGME797_FinalProject/Saved/Swat_AnimBP9A9491504C50E1270D3CEF81C87DA0B8.tmp' to '../../../../../Unreal Projects/IGME797_FinalProject/Content/ThirdPersonBP/Blueprints/Character/Swat_AnimBP.uasset'
[2022.04.08-09.54.09:798][131]LogFileManager:Warning: DeleteFile was unable to delete '../../../../../Unreal Projects/IGME797_FinalProject/Content/ThirdPersonBP/Blueprints/Character/Swat_AnimBP.uasset', retrying in .5s...
[2022.04.08-09.54.10:299][131]LogFileManager:Error: Error deleting file '../../../../../Unreal Projects/IGME797_FinalProject/Content/ThirdPersonBP/Blueprints/Character/Swat_AnimBP.uasset'.
[2022.04.08-09.54.10:299][131]LogSavePackage:Error: Error saving '../../../../../Unreal Projects/IGME797_FinalProject/Content/ThirdPersonBP/Blueprints/Character/Swat_AnimBP.uasset'
[2022.04.08-09.54.10:300][131]LogSavePackage:Display: Finished SavePackage ../../../../../Unreal Projects/IGME797_FinalProject/Content/ThirdPersonBP/Blueprints/Character/Swat_AnimBP.uasset
[2022.04.08-09.54.17:544][131]EditorErrors: New page: Save Output
[2022.04.08-09.54.17:544][131]EditorErrors:Warning: Warning Error saving '../../../../../Unreal Projects/IGME797_FinalProject/Content/ThirdPersonBP/Blueprints/Character/Swat_AnimBP.uasset'
[2022.04.08-09.54.31:566][680]LogSavePackage: Save=36.61ms
[2022.04.08-09.54.31:566][680]LogSavePackage: Moving '../../../../../Unreal Projects/IGME797_FinalProject/Saved/Swat_AnimBP449AC51342CD2B0D7FE40DA21A9F958D.tmp' to '../../../../../Unreal Projects/IGME797_FinalProject/Content/ThirdPersonBP/Blueprints/Character/Swat_AnimBP.uasset'
[2022.04.08-09.54.31:566][680]LogFileManager:Warning: DeleteFile was unable to delete '../../../../../Unreal Projects/IGME797_FinalProject/Content/ThirdPersonBP/Blueprints/Character/Swat_AnimBP.uasset', retrying in .5s...
[2022.04.08-09.54.32:067][680]LogFileManager:Error: Error deleting file '../../../../../Unreal Projects/IGME797_FinalProject/Content/ThirdPersonBP/Blueprints/Character/Swat_AnimBP.uasset'.
[2022.04.08-09.54.32:067][680]LogSavePackage:Error: Error saving '../../../../../Unreal Projects/IGME797_FinalProject/Content/ThirdPersonBP/Blueprints/Character/Swat_AnimBP.uasset'
[2022.04.08-09.54.32:068][680]LogSavePackage:Display: Finished SavePackage ../../../../../Unreal Projects/IGME797_FinalProject/Content/ThirdPersonBP/Blueprints/Character/Swat_AnimBP.uasset
[2022.04.08-09.54.37:044][680]EditorErrors: New page: Save Output
[2022.04.08-09.54.37:044][680]EditorErrors:Warning: Warning Error saving '../../../../../Unreal Projects/IGME797_FinalProject/Content/ThirdPersonBP/Blueprints/Character/Swat_AnimBP.uasset'
[2022.04.08-09.54.46:943][160]LogSavePackage: Save=35.63ms
[2022.04.08-09.54.46:943][160]LogSavePackage: Moving '../../../../../Unreal Projects/IGME797_FinalProject/Saved/Swat_AnimBPAA054AB048FE0F9B807AC4985A3CADA5.tmp' to '../../../../../Unreal Projects/IGME797_FinalProject/Content/ThirdPersonBP/Blueprints/Character/Swat_AnimBP.uasset'
[2022.04.08-09.54.46:943][160]LogFileManager:Warning: DeleteFile was unable to delete '../../../../../Unreal Projects/IGME797_FinalProject/Content/ThirdPersonBP/Blueprints/Character/Swat_AnimBP.uasset', retrying in .5s...
[2022.04.08-09.54.47:444][160]LogFileManager:Error: Error deleting file '../../../../../Unreal Projects/IGME797_FinalProject/Content/ThirdPersonBP/Blueprints/Character/Swat_AnimBP.uasset'.
[2022.04.08-09.54.47:444][160]LogSavePackage:Error: Error saving '../../../../../Unreal Projects/IGME797_FinalProject/Content/ThirdPersonBP/Blueprints/Character/Swat_AnimBP.uasset'
[2022.04.08-09.54.47:445][160]LogSavePackage:Display: Finished SavePackage ../../../../../Unreal Projects/IGME797_FinalProject/Content/ThirdPersonBP/Blueprints/Character/Swat_AnimBP.uasset
[2022.04.08-09.54.49:034][160]EditorErrors: New page: Save Output
[2022.04.08-09.54.49:034][160]EditorErrors:Warning: Warning Error saving '../../../../../Unreal Projects/IGME797_FinalProject/Content/ThirdPersonBP/Blueprints/Character/Swat_AnimBP.uasset'
[2022.04.08-09.54.51:923][249]LogSavePackage: Save=35.76ms
[2022.04.08-09.54.51:923][249]LogSavePackage: Moving '../../../../../Unreal Projects/IGME797_FinalProject/Saved/Swat_AnimBP1BAB4DA545FA8FE1D83C61857BE0BEAE.tmp' to '../../../../../Unreal Projects/IGME797_FinalProject/Content/ThirdPersonBP/Blueprints/Character/Swat_AnimBP.uasset'
[2022.04.08-09.54.51:924][249]LogFileManager:Warning: DeleteFile was unable to delete '../../../../../Unreal Projects/IGME797_FinalProject/Content/ThirdPersonBP/Blueprints/Character/Swat_AnimBP.uasset', retrying in .5s...
[2022.04.08-09.54.52:424][249]LogFileManager:Error: Error deleting file '../../../../../Unreal Projects/IGME797_FinalProject/Content/ThirdPersonBP/Blueprints/Character/Swat_AnimBP.uasset'.
[2022.04.08-09.54.52:424][249]LogSavePackage:Error: Error saving '../../../../../Unreal Projects/IGME797_FinalProject/Content/ThirdPersonBP/Blueprints/Character/Swat_AnimBP.uasset'
[2022.04.08-09.54.52:425][249]LogSavePackage:Display: Finished SavePackage ../../../../../Unreal Projects/IGME797_FinalProject/Content/ThirdPersonBP/Blueprints/Character/Swat_AnimBP.uasset
[2022.04.08-09.54.53:150][249]EditorErrors: New page: Save Output
[2022.04.08-09.54.53:150][249]EditorErrors:Warning: Warning Error saving '../../../../../Unreal Projects/IGME797_FinalProject/Content/ThirdPersonBP/Blueprints/Character/Swat_AnimBP.uasset'
[2022.04.08-09.54.54:923][250]Cmd: QUIT_EDITOR
[2022.04.08-09.54.54:934][250]LogWindowsTextInputMethodSystem:Display: IME system now deactivated.
[2022.04.08-09.54.54:942][250]LogExit: Preparing to exit.
[2022.04.08-09.54.55:857][250]LogDirectoryWatcher: A directory notification for 'D:/Unreal Projects/IGME797_FinalProject/Content/' was aborted.
[2022.04.08-09.54.55:885][250]LogExit: Editor shut down
[2022.04.08-09.54.55:890][250]LogExit: Transaction tracking system shut down
[2022.04.08-09.54.55:976][250]LogObj: Freed 0b from 0 cluster array pools.
[2022.04.08-09.54.55:977][250]LogExit: Object subsystem successfully closed.
[2022.04.08-09.54.55:993][250]LogD3D11RHI: Shutdown
[2022.04.08-09.54.55:993][250]LogD3D11RHI: CleanupD3DDevice
[2022.04.08-09.54.56:079][250]LogD3D11RHI: ~FD3D11DynamicRHI
[2022.04.08-09.54.56:084][250]LogModuleManager: Shutting down and abandoning module BlueprintGraph (536)
[2022.04.08-09.54.56:084][250]LogModuleManager: Shutting down and abandoning module BlueprintProfiler (534)
[2022.04.08-09.54.56:084][250]LogModuleManager: Shutting down and abandoning module AnimationBlueprintEditor (532)
[2022.04.08-09.54.56:084][250]LogModuleManager: Shutting down and abandoning module ClothingSystemEditorInterface (530)
[2022.04.08-09.54.56:084][250]LogModuleManager: Shutting down and abandoning module SkeletonEditor (528)
[2022.04.08-09.54.56:084][250]LogModuleManager: Shutting down and abandoning module AnimationEditor (526)
[2022.04.08-09.54.56:084][250]LogModuleManager: Shutting down and abandoning module HierarchicalLODOutliner (524)
[2022.04.08-09.54.56:084][250]LogModuleManager: Shutting down and abandoning module CrashTracker (522)
[2022.04.08-09.54.56:084][250]LogModuleManager: Shutting down and abandoning module SceneOutliner (520)
[2022.04.08-09.54.56:084][250]LogModuleManager: Shutting down and abandoning module AddContentDialog (518)
[2022.04.08-09.54.56:084][250]LogDirectoryWatcher: A directory notification for 'D:/Games/UE_4.16/FeaturePacks/' was aborted.
[2022.04.08-09.54.56:085][250]LogModuleManager: Shutting down and abandoning module WidgetCarousel (517)
[2022.04.08-09.54.56:085][250]LogModuleManager: Shutting down and abandoning module EditorWidgets (514)
[2022.04.08-09.54.56:085][250]LogModuleManager: Shutting down and abandoning module CollectionManager (512)
[2022.04.08-09.54.56:085][250]LogDirectoryWatcher: A directory notification for 'D:/Unreal Projects/IGME797_FinalProject/Content/Collections/' was aborted.
[2022.04.08-09.54.56:085][250]LogDirectoryWatcher: A directory notification for 'D:/Unreal Projects/IGME797_FinalProject/Content/Developers/Heisen/Collections/' was aborted.
[2022.04.08-09.54.56:085][250]LogDirectoryWatcher: A directory notification for 'D:/Unreal Projects/IGME797_FinalProject/Saved/Collections/' was aborted.
[2022.04.08-09.54.56:085][250]LogModuleManager: Shutting down and abandoning module StatsViewer (510)
[2022.04.08-09.54.56:085][250]LogModuleManager: Shutting down and abandoning module FoliageEdit (508)
[2022.04.08-09.54.56:085][250]LogModuleManager: Shutting down and abandoning module LandscapeEditor (506)
[2022.04.08-09.54.56:085][250]LogModuleManager: Shutting down and abandoning module MeshPaintMode (504)
[2022.04.08-09.54.56:085][250]LogModuleManager: Shutting down and abandoning module SceneDepthPickerMode (502)
[2022.04.08-09.54.56:085][250]LogModuleManager: Shutting down and abandoning module ActorPickerMode (500)
[2022.04.08-09.54.56:085][250]LogModuleManager: Shutting down and abandoning module GeometryMode (498)
[2022.04.08-09.54.56:085][250]LogModuleManager: Shutting down and abandoning module TextureAlignMode (496)
[2022.04.08-09.54.56:085][250]LogModuleManager: Shutting down and abandoning module BspMode (494)
[2022.04.08-09.54.56:085][250]LogModuleManager: Shutting down and abandoning module HardwareSurvey (492)
[2022.04.08-09.54.56:085][250]LogModuleManager: Shutting down and abandoning module SequenceRecorderSections (490)
[2022.04.08-09.54.56:085][250]LogModuleManager: Shutting down and abandoning module AutomationWorker (488)
[2022.04.08-09.54.56:085][250]LogModuleManager: Shutting down and abandoning module MatineeToLevelSequence (486)
[2022.04.08-09.54.56:085][250]LogModuleManager: Shutting down and abandoning module LevelSequenceEditor (484)
[2022.04.08-09.54.56:085][250]LogModuleManager: Shutting down and abandoning module PlacementMode (483)
[2022.04.08-09.54.56:085][250]LogModuleManager: Shutting down and abandoning module WmfMediaFactory (480)
[2022.04.08-09.54.56:085][250]LogModuleManager: Shutting down and abandoning module WmfMediaEditor (478)
[2022.04.08-09.54.56:085][250]LogModuleManager: Shutting down and abandoning module AvfMediaFactory (476)
[2022.04.08-09.54.56:085][250]LogModuleManager: Shutting down and abandoning module AvfMediaEditor (474)
[2022.04.08-09.54.56:085][250]LogModuleManager: Shutting down and abandoning module AndroidMediaFactory (472)
[2022.04.08-09.54.56:085][250]LogModuleManager: Shutting down and abandoning module Media (471)
[2022.04.08-09.54.56:085][250]LogModuleManager: Shutting down and abandoning module AndroidMediaEditor (468)
[2022.04.08-09.54.56:085][250]LogModuleManager: Shutting down and abandoning module CharacterAI (466)
[2022.04.08-09.54.56:085][250]LogModuleManager: Shutting down and abandoning module AudioCapture (464)
[2022.04.08-09.54.56:085][250]LogModuleManager: Shutting down and abandoning module SequenceRecorder (463)
[2022.04.08-09.54.56:085][250]LogModuleManager: Shutting down and abandoning module SmartSnapping (460)
[2022.04.08-09.54.56:085][250]LogModuleManager: Shutting down and abandoning module SessionServices (458)
[2022.04.08-09.54.56:085][250]LogModuleManager: Shutting down and abandoning module ViewportSnapping (456)
[2022.04.08-09.54.56:085][250]LogModuleManager: Shutting down and abandoning module ViewportInteraction (454)
[2022.04.08-09.54.56:085][250]LogModuleManager: Shutting down and abandoning module ClothPainter (452)
[2022.04.08-09.54.56:085][250]LogModuleManager: Shutting down and abandoning module LogVisualizer (450)
[2022.04.08-09.54.56:085][250]LogModuleManager: Shutting down and abandoning module IntroTutorials (448)
[2022.04.08-09.54.56:086][250]LogModuleManager: Shutting down and abandoning module GameProjectGeneration (447)
[2022.04.08-09.54.56:086][250]LogModuleManager: Shutting down and abandoning module EditorLiveStreaming (444)
[2022.04.08-09.54.56:086][250]LogModuleManager: Shutting down and abandoning module IOSPlatformEditor (442)
[2022.04.08-09.54.56:086][250]LogModuleManager: Shutting down and abandoning module HTML5PlatformEditor (440)
[2022.04.08-09.54.56:086][250]LogModuleManager: Shutting down and abandoning module AndroidPlatformEditor (438)
[2022.04.08-09.54.56:086][250]LogModuleManager: Shutting down and abandoning module AndroidDeviceDetection (437)
[2022.04.08-09.54.56:906][250]LogModuleManager: Shutting down and abandoning module IOSRuntimeSettings (434)
[2022.04.08-09.54.56:906][250]LogModuleManager: Shutting down and abandoning module AndroidRuntimeSettings (432)
[2022.04.08-09.54.56:906][250]LogModuleManager: Shutting down and abandoning module InputBindingEditor (430)
[2022.04.08-09.54.56:906][250]LogModuleManager: Shutting down and abandoning module MergeActors (428)
[2022.04.08-09.54.56:906][250]LogModuleManager: Shutting down and abandoning module SizeMap (426)
[2022.04.08-09.54.56:906][250]LogModuleManager: Shutting down and abandoning module TreeMap (424)
[2022.04.08-09.54.56:906][250]LogModuleManager: Shutting down and abandoning module ReferenceViewer (422)
[2022.04.08-09.54.56:906][250]LogModuleManager: Shutting down and abandoning module LocalizationDashboard (420)
[2022.04.08-09.54.56:906][250]LogModuleManager: Shutting down and abandoning module LocalizationService (419)
[2022.04.08-09.54.56:906][250]LogModuleManager: Shutting down and abandoning module HardwareTargeting (416)
[2022.04.08-09.54.56:906][250]LogModuleManager: Shutting down and abandoning module DeviceProfileEditor (414)
[2022.04.08-09.54.56:906][250]LogModuleManager: Shutting down and abandoning module UndoHistory (412)
[2022.04.08-09.54.56:906][250]LogModuleManager: Shutting down and abandoning module UserFeedback (410)
[2022.04.08-09.54.56:906][250]LogModuleManager: Shutting down and abandoning module XmlParser (408)
[2022.04.08-09.54.56:906][250]LogModuleManager: Shutting down and abandoning module Blutility (406)
[2022.04.08-09.54.56:906][250]LogModuleManager: Shutting down and abandoning module ProjectSettingsViewer (404)
[2022.04.08-09.54.56:906][250]LogModuleManager: Shutting down and abandoning module ProjectTargetPlatformEditor (403)
[2022.04.08-09.54.56:907][250]LogModuleManager: Shutting down and abandoning module EditorSettingsViewer (400)
[2022.04.08-09.54.56:907][250]LogModuleManager: Shutting down and abandoning module SettingsEditor (398)
[2022.04.08-09.54.56:907][250]LogModuleManager: Shutting down and abandoning module ProjectLauncher (396)
[2022.04.08-09.54.56:907][250]LogModuleManager: Shutting down and abandoning module SessionFrontend (394)
[2022.04.08-09.54.56:907][250]LogModuleManager: Shutting down and abandoning module ProfilerClient (392)
[2022.04.08-09.54.56:907][250]LogModuleManager: Shutting down and abandoning module DeviceManager (390)
[2022.04.08-09.54.56:907][250]LogModuleManager: Shutting down and abandoning module TargetDeviceServices (389)
[2022.04.08-09.54.56:949][250]LogModuleManager: Shutting down and abandoning module AutomationController (386)
[2022.04.08-09.54.56:949][250]LogModuleManager: Shutting down and abandoning module AutomationWindow (384)
[2022.04.08-09.54.56:949][250]LogModuleManager: Shutting down and abandoning module Layers (382)
[2022.04.08-09.54.56:949][250]LogModuleManager: Shutting down and abandoning module ComponentVisualizers (380)
[2022.04.08-09.54.56:949][250]LogModuleManager: Shutting down and abandoning module DetailCustomizations (378)
[2022.04.08-09.54.56:949][250]LogModuleManager: Shutting down and abandoning module PackagesDialog (376)
[2022.04.08-09.54.56:949][250]LogModuleManager: Shutting down and abandoning module Persona (374)
[2022.04.08-09.54.56:949][250]LogModuleManager: Shutting down and abandoning module AdvancedPreviewScene (373)
[2022.04.08-09.54.56:949][250]LogModuleManager: Shutting down and abandoning module AnimGraph (371)
[2022.04.08-09.54.56:949][250]LogModuleManager: Shutting down and abandoning module Kismet (368)
[2022.04.08-09.54.56:954][250]LogModuleManager: Shutting down and abandoning module ClassViewer (366)
[2022.04.08-09.54.56:954][250]LogModuleManager: Shutting down and abandoning module Toolbox (364)
[2022.04.08-09.54.56:954][250]LogModuleManager: Shutting down and abandoning module ModuleUI (362)
[2022.04.08-09.54.56:954][250]LogModuleManager: Shutting down and abandoning module MovieSceneTools (360)
[2022.04.08-09.54.56:954][250]LogModuleManager: Shutting down and abandoning module OutputLog (358)
[2022.04.08-09.54.56:954][250]LogModuleManager: Shutting down and abandoning module GammaUI (356)
[2022.04.08-09.54.56:954][250]LogModuleManager: Shutting down and abandoning module Documentation (354)
[2022.04.08-09.54.56:954][250]LogModuleManager: Shutting down and abandoning module MovieSceneTracks (352)
[2022.04.08-09.54.56:954][250]LogModuleManager: Shutting down and abandoning module MovieScene (350)
[2022.04.08-09.54.56:954][250]LogModuleManager: Shutting down and abandoning module Niagara (348)
[2022.04.08-09.54.56:954][250]LogModuleManager: Shutting down and abandoning module NiagaraEditor (347)
[2022.04.08-09.54.56:954][250]LogModuleManager: Shutting down and abandoning module StreamingPauseRendering (344)
[2022.04.08-09.54.56:954][250]LogModuleManager: Shutting down and abandoning module AnalyticsET (342)
[2022.04.08-09.54.56:954][250]LogModuleManager: Shutting down and abandoning module PortalServices (340)
[2022.04.08-09.54.56:954][250]LogModuleManager: Shutting down and abandoning module PortalRpc (338)
[2022.04.08-09.54.56:954][250]LogModuleManager: Shutting down and abandoning module MessagingRpc (336)
[2022.04.08-09.54.56:954][250]LogModuleManager: Shutting down and abandoning module AIModule (334)
[2022.04.08-09.54.56:954][250]LogModuleManager: Shutting down and abandoning module GameplayDebugger (333)
[2022.04.08-09.54.56:954][250]LogModuleManager: Shutting down and abandoning module AITestSuite (331)
[2022.04.08-09.54.56:954][250]LogModuleManager: Shutting down and abandoning module ProfilerService (328)
[2022.04.08-09.54.57:149][250]LogModuleManager: Shutting down and abandoning module TaskGraph (326)
[2022.04.08-09.54.57:149][250]LogModuleManager: Shutting down and abandoning module SteamVRController (324)
[2022.04.08-09.54.57:149][250]LogModuleManager: Shutting down and abandoning module SteamVR (322)
[2022.04.08-09.54.57:149][250]LogModuleManager: Shutting down and abandoning module ProceduralMeshComponentEditor (320)
[2022.04.08-09.54.57:149][250]LogModuleManager: Shutting down and abandoning module ProceduralMeshComponent (318)
[2022.04.08-09.54.57:149][250]LogModuleManager: Shutting down and abandoning module OculusLibrary (316)
[2022.04.08-09.54.57:149][250]LogModuleManager: Shutting down and abandoning module OculusInput (314)
[2022.04.08-09.54.57:149][250]LogModuleManager: Shutting down and abandoning module MobilePatchingUtils (312)
[2022.04.08-09.54.57:149][250]LogModuleManager: Shutting down and abandoning module CustomMeshComponent (310)
[2022.04.08-09.54.57:149][250]LogModuleManager: Shutting down and abandoning module CableComponent (308)
[2022.04.08-09.54.57:149][250]LogModuleManager: Shutting down and abandoning module ArchVisCharacter (306)
[2022.04.08-09.54.57:149][250]LogModuleManager: Shutting down and abandoning module AndroidPermission (304)
[2022.04.08-09.54.57:149][250]LogModuleManager: Shutting down and abandoning module MediaPlayerEditor (300)
[2022.04.08-09.54.57:149][250]LogModuleManager: Shutting down and abandoning module HTML5Networking (298)
[2022.04.08-09.54.57:149][250]LogModuleManager: Shutting down and abandoning module AlembicImporter (296)
[2022.04.08-09.54.57:149][250]LogModuleManager: Shutting down and abandoning module AlembicLibrary (295)
[2022.04.08-09.54.57:150][250]LogModuleManager: Shutting down and abandoning module GeometryCache (294)
[2022.04.08-09.54.57:150][250]LogModuleManager: Shutting down and abandoning module GeometryCacheEd (293)
[2022.04.08-09.54.57:150][250]LogModuleManager: Shutting down and abandoning module SuperSearchEditor (288)
[2022.04.08-09.54.57:150][250]LogModuleManager: Shutting down and abandoning module SuperSearch (287)
[2022.04.08-09.54.57:150][250]LogModuleManager: Shutting down and abandoning module SpeedTreeImporter (284)
[2022.04.08-09.54.57:150][250]LogModuleManager: Shutting down and abandoning module PluginBrowser (282)
[2022.04.08-09.54.57:150][250]LogModuleManager: Shutting down and abandoning module MobileLauncherProfileWizard (280)
[2022.04.08-09.54.57:150][250]LogModuleManager: Shutting down and abandoning module VisualStudioSourceCodeAccess (278)
[2022.04.08-09.54.57:150][250]LogModuleManager: Shutting down and abandoning module DesktopPlatform (277)
[2022.04.08-09.54.57:150][250]LogModuleManager: Shutting down and abandoning module UObjectPlugin (274)
[2022.04.08-09.54.57:150][250]LogModuleManager: Shutting down and abandoning module SubversionSourceControl (272)
[2022.04.08-09.54.57:150][250]LogModuleManager: Shutting down and abandoning module PerforceSourceControl (270)
[2022.04.08-09.54.57:150][250]LogModuleManager: Shutting down and abandoning module GitSourceControl (268)
[2022.04.08-09.54.57:150][250]LogModuleManager: Shutting down and abandoning module SourceControl (267)
[2022.04.08-09.54.57:150][250]LogModuleManager: Shutting down and abandoning module LightPropagationVolumeEditor (264)
[2022.04.08-09.54.57:150][250]LogModuleManager: Shutting down and abandoning module PaperTiledImporter (262)
[2022.04.08-09.54.57:150][250]LogModuleManager: Shutting down and abandoning module PaperSpriteSheetImporter (260)
[2022.04.08-09.54.57:150][250]LogModuleManager: Shutting down and abandoning module Paper2DEditor (258)
[2022.04.08-09.54.57:150][250]LogModuleManager: Shutting down and abandoning module MeshPaint (257)
[2022.04.08-09.54.57:150][250]LogModuleManager: Shutting down and abandoning module LevelEditor (255)
[2022.04.08-09.54.57:150][250]LogModuleManager: Shutting down and abandoning module PixelInspectorModule (254)
[2022.04.08-09.54.57:150][250]LogModuleManager: Shutting down and abandoning module MainFrame (252)
[2022.04.08-09.54.57:150][250]LogModuleManager: Shutting down and abandoning module HotReload (251)
[2022.04.08-09.54.57:151][250]LogModuleManager: Shutting down and abandoning module PhysXVehiclesEditor (246)
[2022.04.08-09.54.57:151][250]LogModuleManager: Shutting down and abandoning module PhysXVehicles (244)
[2022.04.08-09.54.57:151][250]LogModuleManager: Shutting down and abandoning module LocationServicesBPLibrary (242)
[2022.04.08-09.54.57:151][250]LogModuleManager: Shutting down and abandoning module ImmediatePhysicsEditor (240)
[2022.04.08-09.54.57:151][250]LogModuleManager: Shutting down and abandoning module ImmediatePhysics (238)
[2022.04.08-09.54.57:151][250]LogModuleManager: Shutting down and abandoning module UdpMessaging (236)
[2022.04.08-09.54.57:252][250]LogModuleManager: Shutting down and abandoning module TcpMessaging (234)
[2022.04.08-09.54.57:352][250]LogModuleManager: Shutting down and abandoning module GameplayTagsEditor (232)
[2022.04.08-09.54.57:352][250]LogModuleManager: Shutting down and abandoning module FacialAnimationEditor (230)
[2022.04.08-09.54.57:352][250]LogModuleManager: Shutting down and abandoning module FacialAnimation (228)
[2022.04.08-09.54.57:352][250]LogModuleManager: Shutting down and abandoning module AssetManagerEditor (226)
[2022.04.08-09.54.57:352][250]LogModuleManager: Shutting down and abandoning module GraphEditor (225)
[2022.04.08-09.54.57:352][250]LogModuleManager: Shutting down and abandoning module ContentBrowser (223)
[2022.04.08-09.54.57:353][250]LogModuleManager: Shutting down and abandoning module LightPropagationVolumeRuntime (220)
[2022.04.08-09.54.57:353][250]LogModuleManager: Shutting down and abandoning module Paper2D (218)
[2022.04.08-09.54.57:353][250]LogModuleManager: Shutting down and abandoning module WindowsMoviePlayer (216)
[2022.04.08-09.54.57:353][250]LogModuleManager: Shutting down and abandoning module WmfMedia (214)
[2022.04.08-09.54.57:354][250]LogModuleManager: Shutting down and abandoning module ClothingSystemEditor (212)
[2022.04.08-09.54.57:354][250]LogModuleManager: Shutting down and abandoning module ClothingSystemRuntime (210)
[2022.04.08-09.54.57:354][250]LogModuleManager: Shutting down and abandoning module MediaAssets (208)
[2022.04.08-09.54.57:354][250]LogModuleManager: Shutting down and abandoning module GameLiveStreaming (206)
[2022.04.08-09.54.57:354][250]LogModuleManager: Shutting down and abandoning module VREditor (204)
[2022.04.08-09.54.57:354][250]LogModuleManager: Shutting down and abandoning module StringTableEditor (202)
[2022.04.08-09.54.57:354][250]LogModuleManager: Shutting down and abandoning module GameplayTasksEditor (200)
[2022.04.08-09.54.57:354][250]LogModuleManager: Shutting down and abandoning module BehaviorTreeEditor (198)
[2022.04.08-09.54.57:354][250]LogModuleManager: Shutting down and abandoning module FunctionalTesting (196)
[2022.04.08-09.54.57:354][250]LogModuleManager: Shutting down and abandoning module CollisionAnalyzer (194)
[2022.04.08-09.54.57:354][250]LogModuleManager: Shutting down and abandoning module UMG (192)
[2022.04.08-09.54.57:354][250]LogModuleManager: Shutting down and abandoning module UMGEditor (191)
[2022.04.08-09.54.57:354][250]LogModuleManager: Shutting down and abandoning module Sequencer (190)
[2022.04.08-09.54.57:354][250]LogModuleManager: Shutting down and abandoning module AssetTools (188)
[2022.04.08-09.54.57:354][250]LogModuleManager: Shutting down and abandoning module MessageLog (187)
[2022.04.08-09.54.57:354][250]LogModuleManager: Shutting down and abandoning module WorkspaceMenuStructure (186)
[2022.04.08-09.54.57:354][250]LogModuleManager: Shutting down and abandoning module SlateReflector (180)
[2022.04.08-09.54.57:354][250]LogModuleManager: Shutting down and abandoning module Slate (178)
[2022.04.08-09.54.57:354][250]LogModuleManager: Shutting down and abandoning module EditorStyle (176)
[2022.04.08-09.54.57:355][250]LogModuleManager: Shutting down and abandoning module SourceCodeAccess (174)
[2022.04.08-09.54.57:355][250]LogModuleManager: Shutting down and abandoning module HeadMountedDisplay (172)
[2022.04.08-09.54.57:355][250]LogModuleManager: Shutting down and abandoning module XAudio2 (170)
[2022.04.08-09.54.57:355][250]LogModuleManager: Shutting down and abandoning module Networking (168)
[2022.04.08-09.54.57:355][250]LogModuleManager: Shutting down and abandoning module Core (164)
[2022.04.08-09.54.57:355][250]LogModuleManager: Shutting down and abandoning module AssetRegistry (162)
[2022.04.08-09.54.57:466][250]LogDirectoryWatcher: A directory notification for '../../../Engine/Content/' was aborted.
[2022.04.08-09.54.57:466][250]LogDirectoryWatcher: A directory notification for '../../../../../Unreal Projects/IGME797_FinalProject/Content/' was aborted.
[2022.04.08-09.54.57:466][250]LogDirectoryWatcher: A directory notification for '../../../Engine/Plugins/2D/Paper2D/Content/' was aborted.
[2022.04.08-09.54.57:466][250]LogDirectoryWatcher: A directory notification for '../../../Engine/Plugins/Runtime/GearVR/Content/' was aborted.
[2022.04.08-09.54.57:469][250]LogModuleManager: Shutting down and abandoning module DirectoryWatcher (161)
[2022.04.08-09.54.57:470][250]LogModuleManager: Shutting down and abandoning module KismetCompiler (158)
[2022.04.08-09.54.57:470][250]LogModuleManager: Shutting down and abandoning module LevelSequence (156)
[2022.04.08-09.54.57:470][250]LogModuleManager: Shutting down and abandoning module PhysXFormats (154)
[2022.04.08-09.54.57:470][250]LogModuleManager: Shutting down and abandoning module MeshUtilities (152)
[2022.04.08-09.54.57:470][250]LogModuleManager: Shutting down and abandoning module SimplygonSwarm (151)
[2022.04.08-09.54.57:470][250]LogModuleManager: Shutting down and abandoning module SimplygonMeshReduction (149)
[2022.04.08-09.54.57:470][250]LogModuleManager: Shutting down and abandoning module QuadricMeshReduction (147)
[2022.04.08-09.54.57:470][250]LogModuleManager: Shutting down and abandoning module DerivedDataCache (144)
[2022.04.08-09.54.57:511][250]LogDerivedDataCache: Shutdown
[2022.04.08-09.54.57:512][250]LogModuleManager: Shutting down and abandoning module TargetPlatform (142)
[2022.04.08-09.54.57:512][250]LogModuleManager: Shutting down and abandoning module VulkanShaderFormat (141)
[2022.04.08-09.54.57:512][250]LogModuleManager: Shutting down and abandoning module ShaderFormatVectorVM (139)
[2022.04.08-09.54.57:512][250]LogModuleManager: Shutting down and abandoning module ShaderFormatOpenGL (137)
[2022.04.08-09.54.57:512][250]LogModuleManager: Shutting down and abandoning module ShaderFormatD3D (135)
[2022.04.08-09.54.57:512][250]LogModuleManager: Shutting down and abandoning module MetalShaderFormat (133)
[2022.04.08-09.54.57:512][250]LogModuleManager: Shutting down and abandoning module TextureFormatUncompressed (131)
[2022.04.08-09.54.57:512][250]LogModuleManager: Shutting down and abandoning module TextureFormatPVR (129)
[2022.04.08-09.54.57:512][250]LogModuleManager: Shutting down and abandoning module TextureFormatDXT (127)
[2022.04.08-09.54.57:512][250]LogModuleManager: Shutting down and abandoning module TextureFormatIntelISPCTexComp (125)
[2022.04.08-09.54.57:512][250]LogModuleManager: Shutting down and abandoning module TextureFormatASTC (123)
[2022.04.08-09.54.57:512][250]LogModuleManager: Shutting down and abandoning module ImageWrapper (122)
[2022.04.08-09.54.57:512][250]LogModuleManager: Shutting down and abandoning module TextureFormatAndroid (119)
[2022.04.08-09.54.57:512][250]LogModuleManager: Shutting down and abandoning module AudioFormatOpus (117)
[2022.04.08-09.54.57:512][250]LogModuleManager: Shutting down and abandoning module AudioFormatOgg (115)
[2022.04.08-09.54.57:512][250]LogModuleManager: Shutting down and abandoning module AudioFormatADPCM (113)
[2022.04.08-09.54.57:512][250]LogModuleManager: Shutting down and abandoning module LinuxTargetPlatform (111)
[2022.04.08-09.54.57:512][250]LogModuleManager: Shutting down and abandoning module LinuxServerTargetPlatform (109)
[2022.04.08-09.54.57:512][250]LogModuleManager: Shutting down and abandoning module LinuxNoEditorTargetPlatform (107)
[2022.04.08-09.54.57:512][250]LogModuleManager: Shutting down and abandoning module LinuxClientTargetPlatform (105)
[2022.04.08-09.54.57:512][250]LogModuleManager: Shutting down and abandoning module TVOSTargetPlatform (103)
[2022.04.08-09.54.57:512][250]LogModuleManager: Shutting down and abandoning module Messaging (101)
[2022.04.08-09.54.57:512][250]LogModuleManager: Shutting down and abandoning module IOSTargetPlatform (99)
[2022.04.08-09.54.57:512][250]LogModuleManager: Shutting down and abandoning module HTML5TargetPlatform (97)
[2022.04.08-09.54.57:512][250]LogModuleManager: Shutting down and abandoning module Android_PVRTCTargetPlatform (95)
[2022.04.08-09.54.57:512][250]LogModuleManager: Shutting down and abandoning module Android_MultiTargetPlatform (93)
[2022.04.08-09.54.57:512][250]LogModuleManager: Shutting down and abandoning module Android_ETC2TargetPlatform (91)
[2022.04.08-09.54.57:512][250]LogModuleManager: Shutting down and abandoning module Android_ETC1TargetPlatform (89)
[2022.04.08-09.54.57:512][250]LogModuleManager: Shutting down and abandoning module Android_DXTTargetPlatform (87)
[2022.04.08-09.54.57:512][250]LogModuleManager: Shutting down and abandoning module Android_ATCTargetPlatform (85)
[2022.04.08-09.54.57:512][250]LogModuleManager: Shutting down and abandoning module Android_ASTCTargetPlatform (83)
[2022.04.08-09.54.57:512][250]LogModuleManager: Shutting down and abandoning module AndroidTargetPlatform (81)
[2022.04.08-09.54.57:512][250]LogModuleManager: Shutting down and abandoning module WindowsTargetPlatform (79)
[2022.04.08-09.54.57:512][250]LogModuleManager: Shutting down and abandoning module WindowsServerTargetPlatform (77)
[2022.04.08-09.54.57:512][250]LogModuleManager: Shutting down and abandoning module WindowsNoEditorTargetPlatform (75)
[2022.04.08-09.54.57:512][250]LogModuleManager: Shutting down and abandoning module WindowsClientTargetPlatform (73)
[2022.04.08-09.54.57:512][250]LogModuleManager: Shutting down and abandoning module MacTargetPlatform (71)
[2022.04.08-09.54.57:512][250]LogModuleManager: Shutting down and abandoning module MacServerTargetPlatform (69)
[2022.04.08-09.54.57:512][250]LogModuleManager: Shutting down and abandoning module MacNoEditorTargetPlatform (67)
[2022.04.08-09.54.57:512][250]LogModuleManager: Shutting down and abandoning module MacClientTargetPlatform (65)
[2022.04.08-09.54.57:512][250]LogModuleManager: Shutting down and abandoning module AllDesktopTargetPlatform (63)
[2022.04.08-09.54.57:512][250]LogModuleManager: Shutting down and abandoning module InputCore (60)
[2022.04.08-09.54.57:512][250]LogModuleManager: Shutting down and abandoning module Settings (58)
[2022.04.08-09.54.57:512][250]LogModuleManager: Shutting down and abandoning module OculusRift (56)
[2022.04.08-09.54.57:512][250]LogModuleManager: Shutting down and abandoning module GearVRController (54)
[2022.04.08-09.54.57:512][250]LogModuleManager: Shutting down and abandoning module GearVR (52)
[2022.04.08-09.54.57:512][250]LogModuleManager: Shutting down and abandoning module ExampleDeviceProfileSelector (50)
[2022.04.08-09.54.57:512][250]LogModuleManager: Shutting down and abandoning module OnlineBlueprintSupport (48)
[2022.04.08-09.54.57:512][250]LogModuleManager: Shutting down and abandoning module OnlineSubsystem (44)
[2022.04.08-09.54.57:512][250]LogOnline:Display: Unloading online subsystem: NULL
[2022.04.08-09.54.57:512][250]LogModuleManager: Shutting down and abandoning module XMPP (43)
[2022.04.08-09.54.57:512][250]LogModuleManager: Shutting down and abandoning module HTTP (41)
[2022.04.08-09.54.57:512][250]LogHttp:Display: Http module shutting down, but needs to wait on 1 outstanding Http requests:
[2022.04.08-09.54.57:512][250]LogHttp:Display: 	verb=[POST] url=[https://datarouter.ol.epicgames.com/datarouter/api/v1/public/data?SessionID=%7BF411A28C-419E-C034-D3B9-9EB161B743B8%7D&AppID=UEEditor.Rocket.Release&AppVersion=4.16.3-3561208%2B%2B%2BUE4%2BRelease-4.16&UserID=c1228cdf4d46b2c3c546da9094bb0f5f%7C8d1249eee685424d842006849f43f2e4%7C89d7f4f1-cd47-4703-8aa3-c55528f67fcb&AppEnvironment=datacollector-binary&UploadType=eteventstream] status=Processing
[2022.04.08-09.54.57:528][250]LogModuleManager: Shutting down and abandoning module SSL (40)
[2022.04.08-09.54.57:529][250]LogModuleManager: Shutting down and abandoning module HTTPChunkInstaller (36)
[2022.04.08-09.54.57:529][250]LogModuleManager: Shutting down and abandoning module AnimationModifiers (34)
[2022.04.08-09.54.57:529][250]LogModuleManager: Shutting down and abandoning module PropertyEditor (33)
[2022.04.08-09.54.57:529][250]LogModuleManager: Shutting down and abandoning module AudioEditor (30)
[2022.04.08-09.54.57:529][250]LogModuleManager: Shutting down and abandoning module TextureCompressor (28)
[2022.04.08-09.54.57:529][250]LogModuleManager: Shutting down and abandoning module ShaderCore (26)
[2022.04.08-09.54.57:529][250]LogModuleManager: Shutting down and abandoning module Landscape (24)
[2022.04.08-09.54.57:529][250]LogModuleManager: Shutting down and abandoning module SlateRHIRenderer (22)
[2022.04.08-09.54.57:530][250]LogModuleManager: Shutting down and abandoning module OpenGLDrv (20)
[2022.04.08-09.54.57:530][250]LogModuleManager: Shutting down and abandoning module D3D11RHI (18)
[2022.04.08-09.54.57:530][250]LogModuleManager: Shutting down and abandoning module AnimGraphRuntime (16)
[2022.04.08-09.54.57:530][250]LogModuleManager: Shutting down and abandoning module Renderer (14)
[2022.04.08-09.54.57:530][250]LogModuleManager: Shutting down and abandoning module Engine (12)
[2022.04.08-09.54.57:530][250]LogModuleManager: Shutting down and abandoning module CoreUObject (10)
[2022.04.08-09.54.57:530][250]LogModuleManager: Shutting down and abandoning module NetworkFile (8)
[2022.04.08-09.54.57:530][250]LogModuleManager: Shutting down and abandoning module StreamingFile (6)
[2022.04.08-09.54.57:530][250]LogModuleManager: Shutting down and abandoning module SandboxFile (4)
[2022.04.08-09.54.57:530][250]LogModuleManager: Shutting down and abandoning module PakFile (2)
[2022.04.08-09.54.57:533][250]LogExit: Exiting.
[2022.04.08-09.54.57:539][250]Log file closed, 04/08/22 05:54:57
